----------------------------------------------------------------------------------------------------
 Motion Reconstruction for model: Pendulum, motion: Pend_simple03
----------------------------------------------------------------------------------------------------
  Reading the motion file:Pend_simple03.mat...
  No filtering applied to marker trajectories.
  No interpolation applied to gaps in marker trajectories
   There are not any missing marker in the motion file

  -------------------------------------------------------------------------
   Inverse Kinematic Motion Reconstruction (DHIK) 
  -------------------------------------------------------------------------
   Solving problem with Optimal Tracking Method. Problem sizes:
    15 generalized coordinates
    9 driven generalized coordinates
    15 kinematic constraints in Phi(q)
    Phiq has size (15 x 15)
    Phiq'*Phiq has size (15 x 15)
    The complete matrix of the problem has size (30 x 30)

    Step Nº = 1/371 - SAFE MODE
      Iter Nº = 1,  NormPhi = 2.416e-02,  objfun = 6.546e-05,  normDeltaq = 1.545e-01,  beta = 0.9,  rank(C) = 29
      Iter Nº = 2,  NormPhi = 3.041e-04,  objfun = 7.656e-05,  normDeltaq = 1.750e-02,  beta = 1,  rank(C) = 29
      Iter Nº = 3,  NormPhi = 2.393e-08,  objfun = 7.652e-05,  normDeltaq = 1.553e-04,  beta = 1,  rank(C) = 29
    Step Nº = 2/371 - SPEED MODE
      Iter Nº = 1,  NormPhi = 2.144e-08,  objfun = 7.624e-05,  normDeltaq = 2.447e-04,  beta = 0.2,  rank(C) = 29
    Step Nº = 3/371 - SPEED MODE
      Iter Nº = 1,  NormPhi = 2.286e-08,  objfun = 7.582e-05,  normDeltaq = 4.520e-04,  beta = 0.05,  rank(C) = 29
    Step Nº = 4/371 - SPEED MODE
      Iter Nº = 1,  NormPhi = 3.330e-08,  objfun = 7.550e-05,  normDeltaq = 6.136e-04,  beta = 0.05,  rank(C) = 29
    Step Nº = 5/371 - SPEED MODE
      Iter Nº = 1,  NormPhi = 6.293e-08,  objfun = 7.494e-05,  normDeltaq = 9.811e-04,  beta = 0.05,  rank(C) = 29
    Step Nº = 6/371 - SPEED MODE
      Iter Nº = 1,  NormPhi = 1.331e-07,  objfun = 7.454e-05,  normDeltaq = 1.191e-03,  beta = 0.05,  rank(C) = 29
    Step Nº = 7/371 - SPEED MODE
      Iter Nº = 1,  NormPhi = 2.808e-07,  objfun = 7.390e-05,  normDeltaq = 1.681e-03,  beta = 0.05,  rank(C) = 29
    Step Nº = 8/371 - SPEED MODE
      Iter Nº = 1,  NormPhi = 5.724e-07,  objfun = 7.343e-05,  normDeltaq = 1.949e-03,  beta = 0.1,  rank(C) = 29
    Step Nº = 9/371 - SPEED MODE
      Iter Nº = 1,  NormPhi = 1.252e-06,  objfun = 7.269e-05,  normDeltaq = 2.493e-03,  beta = 0.1,  rank(C) = 29
      Iter Nº = 2,  NormPhi = 1.172e-06,  objfun = 7.267e-05,  normDeltaq = 2.243e-03,  beta = 0.15,  rank(C) = 29
      Iter Nº = 3,  NormPhi = 1.075e-06,  objfun = 7.266e-05,  normDeltaq = 1.907e-03,  beta = 0.15,  rank(C) = 29
      Iter Nº = 4,  NormPhi = 9.609e-07,  objfun = 7.264e-05,  normDeltaq = 1.621e-03,  beta = 0.2,  rank(C) = 29
    Step Nº = 10/371 - SPEED MODE
      Iter Nº = 1,  NormPhi = 1.689e-06,  objfun = 7.178e-05,  normDeltaq = 1.327e-03,  beta = 1,  rank(C) = 29
      Iter Nº = 2,  NormPhi = 1.110e-12,  objfun = 7.178e-05,  normDeltaq = 1.075e-06,  beta = 1,  rank(C) = 29
    Step Nº = 11/371 - SPEED MODE
      Iter Nº = 1,  NormPhi = 2.625e-06,  objfun = 7.120e-05,  normDeltaq = 1.654e-03,  beta = 1,  rank(C) = 29
      Iter Nº = 2,  NormPhi = 2.742e-12,  objfun = 7.120e-05,  normDeltaq = 1.690e-06,  beta = 1,  rank(C) = 29
    Step Nº = 12/371 - SPEED MODE
      Iter Nº = 1,  NormPhi = 9.347e-07,  objfun = 7.039e-05,  normDeltaq = 9.870e-04,  beta = 1,  rank(C) = 29
    Step Nº = 13/371 - SPEED MODE
      Iter Nº = 1,  NormPhi = 3.278e-07,  objfun = 6.990e-05,  normDeltaq = 5.845e-04,  beta = 1,  rank(C) = 29
    Step Nº = 14/371 - SPEED MODE
      Iter Nº = 1,  NormPhi = 1.900e-06,  objfun = 6.917e-05,  normDeltaq = 1.407e-03,  beta = 1,  rank(C) = 29
      Iter Nº = 2,  NormPhi = 3.529e-12,  objfun = 6.917e-05,  normDeltaq = 1.918e-06,  beta = 1,  rank(C) = 29
    Step Nº = 15/371 - SPEED MODE
      Iter Nº = 1,  NormPhi = 4.011e-07,  objfun = 6.868e-05,  normDeltaq = 6.465e-04,  beta = 1,  rank(C) = 29
    Step Nº = 16/371 - SPEED MODE
      Iter Nº = 1,  NormPhi = 3.177e-06,  objfun = 6.797e-05,  normDeltaq = 1.820e-03,  beta = 1,  rank(C) = 29
      Iter Nº = 2,  NormPhi = 9.464e-12,  objfun = 6.797e-05,  normDeltaq = 3.141e-06,  beta = 1,  rank(C) = 29
    Step Nº = 17/371 - SPEED MODE
      Iter Nº = 1,  NormPhi = 1.273e-06,  objfun = 6.759e-05,  normDeltaq = 1.152e-03,  beta = 1,  rank(C) = 29
      Iter Nº = 2,  NormPhi = 3.759e-12,  objfun = 6.759e-05,  normDeltaq = 1.979e-06,  beta = 1,  rank(C) = 29
    Step Nº = 18/371 - SPEED MODE
      Iter Nº = 1,  NormPhi = 3.113e-06,  objfun = 6.714e-05,  normDeltaq = 1.801e-03,  beta = 1,  rank(C) = 29
      Iter Nº = 2,  NormPhi = 1.355e-11,  objfun = 6.714e-05,  normDeltaq = 3.758e-06,  beta = 1,  rank(C) = 29
    Step Nº = 19/371 - SPEED MODE
      Iter Nº = 1,  NormPhi = 8.031e-08,  objfun = 6.676e-05,  normDeltaq = 2.893e-04,  beta = 1,  rank(C) = 29
    Step Nº = 20/371 - SPEED MODE
      Iter Nº = 1,  NormPhi = 2.464e-06,  objfun = 6.651e-05,  normDeltaq = 1.603e-03,  beta = 1,  rank(C) = 29
      Iter Nº = 2,  NormPhi = 1.617e-11,  objfun = 6.651e-05,  normDeltaq = 4.106e-06,  beta = 1,  rank(C) = 29
    Step Nº = 21/371 - SPEED MODE
      Iter Nº = 1,  NormPhi = 4.260e-06,  objfun = 6.603e-05,  normDeltaq = 2.107e-03,  beta = 1,  rank(C) = 29
      Iter Nº = 2,  NormPhi = 3.760e-11,  objfun = 6.603e-05,  normDeltaq = 6.260e-06,  beta = 1,  rank(C) = 29
    Step Nº = 22/371 - SPEED MODE
      Iter Nº = 1,  NormPhi = 3.359e-06,  objfun = 6.560e-05,  normDeltaq = 1.871e-03,  beta = 1,  rank(C) = 29
      Iter Nº = 2,  NormPhi = 3.353e-11,  objfun = 6.560e-05,  normDeltaq = 5.911e-06,  beta = 1,  rank(C) = 29
    Step Nº = 23/371 - SPEED MODE
      Iter Nº = 1,  NormPhi = 3.840e-06,  objfun = 6.477e-05,  normDeltaq = 2.001e-03,  beta = 1,  rank(C) = 29
      Iter Nº = 2,  NormPhi = 4.922e-11,  objfun = 6.477e-05,  normDeltaq = 7.162e-06,  beta = 1,  rank(C) = 29
    Step Nº = 24/371 - SPEED MODE
      Iter Nº = 1,  NormPhi = 3.344e-06,  objfun = 6.412e-05,  normDeltaq = 1.867e-03,  beta = 1,  rank(C) = 29
      Iter Nº = 2,  NormPhi = 5.077e-11,  objfun = 6.412e-05,  normDeltaq = 7.274e-06,  beta = 1,  rank(C) = 29
    Step Nº = 25/371 - SPEED MODE
      Iter Nº = 1,  NormPhi = 5.577e-06,  objfun = 6.296e-05,  normDeltaq = 2.411e-03,  beta = 1,  rank(C) = 29
      Iter Nº = 2,  NormPhi = 1.148e-10,  objfun = 6.296e-05,  normDeltaq = 1.094e-05,  beta = 1,  rank(C) = 29
    Step Nº = 26/371 - SPEED MODE
      Iter Nº = 1,  NormPhi = 2.901e-06,  objfun = 6.199e-05,  normDeltaq = 1.739e-03,  beta = 1,  rank(C) = 29
      Iter Nº = 2,  NormPhi = 6.939e-11,  objfun = 6.199e-05,  normDeltaq = 8.504e-06,  beta = 1,  rank(C) = 29
    Step Nº = 27/371 - SPEED MODE
      Iter Nº = 1,  NormPhi = 8.434e-06,  objfun = 6.027e-05,  normDeltaq = 2.965e-03,  beta = 1,  rank(C) = 29
      Iter Nº = 2,  NormPhi = 2.725e-10,  objfun = 6.027e-05,  normDeltaq = 1.685e-05,  beta = 1,  rank(C) = 29
    Step Nº = 28/371 - SPEED MODE
      Iter Nº = 1,  NormPhi = 7.967e-07,  objfun = 5.807e-05,  normDeltaq = 9.112e-04,  beta = 1,  rank(C) = 29
    Step Nº = 29/371 - SPEED MODE
      Iter Nº = 1,  NormPhi = 6.242e-06,  objfun = 5.648e-05,  normDeltaq = 2.551e-03,  beta = 1,  rank(C) = 29
      Iter Nº = 2,  NormPhi = 2.950e-10,  objfun = 5.648e-05,  normDeltaq = 1.753e-05,  beta = 1,  rank(C) = 29
    Step Nº = 30/371 - SPEED MODE
      Iter Nº = 1,  NormPhi = 1.417e-05,  objfun = 5.416e-05,  normDeltaq = 3.843e-03,  beta = 1,  rank(C) = 29
      Iter Nº = 2,  NormPhi = 8.517e-10,  objfun = 5.416e-05,  normDeltaq = 2.979e-05,  beta = 1,  rank(C) = 29
    Step Nº = 31/371 - SPEED MODE
      Iter Nº = 1,  NormPhi = 6.066e-06,  objfun = 5.285e-05,  normDeltaq = 2.514e-03,  beta = 1,  rank(C) = 29
      Iter Nº = 2,  NormPhi = 3.830e-10,  objfun = 5.285e-05,  normDeltaq = 1.998e-05,  beta = 1,  rank(C) = 29
    Step Nº = 32/371 - SPEED MODE
      Iter Nº = 1,  NormPhi = 2.359e-05,  objfun = 5.131e-05,  normDeltaq = 4.958e-03,  beta = 1,  rank(C) = 29
      Iter Nº = 2,  NormPhi = 1.701e-09,  objfun = 5.131e-05,  normDeltaq = 4.210e-05,  beta = 1,  rank(C) = 29
    Step Nº = 33/371 - SPEED MODE
      Iter Nº = 1,  NormPhi = 1.201e-05,  objfun = 5.045e-05,  normDeltaq = 3.538e-03,  beta = 1,  rank(C) = 29
      Iter Nº = 2,  NormPhi = 8.735e-10,  objfun = 5.045e-05,  normDeltaq = 3.017e-05,  beta = 1,  rank(C) = 29
    Step Nº = 34/371 - SPEED MODE
      Iter Nº = 1,  NormPhi = 2.340e-05,  objfun = 4.936e-05,  normDeltaq = 4.938e-03,  beta = 1,  rank(C) = 29
      Iter Nº = 2,  NormPhi = 1.934e-09,  objfun = 4.936e-05,  normDeltaq = 4.489e-05,  beta = 1,  rank(C) = 29
    Step Nº = 35/371 - SPEED MODE
      Iter Nº = 1,  NormPhi = 6.526e-07,  objfun = 4.869e-05,  normDeltaq = 8.247e-04,  beta = 1,  rank(C) = 29
    Step Nº = 36/371 - SPEED MODE
      Iter Nº = 1,  NormPhi = 1.965e-05,  objfun = 4.848e-05,  normDeltaq = 4.526e-03,  beta = 1,  rank(C) = 29
      Iter Nº = 2,  NormPhi = 1.830e-09,  objfun = 4.848e-05,  normDeltaq = 4.367e-05,  beta = 1,  rank(C) = 29
    Step Nº = 37/371 - SPEED MODE
      Iter Nº = 1,  NormPhi = 3.158e-05,  objfun = 4.843e-05,  normDeltaq = 5.737e-03,  beta = 1,  rank(C) = 29
      Iter Nº = 2,  NormPhi = 3.259e-09,  objfun = 4.844e-05,  normDeltaq = 5.828e-05,  beta = 1,  rank(C) = 29
    Step Nº = 38/371 - SPEED MODE
      Iter Nº = 1,  NormPhi = 2.330e-05,  objfun = 4.855e-05,  normDeltaq = 4.928e-03,  beta = 1,  rank(C) = 29
      Iter Nº = 2,  NormPhi = 2.491e-09,  objfun = 4.855e-05,  normDeltaq = 5.096e-05,  beta = 1,  rank(C) = 29
    Step Nº = 39/371 - SPEED MODE
      Iter Nº = 1,  NormPhi = 3.379e-05,  objfun = 4.888e-05,  normDeltaq = 5.935e-03,  beta = 1,  rank(C) = 29
      Iter Nº = 2,  NormPhi = 4.087e-09,  objfun = 4.888e-05,  normDeltaq = 6.526e-05,  beta = 1,  rank(C) = 29
    Step Nº = 40/371 - SPEED MODE
      Iter Nº = 1,  NormPhi = 2.763e-05,  objfun = 4.922e-05,  normDeltaq = 5.366e-03,  beta = 1,  rank(C) = 29
      Iter Nº = 2,  NormPhi = 3.558e-09,  objfun = 4.922e-05,  normDeltaq = 6.089e-05,  beta = 1,  rank(C) = 29
    Step Nº = 41/371 - SPEED MODE
      Iter Nº = 1,  NormPhi = 3.440e-05,  objfun = 4.990e-05,  normDeltaq = 5.988e-03,  beta = 1,  rank(C) = 29
      Iter Nº = 2,  NormPhi = 5.155e-09,  objfun = 4.990e-05,  normDeltaq = 7.330e-05,  beta = 1,  rank(C) = 29
    Step Nº = 42/371 - SPEED MODE
      Iter Nº = 1,  NormPhi = 3.111e-05,  objfun = 5.036e-05,  normDeltaq = 5.694e-03,  beta = 1,  rank(C) = 29
      Iter Nº = 2,  NormPhi = 5.152e-09,  objfun = 5.037e-05,  normDeltaq = 7.328e-05,  beta = 1,  rank(C) = 29
    Step Nº = 43/371 - SPEED MODE
      Iter Nº = 1,  NormPhi = 3.354e-05,  objfun = 5.110e-05,  normDeltaq = 5.912e-03,  beta = 1,  rank(C) = 29
      Iter Nº = 2,  NormPhi = 6.560e-09,  objfun = 5.111e-05,  normDeltaq = 8.268e-05,  beta = 1,  rank(C) = 29
    Step Nº = 44/371 - SPEED MODE
      Iter Nº = 1,  NormPhi = 1.246e-07,  objfun = 5.198e-05,  normDeltaq = 3.604e-04,  beta = 1,  rank(C) = 29
    Step Nº = 45/371 - SPEED MODE
      Iter Nº = 1,  NormPhi = 3.492e-05,  objfun = 5.263e-05,  normDeltaq = 6.033e-03,  beta = 1,  rank(C) = 29
      Iter Nº = 2,  NormPhi = 8.369e-09,  objfun = 5.264e-05,  normDeltaq = 9.339e-05,  beta = 1,  rank(C) = 29
    Step Nº = 46/371 - SPEED MODE
      Iter Nº = 1,  NormPhi = 2.563e-05,  objfun = 5.346e-05,  normDeltaq = 5.168e-03,  beta = 1,  rank(C) = 29
      Iter Nº = 2,  NormPhi = 6.621e-09,  objfun = 5.346e-05,  normDeltaq = 8.306e-05,  beta = 1,  rank(C) = 29
    Step Nº = 47/371 - SPEED MODE
      Iter Nº = 1,  NormPhi = 3.441e-05,  objfun = 5.389e-05,  normDeltaq = 5.988e-03,  beta = 1,  rank(C) = 29
      Iter Nº = 2,  NormPhi = 9.380e-09,  objfun = 5.390e-05,  normDeltaq = 9.887e-05,  beta = 1,  rank(C) = 29
    Step Nº = 48/371 - SPEED MODE
      Iter Nº = 1,  NormPhi = 1.899e-05,  objfun = 5.432e-05,  normDeltaq = 4.448e-03,  beta = 1,  rank(C) = 29
      Iter Nº = 2,  NormPhi = 5.484e-09,  objfun = 5.433e-05,  normDeltaq = 7.560e-05,  beta = 1,  rank(C) = 29
    Step Nº = 49/371 - SPEED MODE
      Iter Nº = 1,  NormPhi = 3.226e-05,  objfun = 5.434e-05,  normDeltaq = 5.798e-03,  beta = 1,  rank(C) = 29
      Iter Nº = 2,  NormPhi = 9.779e-09,  objfun = 5.435e-05,  normDeltaq = 1.010e-04,  beta = 1,  rank(C) = 29
    Step Nº = 50/371 - SPEED MODE
      Iter Nº = 1,  NormPhi = 1.130e-05,  objfun = 5.392e-05,  normDeltaq = 3.431e-03,  beta = 1,  rank(C) = 29
      Iter Nº = 2,  NormPhi = 3.526e-09,  objfun = 5.392e-05,  normDeltaq = 6.062e-05,  beta = 1,  rank(C) = 29
    Step Nº = 51/371 - SPEED MODE
      Iter Nº = 1,  NormPhi = 2.906e-05,  objfun = 5.332e-05,  normDeltaq = 5.503e-03,  beta = 1,  rank(C) = 29
      Iter Nº = 2,  NormPhi = 9.313e-09,  objfun = 5.332e-05,  normDeltaq = 9.852e-05,  beta = 1,  rank(C) = 29
    Step Nº = 52/371 - SPEED MODE
      Iter Nº = 1,  NormPhi = 2.710e-06,  objfun = 5.222e-05,  normDeltaq = 1.680e-03,  beta = 1,  rank(C) = 29
      Iter Nº = 2,  NormPhi = 8.575e-10,  objfun = 5.222e-05,  normDeltaq = 2.989e-05,  beta = 1,  rank(C) = 29
    Step Nº = 53/371 - SPEED MODE
      Iter Nº = 1,  NormPhi = 1.147e-05,  objfun = 5.075e-05,  normDeltaq = 3.457e-03,  beta = 1,  rank(C) = 29
      Iter Nº = 2,  NormPhi = 3.633e-09,  objfun = 5.075e-05,  normDeltaq = 6.153e-05,  beta = 1,  rank(C) = 29
    Step Nº = 54/371 - SPEED MODE
      Iter Nº = 1,  NormPhi = 1.141e-05,  objfun = 4.972e-05,  normDeltaq = 3.448e-03,  beta = 1,  rank(C) = 29
      Iter Nº = 2,  NormPhi = 3.593e-09,  objfun = 4.972e-05,  normDeltaq = 6.119e-05,  beta = 1,  rank(C) = 29
    Step Nº = 55/371 - SPEED MODE
      Iter Nº = 1,  NormPhi = 1.701e-06,  objfun = 4.825e-05,  normDeltaq = 1.331e-03,  beta = 1,  rank(C) = 29
      Iter Nº = 2,  NormPhi = 5.257e-10,  objfun = 4.825e-05,  normDeltaq = 2.341e-05,  beta = 1,  rank(C) = 29
    Step Nº = 56/371 - SPEED MODE
      Iter Nº = 1,  NormPhi = 8.564e-07,  objfun = 4.749e-05,  normDeltaq = 1.373e-03,  beta = 0.25,  rank(C) = 29
    Step Nº = 57/371 - SPEED MODE
      Iter Nº = 1,  NormPhi = 1.915e-06,  objfun = 4.699e-05,  normDeltaq = 3.667e-03,  beta = 0.1,  rank(C) = 29
      Iter Nº = 2,  NormPhi = 1.827e-06,  objfun = 4.696e-05,  normDeltaq = 3.294e-03,  beta = 0.1,  rank(C) = 29
      Iter Nº = 3,  NormPhi = 1.729e-06,  objfun = 4.693e-05,  normDeltaq = 2.958e-03,  beta = 0.1,  rank(C) = 29
      Iter Nº = 4,  NormPhi = 1.622e-06,  objfun = 4.691e-05,  normDeltaq = 2.657e-03,  beta = 0.15,  rank(C) = 29
      Iter Nº = 5,  NormPhi = 1.488e-06,  objfun = 4.689e-05,  normDeltaq = 2.252e-03,  beta = 0.15,  rank(C) = 29
      Iter Nº = 6,  NormPhi = 1.330e-06,  objfun = 4.687e-05,  normDeltaq = 1.908e-03,  beta = 0.2,  rank(C) = 29
      Iter Nº = 7,  NormPhi = 1.131e-06,  objfun = 4.685e-05,  normDeltaq = 1.520e-03,  beta = 0.3,  rank(C) = 29
      Iter Nº = 8,  NormPhi = 8.324e-07,  objfun = 4.684e-05,  normDeltaq = 1.056e-03,  beta = 0.55,  rank(C) = 29
    Step Nº = 58/371 - SPEED MODE
      Iter Nº = 1,  NormPhi = 5.390e-09,  objfun = 4.682e-05,  normDeltaq = 7.495e-05,  beta = 1,  rank(C) = 29
    Step Nº = 59/371 - SPEED MODE
      Iter Nº = 1,  NormPhi = 3.821e-06,  objfun = 4.741e-05,  normDeltaq = 1.996e-03,  beta = 1,  rank(C) = 29
      Iter Nº = 2,  NormPhi = 1.186e-09,  objfun = 4.741e-05,  normDeltaq = 3.515e-05,  beta = 1,  rank(C) = 29
    Step Nº = 60/371 - SPEED MODE
      Iter Nº = 1,  NormPhi = 3.525e-06,  objfun = 4.852e-05,  normDeltaq = 1.917e-03,  beta = 1,  rank(C) = 29
      Iter Nº = 2,  NormPhi = 1.087e-09,  objfun = 4.852e-05,  normDeltaq = 3.366e-05,  beta = 1,  rank(C) = 29
    Step Nº = 61/371 - SPEED MODE
      Iter Nº = 1,  NormPhi = 1.862e-06,  objfun = 4.945e-05,  normDeltaq = 1.393e-03,  beta = 1,  rank(C) = 29
      Iter Nº = 2,  NormPhi = 5.654e-10,  objfun = 4.945e-05,  normDeltaq = 2.427e-05,  beta = 1,  rank(C) = 29
    Step Nº = 62/371 - SPEED MODE
      Iter Nº = 1,  NormPhi = 2.032e-05,  objfun = 5.092e-05,  normDeltaq = 4.602e-03,  beta = 1,  rank(C) = 29
      Iter Nº = 2,  NormPhi = 6.005e-09,  objfun = 5.093e-05,  normDeltaq = 7.911e-05,  beta = 1,  rank(C) = 29
    Step Nº = 63/371 - SPEED MODE
      Iter Nº = 1,  NormPhi = 4.561e-06,  objfun = 5.201e-05,  normDeltaq = 2.180e-03,  beta = 1,  rank(C) = 29
      Iter Nº = 2,  NormPhi = 1.278e-09,  objfun = 5.201e-05,  normDeltaq = 3.649e-05,  beta = 1,  rank(C) = 29
    Step Nº = 64/371 - SPEED MODE
      Iter Nº = 1,  NormPhi = 3.495e-05,  objfun = 5.373e-05,  normDeltaq = 6.035e-03,  beta = 1,  rank(C) = 29
      Iter Nº = 2,  NormPhi = 9.297e-09,  objfun = 5.373e-05,  normDeltaq = 9.843e-05,  beta = 1,  rank(C) = 29
    Step Nº = 65/371 - SPEED MODE
      Iter Nº = 1,  NormPhi = 9.224e-06,  objfun = 5.492e-05,  normDeltaq = 3.100e-03,  beta = 1,  rank(C) = 29
      Iter Nº = 2,  NormPhi = 2.226e-09,  objfun = 5.493e-05,  normDeltaq = 4.816e-05,  beta = 1,  rank(C) = 29
    Step Nº = 66/371 - SPEED MODE
      Iter Nº = 1,  NormPhi = 5.536e-05,  objfun = 5.676e-05,  normDeltaq = 7.596e-03,  beta = 1,  rank(C) = 29
      Iter Nº = 2,  NormPhi = 1.225e-08,  objfun = 5.677e-05,  normDeltaq = 1.130e-04,  beta = 1,  rank(C) = 29
    Step Nº = 67/371 - SPEED MODE
      Iter Nº = 1,  NormPhi = 2.039e-05,  objfun = 5.801e-05,  normDeltaq = 4.610e-03,  beta = 1,  rank(C) = 29
      Iter Nº = 2,  NormPhi = 3.839e-09,  objfun = 5.802e-05,  normDeltaq = 6.325e-05,  beta = 1,  rank(C) = 29
    Step Nº = 68/371 - SPEED MODE
      Iter Nº = 1,  NormPhi = 6.598e-05,  objfun = 5.998e-05,  normDeltaq = 8.292e-03,  beta = 1,  rank(C) = 29
      Iter Nº = 2,  NormPhi = 1.093e-08,  objfun = 5.999e-05,  normDeltaq = 1.067e-04,  beta = 1,  rank(C) = 29
    Step Nº = 69/371 - SPEED MODE
      Iter Nº = 1,  NormPhi = 3.660e-06,  objfun = 6.212e-05,  normDeltaq = 1.953e-03,  beta = 1,  rank(C) = 29
      Iter Nº = 2,  NormPhi = 4.025e-10,  objfun = 6.212e-05,  normDeltaq = 2.048e-05,  beta = 1,  rank(C) = 29
    Step Nº = 70/371 - SPEED MODE
      Iter Nº = 1,  NormPhi = 5.006e-05,  objfun = 6.373e-05,  normDeltaq = 7.223e-03,  beta = 1,  rank(C) = 29
      Iter Nº = 2,  NormPhi = 5.313e-09,  objfun = 6.373e-05,  normDeltaq = 7.441e-05,  beta = 1,  rank(C) = 29
    Step Nº = 71/371 - SPEED MODE
      Iter Nº = 1,  NormPhi = 8.247e-05,  objfun = 6.644e-05,  normDeltaq = 9.271e-03,  beta = 1,  rank(C) = 29
      Iter Nº = 2,  NormPhi = 6.967e-09,  objfun = 6.645e-05,  normDeltaq = 8.521e-05,  beta = 1,  rank(C) = 29
    Step Nº = 72/371 - SPEED MODE
      Iter Nº = 1,  NormPhi = 6.450e-05,  objfun = 6.850e-05,  normDeltaq = 8.199e-03,  beta = 1,  rank(C) = 29
      Iter Nº = 2,  NormPhi = 4.025e-09,  objfun = 6.851e-05,  normDeltaq = 6.477e-05,  beta = 1,  rank(C) = 29
    Step Nº = 73/371 - SPEED MODE
      Iter Nº = 1,  NormPhi = 8.219e-05,  objfun = 7.208e-05,  normDeltaq = 9.255e-03,  beta = 1,  rank(C) = 29
      Iter Nº = 2,  NormPhi = 3.678e-09,  objfun = 7.208e-05,  normDeltaq = 6.191e-05,  beta = 1,  rank(C) = 29
    Step Nº = 74/371 - SPEED MODE
      Iter Nº = 1,  NormPhi = 6.886e-05,  objfun = 7.494e-05,  normDeltaq = 8.472e-03,  beta = 1,  rank(C) = 29
      Iter Nº = 2,  NormPhi = 2.072e-09,  objfun = 7.494e-05,  normDeltaq = 4.646e-05,  beta = 1,  rank(C) = 29
    Step Nº = 75/371 - SPEED MODE
      Iter Nº = 1,  NormPhi = 9.518e-05,  objfun = 8.015e-05,  normDeltaq = 9.959e-03,  beta = 1,  rank(C) = 29
      Iter Nº = 2,  NormPhi = 2.532e-09,  objfun = 8.016e-05,  normDeltaq = 5.137e-05,  beta = 1,  rank(C) = 29
    Step Nº = 76/371 - SPEED MODE
      Iter Nº = 1,  NormPhi = 7.934e-05,  objfun = 8.425e-05,  normDeltaq = 9.093e-03,  beta = 1,  rank(C) = 29
      Iter Nº = 2,  NormPhi = 1.587e-09,  objfun = 8.425e-05,  normDeltaq = 4.066e-05,  beta = 1,  rank(C) = 29
    Step Nº = 77/371 - SPEED MODE
      Iter Nº = 1,  NormPhi = 9.046e-05,  objfun = 9.125e-05,  normDeltaq = 9.710e-03,  beta = 1,  rank(C) = 29
      Iter Nº = 2,  NormPhi = 2.219e-09,  objfun = 9.124e-05,  normDeltaq = 4.809e-05,  beta = 1,  rank(C) = 29
    Step Nº = 78/371 - SPEED MODE
      Iter Nº = 1,  NormPhi = 7.396e-07,  objfun = 9.974e-05,  normDeltaq = 8.780e-04,  beta = 1,  rank(C) = 29
    Step Nº = 79/371 - SPEED MODE
      Iter Nº = 1,  NormPhi = 8.867e-05,  objfun = 1.063e-04,  normDeltaq = 9.613e-03,  beta = 1,  rank(C) = 29
      Iter Nº = 2,  NormPhi = 3.555e-09,  objfun = 1.063e-04,  normDeltaq = 6.087e-05,  beta = 1,  rank(C) = 29
    Step Nº = 80/371 - SPEED MODE
      Iter Nº = 1,  NormPhi = 8.300e-05,  objfun = 1.174e-04,  normDeltaq = 9.300e-03,  beta = 1,  rank(C) = 29
      Iter Nº = 2,  NormPhi = 4.573e-09,  objfun = 1.174e-04,  normDeltaq = 6.903e-05,  beta = 1,  rank(C) = 29
    Step Nº = 81/371 - SPEED MODE
      Iter Nº = 1,  NormPhi = 9.458e-05,  objfun = 1.257e-04,  normDeltaq = 9.928e-03,  beta = 1,  rank(C) = 29
      Iter Nº = 2,  NormPhi = 6.678e-09,  objfun = 1.257e-04,  normDeltaq = 8.343e-05,  beta = 1,  rank(C) = 29
    Step Nº = 82/371 - SPEED MODE
      Iter Nº = 1,  NormPhi = 7.371e-05,  objfun = 1.397e-04,  normDeltaq = 8.765e-03,  beta = 1,  rank(C) = 29
      Iter Nº = 2,  NormPhi = 6.275e-09,  objfun = 1.397e-04,  normDeltaq = 8.087e-05,  beta = 1,  rank(C) = 29
    Step Nº = 83/371 - SPEED MODE
      Iter Nº = 1,  NormPhi = 9.050e-05,  objfun = 1.499e-04,  normDeltaq = 9.712e-03,  beta = 1,  rank(C) = 29
      Iter Nº = 2,  NormPhi = 9.231e-09,  objfun = 1.499e-04,  normDeltaq = 9.808e-05,  beta = 1,  rank(C) = 29
    Step Nº = 84/371 - SPEED MODE
      Iter Nº = 1,  NormPhi = 6.075e-05,  objfun = 1.663e-04,  normDeltaq = 7.957e-03,  beta = 1,  rank(C) = 29
      Iter Nº = 2,  NormPhi = 6.745e-09,  objfun = 1.663e-04,  normDeltaq = 8.384e-05,  beta = 1,  rank(C) = 29
    Step Nº = 85/371 - SPEED MODE
      Iter Nº = 1,  NormPhi = 3.643e-06,  objfun = 1.833e-04,  normDeltaq = 1.948e-03,  beta = 1,  rank(C) = 29
      Iter Nº = 2,  NormPhi = 3.550e-10,  objfun = 1.833e-04,  normDeltaq = 1.923e-05,  beta = 1,  rank(C) = 29
    Step Nº = 86/371 - SPEED MODE
      Iter Nº = 1,  NormPhi = 7.923e-05,  objfun = 1.944e-04,  normDeltaq = 9.087e-03,  beta = 1,  rank(C) = 29
      Iter Nº = 2,  NormPhi = 1.079e-08,  objfun = 1.944e-04,  normDeltaq = 1.061e-04,  beta = 1,  rank(C) = 29
    Step Nº = 87/371 - SPEED MODE
      Iter Nº = 1,  NormPhi = 2.002e-05,  objfun = 2.096e-04,  normDeltaq = 4.568e-03,  beta = 1,  rank(C) = 29
      Iter Nº = 2,  NormPhi = 2.619e-09,  objfun = 2.096e-04,  normDeltaq = 5.224e-05,  beta = 1,  rank(C) = 29
    Step Nº = 88/371 - SPEED MODE
      Iter Nº = 1,  NormPhi = 6.291e-05,  objfun = 2.187e-04,  normDeltaq = 8.097e-03,  beta = 1,  rank(C) = 29
      Iter Nº = 2,  NormPhi = 9.263e-09,  objfun = 2.187e-04,  normDeltaq = 9.825e-05,  beta = 1,  rank(C) = 29
    Step Nº = 89/371 - SPEED MODE
      Iter Nº = 1,  NormPhi = 5.401e-06,  objfun = 2.299e-04,  normDeltaq = 2.372e-03,  beta = 1,  rank(C) = 29
      Iter Nº = 2,  NormPhi = 7.366e-10,  objfun = 2.299e-04,  normDeltaq = 2.771e-05,  beta = 1,  rank(C) = 29
    Step Nº = 90/371 - SPEED MODE
      Iter Nº = 1,  NormPhi = 4.305e-05,  objfun = 2.355e-04,  normDeltaq = 6.698e-03,  beta = 1,  rank(C) = 29
      Iter Nº = 2,  NormPhi = 6.288e-09,  objfun = 2.355e-04,  normDeltaq = 8.095e-05,  beta = 1,  rank(C) = 29
    Step Nº = 91/371 - SPEED MODE
      Iter Nº = 1,  NormPhi = 3.360e-08,  objfun = 2.408e-04,  normDeltaq = 1.871e-04,  beta = 1,  rank(C) = 29
    Step Nº = 92/371 - SPEED MODE
      Iter Nº = 1,  NormPhi = 2.273e-05,  objfun = 2.423e-04,  normDeltaq = 4.867e-03,  beta = 1,  rank(C) = 29
      Iter Nº = 2,  NormPhi = 2.986e-09,  objfun = 2.422e-04,  normDeltaq = 5.578e-05,  beta = 1,  rank(C) = 29
    Step Nº = 93/371 - SPEED MODE
      Iter Nº = 1,  NormPhi = 3.683e-06,  objfun = 2.423e-04,  normDeltaq = 1.959e-03,  beta = 1,  rank(C) = 29
      Iter Nº = 2,  NormPhi = 4.461e-10,  objfun = 2.423e-04,  normDeltaq = 2.156e-05,  beta = 1,  rank(C) = 29
    Step Nº = 94/371 - SPEED MODE
      Iter Nº = 1,  NormPhi = 2.118e-07,  objfun = 2.398e-04,  normDeltaq = 4.066e-03,  beta = 0.101,  rank(C) = 29
    Step Nº = 95/371 - SPEED MODE
      Iter Nº = 1,  NormPhi = 1.030e-06,  objfun = 2.375e-04,  normDeltaq = 7.513e-03,  beta = 0.101,  rank(C) = 29
      Iter Nº = 2,  NormPhi = 1.374e-06,  objfun = 2.374e-04,  normDeltaq = 6.763e-03,  beta = 0.101,  rank(C) = 29
      Iter Nº = 3,  NormPhi = 1.598e-06,  objfun = 2.373e-04,  normDeltaq = 6.087e-03,  beta = 0.101,  rank(C) = 29
      Iter Nº = 4,  NormPhi = 1.590e-06,  objfun = 2.372e-04,  normDeltaq = 5.479e-03,  beta = 0.05,  rank(C) = 29
      Iter Nº = 5,  NormPhi = 1.575e-06,  objfun = 2.372e-04,  normDeltaq = 5.208e-03,  beta = 0.05,  rank(C) = 29
      Iter Nº = 6,  NormPhi = 1.555e-06,  objfun = 2.371e-04,  normDeltaq = 4.950e-03,  beta = 0.05,  rank(C) = 29
      Iter Nº = 7,  NormPhi = 1.531e-06,  objfun = 2.371e-04,  normDeltaq = 4.705e-03,  beta = 0.05,  rank(C) = 29
      Iter Nº = 8,  NormPhi = 1.502e-06,  objfun = 2.371e-04,  normDeltaq = 4.473e-03,  beta = 0.05,  rank(C) = 29
      Iter Nº = 9,  NormPhi = 1.470e-06,  objfun = 2.371e-04,  normDeltaq = 4.252e-03,  beta = 0.05,  rank(C) = 29
      Iter Nº = 10,  NormPhi = 1.436e-06,  objfun = 2.370e-04,  normDeltaq = 4.041e-03,  beta = 0.05,  rank(C) = 29
      Iter Nº = 11,  NormPhi = 1.400e-06,  objfun = 2.370e-04,  normDeltaq = 3.841e-03,  beta = 0.05,  rank(C) = 29
      Iter Nº = 12,  NormPhi = 1.362e-06,  objfun = 2.370e-04,  normDeltaq = 3.651e-03,  beta = 0.05,  rank(C) = 29
      Iter Nº = 13,  NormPhi = 1.323e-06,  objfun = 2.370e-04,  normDeltaq = 3.471e-03,  beta = 0.05,  rank(C) = 29
      Iter Nº = 14,  NormPhi = 1.283e-06,  objfun = 2.370e-04,  normDeltaq = 3.299e-03,  beta = 0.05,  rank(C) = 29
      Iter Nº = 15,  NormPhi = 1.242e-06,  objfun = 2.369e-04,  normDeltaq = 3.136e-03,  beta = 0.05,  rank(C) = 29
      Iter Nº = 16,  NormPhi = 1.201e-06,  objfun = 2.369e-04,  normDeltaq = 2.981e-03,  beta = 0.05,  rank(C) = 29
      Iter Nº = 17,  NormPhi = 1.158e-06,  objfun = 2.369e-04,  normDeltaq = 2.833e-03,  beta = 0.1,  rank(C) = 29
      Iter Nº = 18,  NormPhi = 1.105e-06,  objfun = 2.369e-04,  normDeltaq = 2.553e-03,  beta = 0.1,  rank(C) = 29
      Iter Nº = 19,  NormPhi = 1.045e-06,  objfun = 2.369e-04,  normDeltaq = 2.301e-03,  beta = 0.1,  rank(C) = 29
      Iter Nº = 20,  NormPhi = 9.812e-07,  objfun = 2.369e-04,  normDeltaq = 2.073e-03,  beta = 0.15,  rank(C) = 29
    Step Nº = 96/371 - SPEED MODE
      Iter Nº = 1,  NormPhi = 1.684e-05,  objfun = 2.306e-04,  normDeltaq = 4.189e-03,  beta = 1,  rank(C) = 29
      Iter Nº = 2,  NormPhi = 1.984e-09,  objfun = 2.306e-04,  normDeltaq = 4.547e-05,  beta = 1,  rank(C) = 29
    Step Nº = 97/371 - SPEED MODE
      Iter Nº = 1,  NormPhi = 1.111e-05,  objfun = 2.254e-04,  normDeltaq = 3.403e-03,  beta = 1,  rank(C) = 29
      Iter Nº = 2,  NormPhi = 1.248e-09,  objfun = 2.254e-04,  normDeltaq = 3.606e-05,  beta = 1,  rank(C) = 29
    Step Nº = 98/371 - SPEED MODE
      Iter Nº = 1,  NormPhi = 2.412e-05,  objfun = 2.164e-04,  normDeltaq = 5.013e-03,  beta = 1,  rank(C) = 29
      Iter Nº = 2,  NormPhi = 2.592e-09,  objfun = 2.164e-04,  normDeltaq = 5.197e-05,  beta = 1,  rank(C) = 29
    Step Nº = 99/371 - SPEED MODE
      Iter Nº = 1,  NormPhi = 7.837e-06,  objfun = 2.099e-04,  normDeltaq = 2.858e-03,  beta = 1,  rank(C) = 29
      Iter Nº = 2,  NormPhi = 7.534e-10,  objfun = 2.099e-04,  normDeltaq = 2.802e-05,  beta = 1,  rank(C) = 29
    Step Nº = 100/371 - SPEED MODE
      Iter Nº = 1,  NormPhi = 3.390e-05,  objfun = 1.997e-04,  normDeltaq = 5.944e-03,  beta = 1,  rank(C) = 29
      Iter Nº = 2,  NormPhi = 3.080e-09,  objfun = 1.997e-04,  normDeltaq = 5.666e-05,  beta = 1,  rank(C) = 29
    Step Nº = 101/371 - SPEED MODE
      Iter Nº = 1,  NormPhi = 1.358e-05,  objfun = 1.926e-04,  normDeltaq = 3.762e-03,  beta = 1,  rank(C) = 29
      Iter Nº = 2,  NormPhi = 1.038e-09,  objfun = 1.926e-04,  normDeltaq = 3.290e-05,  beta = 1,  rank(C) = 29
    Step Nº = 102/371 - SPEED MODE
      Iter Nº = 1,  NormPhi = 4.528e-05,  objfun = 1.816e-04,  normDeltaq = 6.870e-03,  beta = 1,  rank(C) = 29
      Iter Nº = 2,  NormPhi = 3.212e-09,  objfun = 1.816e-04,  normDeltaq = 5.786e-05,  beta = 1,  rank(C) = 29
    Step Nº = 103/371 - SPEED MODE
      Iter Nº = 1,  NormPhi = 2.720e-06,  objfun = 1.705e-04,  normDeltaq = 1.684e-03,  beta = 1,  rank(C) = 29
      Iter Nº = 2,  NormPhi = 1.227e-10,  objfun = 1.705e-04,  normDeltaq = 1.131e-05,  beta = 1,  rank(C) = 29
    Step Nº = 104/371 - SPEED MODE
      Iter Nº = 1,  NormPhi = 3.462e-05,  objfun = 1.632e-04,  normDeltaq = 6.007e-03,  beta = 1,  rank(C) = 29
      Iter Nº = 2,  NormPhi = 1.596e-09,  objfun = 1.632e-04,  normDeltaq = 4.078e-05,  beta = 1,  rank(C) = 29
    Step Nº = 105/371 - SPEED MODE
      Iter Nº = 1,  NormPhi = 5.417e-05,  objfun = 1.523e-04,  normDeltaq = 7.513e-03,  beta = 1,  rank(C) = 29
      Iter Nº = 2,  NormPhi = 2.124e-09,  objfun = 1.523e-04,  normDeltaq = 4.705e-05,  beta = 1,  rank(C) = 29
    Step Nº = 106/371 - SPEED MODE
      Iter Nº = 1,  NormPhi = 4.466e-05,  objfun = 1.452e-04,  normDeltaq = 6.822e-03,  beta = 1,  rank(C) = 29
      Iter Nº = 2,  NormPhi = 1.322e-09,  objfun = 1.452e-04,  normDeltaq = 3.712e-05,  beta = 1,  rank(C) = 29
    Step Nº = 107/371 - SPEED MODE
      Iter Nº = 1,  NormPhi = 5.311e-05,  objfun = 1.349e-04,  normDeltaq = 7.440e-03,  beta = 1,  rank(C) = 29
      Iter Nº = 2,  NormPhi = 1.224e-09,  objfun = 1.349e-04,  normDeltaq = 3.571e-05,  beta = 1,  rank(C) = 29
    Step Nº = 108/371 - SPEED MODE
      Iter Nº = 1,  NormPhi = 4.913e-05,  objfun = 1.284e-04,  normDeltaq = 7.156e-03,  beta = 1,  rank(C) = 29
      Iter Nº = 2,  NormPhi = 8.688e-10,  objfun = 1.284e-04,  normDeltaq = 3.009e-05,  beta = 1,  rank(C) = 29
    Step Nº = 109/371 - SPEED MODE
      Iter Nº = 1,  NormPhi = 5.325e-05,  objfun = 1.191e-04,  normDeltaq = 7.449e-03,  beta = 1,  rank(C) = 29
      Iter Nº = 2,  NormPhi = 7.683e-10,  objfun = 1.191e-04,  normDeltaq = 2.830e-05,  beta = 1,  rank(C) = 29
    Step Nº = 110/371 - SPEED MODE
      Iter Nº = 1,  NormPhi = 2.272e-07,  objfun = 1.104e-04,  normDeltaq = 4.866e-04,  beta = 1,  rank(C) = 29
    Step Nº = 111/371 - SPEED MODE
      Iter Nº = 1,  NormPhi = 5.563e-05,  objfun = 1.050e-04,  normDeltaq = 7.614e-03,  beta = 1,  rank(C) = 29
      Iter Nº = 2,  NormPhi = 8.463e-10,  objfun = 1.050e-04,  normDeltaq = 2.970e-05,  beta = 1,  rank(C) = 29
    Step Nº = 112/371 - SPEED MODE
      Iter Nº = 1,  NormPhi = 3.818e-05,  objfun = 9.793e-05,  normDeltaq = 6.308e-03,  beta = 1,  rank(C) = 29
      Iter Nº = 2,  NormPhi = 6.277e-10,  objfun = 9.793e-05,  normDeltaq = 2.558e-05,  beta = 1,  rank(C) = 29
    Step Nº = 113/371 - SPEED MODE
      Iter Nº = 1,  NormPhi = 5.429e-05,  objfun = 9.366e-05,  normDeltaq = 7.522e-03,  beta = 1,  rank(C) = 29
      Iter Nº = 2,  NormPhi = 1.463e-09,  objfun = 9.366e-05,  normDeltaq = 3.904e-05,  beta = 1,  rank(C) = 29
    Step Nº = 114/371 - SPEED MODE
      Iter Nº = 1,  NormPhi = 3.611e-05,  objfun = 8.764e-05,  normDeltaq = 6.134e-03,  beta = 1,  rank(C) = 29
      Iter Nº = 2,  NormPhi = 1.293e-09,  objfun = 8.764e-05,  normDeltaq = 3.671e-05,  beta = 1,  rank(C) = 29
    Step Nº = 115/371 - SPEED MODE
      Iter Nº = 1,  NormPhi = 4.409e-05,  objfun = 8.385e-05,  normDeltaq = 6.779e-03,  beta = 1,  rank(C) = 29
      Iter Nº = 2,  NormPhi = 2.125e-09,  objfun = 8.385e-05,  normDeltaq = 4.706e-05,  beta = 1,  rank(C) = 29
    Step Nº = 116/371 - SPEED MODE
      Iter Nº = 1,  NormPhi = 3.519e-05,  objfun = 7.862e-05,  normDeltaq = 6.055e-03,  beta = 1,  rank(C) = 29
      Iter Nº = 2,  NormPhi = 2.260e-09,  objfun = 7.863e-05,  normDeltaq = 4.853e-05,  beta = 1,  rank(C) = 29
    Step Nº = 117/371 - SPEED MODE
      Iter Nº = 1,  NormPhi = 4.361e-05,  objfun = 7.561e-05,  normDeltaq = 6.742e-03,  beta = 1,  rank(C) = 29
      Iter Nº = 2,  NormPhi = 3.447e-09,  objfun = 7.562e-05,  normDeltaq = 5.994e-05,  beta = 1,  rank(C) = 29
    Step Nº = 118/371 - SPEED MODE
      Iter Nº = 1,  NormPhi = 2.550e-05,  objfun = 7.198e-05,  normDeltaq = 5.155e-03,  beta = 1,  rank(C) = 29
      Iter Nº = 2,  NormPhi = 2.433e-09,  objfun = 7.199e-05,  normDeltaq = 5.035e-05,  beta = 1,  rank(C) = 29
    Step Nº = 119/371 - SPEED MODE
      Iter Nº = 1,  NormPhi = 1.652e-06,  objfun = 6.940e-05,  normDeltaq = 1.312e-03,  beta = 1,  rank(C) = 29
      Iter Nº = 2,  NormPhi = 1.709e-10,  objfun = 6.940e-05,  normDeltaq = 1.335e-05,  beta = 1,  rank(C) = 29
    Step Nº = 120/371 - SPEED MODE
      Iter Nº = 1,  NormPhi = 3.269e-05,  objfun = 6.811e-05,  normDeltaq = 5.837e-03,  beta = 1,  rank(C) = 29
      Iter Nº = 2,  NormPhi = 4.173e-09,  objfun = 6.811e-05,  normDeltaq = 6.595e-05,  beta = 1,  rank(C) = 29
    Step Nº = 121/371 - SPEED MODE
      Iter Nº = 1,  NormPhi = 1.531e-05,  objfun = 6.667e-05,  normDeltaq = 3.995e-03,  beta = 1,  rank(C) = 29
      Iter Nº = 2,  NormPhi = 2.124e-09,  objfun = 6.667e-05,  normDeltaq = 4.705e-05,  beta = 1,  rank(C) = 29
    Step Nº = 122/371 - SPEED MODE
      Iter Nº = 1,  NormPhi = 2.921e-05,  objfun = 6.586e-05,  normDeltaq = 5.517e-03,  beta = 1,  rank(C) = 29
      Iter Nº = 2,  NormPhi = 4.422e-09,  objfun = 6.587e-05,  normDeltaq = 6.788e-05,  beta = 1,  rank(C) = 29
    Step Nº = 123/371 - SPEED MODE
      Iter Nº = 1,  NormPhi = 7.983e-06,  objfun = 6.474e-05,  normDeltaq = 2.884e-03,  beta = 1,  rank(C) = 29
      Iter Nº = 2,  NormPhi = 1.276e-09,  objfun = 6.474e-05,  normDeltaq = 3.647e-05,  beta = 1,  rank(C) = 29
    Step Nº = 124/371 - SPEED MODE
      Iter Nº = 1,  NormPhi = 2.322e-05,  objfun = 6.407e-05,  normDeltaq = 4.919e-03,  beta = 1,  rank(C) = 29
      Iter Nº = 2,  NormPhi = 3.988e-09,  objfun = 6.407e-05,  normDeltaq = 6.447e-05,  beta = 1,  rank(C) = 29
    Step Nº = 125/371 - SPEED MODE
      Iter Nº = 1,  NormPhi = 3.192e-06,  objfun = 6.325e-05,  normDeltaq = 1.824e-03,  beta = 1,  rank(C) = 29
      Iter Nº = 2,  NormPhi = 5.696e-10,  objfun = 6.325e-05,  normDeltaq = 2.436e-05,  beta = 1,  rank(C) = 29
    Step Nº = 126/371 - SPEED MODE
      Iter Nº = 1,  NormPhi = 1.519e-05,  objfun = 6.277e-05,  normDeltaq = 3.979e-03,  beta = 1,  rank(C) = 29
      Iter Nº = 2,  NormPhi = 2.857e-09,  objfun = 6.278e-05,  normDeltaq = 5.457e-05,  beta = 1,  rank(C) = 29
    Step Nº = 127/371 - SPEED MODE
      Iter Nº = 1,  NormPhi = 9.337e-07,  objfun = 6.217e-05,  normDeltaq = 9.864e-04,  beta = 1,  rank(C) = 29
    Step Nº = 128/371 - SPEED MODE
      Iter Nº = 1,  NormPhi = 3.916e-06,  objfun = 6.166e-05,  normDeltaq = 2.020e-03,  beta = 1,  rank(C) = 29
      Iter Nº = 2,  NormPhi = 7.976e-10,  objfun = 6.166e-05,  normDeltaq = 2.883e-05,  beta = 1,  rank(C) = 29
    Step Nº = 129/371 - SPEED MODE
      Iter Nº = 1,  NormPhi = 4.159e-06,  objfun = 6.136e-05,  normDeltaq = 2.082e-03,  beta = 1,  rank(C) = 29
      Iter Nº = 2,  NormPhi = 8.633e-10,  objfun = 6.136e-05,  normDeltaq = 2.999e-05,  beta = 1,  rank(C) = 29
    Step Nº = 130/371 - SPEED MODE
      Iter Nº = 1,  NormPhi = 7.641e-07,  objfun = 6.095e-05,  normDeltaq = 8.924e-04,  beta = 1,  rank(C) = 29
    Step Nº = 131/371 - SPEED MODE
      Iter Nº = 1,  NormPhi = 1.194e-06,  objfun = 6.064e-05,  normDeltaq = 1.139e-03,  beta = 0.8,  rank(C) = 29
      Iter Nº = 2,  NormPhi = 4.423e-08,  objfun = 6.064e-05,  normDeltaq = 2.147e-04,  beta = 1,  rank(C) = 29
    Step Nº = 132/371 - SPEED MODE
      Iter Nº = 1,  NormPhi = 1.276e-07,  objfun = 6.016e-05,  normDeltaq = 1.868e-03,  beta = 0.101,  rank(C) = 29
    Step Nº = 133/371 - SPEED MODE
      Iter Nº = 1,  NormPhi = 1.475e-06,  objfun = 5.994e-05,  normDeltaq = 3.574e-03,  beta = 0.05,  rank(C) = 29
      Iter Nº = 2,  NormPhi = 1.429e-06,  objfun = 5.993e-05,  normDeltaq = 3.393e-03,  beta = 0.05,  rank(C) = 29
      Iter Nº = 3,  NormPhi = 1.382e-06,  objfun = 5.991e-05,  normDeltaq = 3.221e-03,  beta = 0.05,  rank(C) = 29
      Iter Nº = 4,  NormPhi = 1.334e-06,  objfun = 5.989e-05,  normDeltaq = 3.058e-03,  beta = 0.1,  rank(C) = 29
      Iter Nº = 5,  NormPhi = 1.273e-06,  objfun = 5.987e-05,  normDeltaq = 2.747e-03,  beta = 0.1,  rank(C) = 29
      Iter Nº = 6,  NormPhi = 1.204e-06,  objfun = 5.985e-05,  normDeltaq = 2.469e-03,  beta = 0.1,  rank(C) = 29
      Iter Nº = 7,  NormPhi = 1.130e-06,  objfun = 5.983e-05,  normDeltaq = 2.218e-03,  beta = 0.15,  rank(C) = 29
      Iter Nº = 8,  NormPhi = 1.037e-06,  objfun = 5.982e-05,  normDeltaq = 1.881e-03,  beta = 0.15,  rank(C) = 29
      Iter Nº = 9,  NormPhi = 9.269e-07,  objfun = 5.980e-05,  normDeltaq = 1.595e-03,  beta = 0.2,  rank(C) = 29
    Step Nº = 134/371 - SPEED MODE
      Iter Nº = 1,  NormPhi = 1.125e-05,  objfun = 5.937e-05,  normDeltaq = 3.447e-03,  beta = 0.9,  rank(C) = 29
      Iter Nº = 2,  NormPhi = 8.689e-08,  objfun = 5.937e-05,  normDeltaq = 3.009e-04,  beta = 1,  rank(C) = 29
    Step Nº = 135/371 - SPEED MODE
      Iter Nº = 1,  NormPhi = 1.474e-07,  objfun = 5.911e-05,  normDeltaq = 3.919e-04,  beta = 1,  rank(C) = 29
    Step Nº = 136/371 - SPEED MODE
      Iter Nº = 1,  NormPhi = 2.436e-06,  objfun = 5.898e-05,  normDeltaq = 1.593e-03,  beta = 1,  rank(C) = 29
      Iter Nº = 2,  NormPhi = 4.619e-10,  objfun = 5.899e-05,  normDeltaq = 2.194e-05,  beta = 1,  rank(C) = 29
    Step Nº = 137/371 - SPEED MODE
      Iter Nº = 1,  NormPhi = 1.708e-05,  objfun = 5.884e-05,  normDeltaq = 4.219e-03,  beta = 1,  rank(C) = 29
      Iter Nº = 2,  NormPhi = 3.147e-09,  objfun = 5.884e-05,  normDeltaq = 5.727e-05,  beta = 1,  rank(C) = 29
    Step Nº = 138/371 - SPEED MODE
      Iter Nº = 1,  NormPhi = 5.491e-06,  objfun = 5.877e-05,  normDeltaq = 2.392e-03,  beta = 1,  rank(C) = 29
      Iter Nº = 2,  NormPhi = 9.589e-10,  objfun = 5.877e-05,  normDeltaq = 3.161e-05,  beta = 1,  rank(C) = 29
    Step Nº = 139/371 - SPEED MODE
      Iter Nº = 1,  NormPhi = 2.064e-05,  objfun = 5.877e-05,  normDeltaq = 4.638e-03,  beta = 1,  rank(C) = 29
      Iter Nº = 2,  NormPhi = 3.454e-09,  objfun = 5.878e-05,  normDeltaq = 5.999e-05,  beta = 1,  rank(C) = 29
    Step Nº = 140/371 - SPEED MODE
      Iter Nº = 1,  NormPhi = 1.181e-05,  objfun = 5.890e-05,  normDeltaq = 3.508e-03,  beta = 1,  rank(C) = 29
      Iter Nº = 2,  NormPhi = 1.844e-09,  objfun = 5.890e-05,  normDeltaq = 4.384e-05,  beta = 1,  rank(C) = 29
    Step Nº = 141/371 - SPEED MODE
      Iter Nº = 1,  NormPhi = 1.987e-05,  objfun = 5.929e-05,  normDeltaq = 4.551e-03,  beta = 1,  rank(C) = 29
      Iter Nº = 2,  NormPhi = 2.829e-09,  objfun = 5.929e-05,  normDeltaq = 5.430e-05,  beta = 1,  rank(C) = 29
    Step Nº = 142/371 - SPEED MODE
      Iter Nº = 1,  NormPhi = 1.532e-05,  objfun = 5.972e-05,  normDeltaq = 3.996e-03,  beta = 1,  rank(C) = 29
      Iter Nº = 2,  NormPhi = 1.969e-09,  objfun = 5.972e-05,  normDeltaq = 4.530e-05,  beta = 1,  rank(C) = 29
    Step Nº = 143/371 - SPEED MODE
      Iter Nº = 1,  NormPhi = 2.320e-05,  objfun = 6.070e-05,  normDeltaq = 4.917e-03,  beta = 1,  rank(C) = 29
      Iter Nº = 2,  NormPhi = 2.578e-09,  objfun = 6.071e-05,  normDeltaq = 5.183e-05,  beta = 1,  rank(C) = 29
    Step Nº = 144/371 - SPEED MODE
      Iter Nº = 1,  NormPhi = 1.285e-06,  objfun = 6.236e-05,  normDeltaq = 1.157e-03,  beta = 1,  rank(C) = 29
      Iter Nº = 2,  NormPhi = 1.062e-10,  objfun = 6.236e-05,  normDeltaq = 1.052e-05,  beta = 1,  rank(C) = 29
    Step Nº = 145/371 - SPEED MODE
      Iter Nº = 1,  NormPhi = 1.730e-05,  objfun = 6.393e-05,  normDeltaq = 4.246e-03,  beta = 1,  rank(C) = 29
      Iter Nº = 2,  NormPhi = 1.304e-09,  objfun = 6.393e-05,  normDeltaq = 3.686e-05,  beta = 1,  rank(C) = 29
    Step Nº = 146/371 - SPEED MODE
      Iter Nº = 1,  NormPhi = 3.824e-05,  objfun = 6.707e-05,  normDeltaq = 6.313e-03,  beta = 1,  rank(C) = 29
      Iter Nº = 2,  NormPhi = 2.416e-09,  objfun = 6.708e-05,  normDeltaq = 5.017e-05,  beta = 1,  rank(C) = 29
    Step Nº = 147/371 - SPEED MODE
      Iter Nº = 1,  NormPhi = 2.996e-05,  objfun = 6.947e-05,  normDeltaq = 5.588e-03,  beta = 1,  rank(C) = 29
      Iter Nº = 2,  NormPhi = 1.515e-09,  objfun = 6.947e-05,  normDeltaq = 3.973e-05,  beta = 1,  rank(C) = 29
    Step Nº = 148/371 - SPEED MODE
      Iter Nº = 1,  NormPhi = 2.651e-05,  objfun = 7.323e-05,  normDeltaq = 5.256e-03,  beta = 1,  rank(C) = 29
      Iter Nº = 2,  NormPhi = 9.185e-10,  objfun = 7.323e-05,  normDeltaq = 3.094e-05,  beta = 1,  rank(C) = 29
    Step Nº = 149/371 - SPEED MODE
      Iter Nº = 1,  NormPhi = 3.163e-05,  objfun = 7.581e-05,  normDeltaq = 5.742e-03,  beta = 1,  rank(C) = 29
      Iter Nº = 2,  NormPhi = 8.472e-10,  objfun = 7.581e-05,  normDeltaq = 2.971e-05,  beta = 1,  rank(C) = 29
    Step Nº = 150/371 - SPEED MODE
      Iter Nº = 1,  NormPhi = 2.717e-05,  objfun = 7.990e-05,  normDeltaq = 5.321e-03,  beta = 1,  rank(C) = 29
      Iter Nº = 2,  NormPhi = 4.118e-10,  objfun = 7.990e-05,  normDeltaq = 2.072e-05,  beta = 1,  rank(C) = 29
    Step Nº = 151/371 - SPEED MODE
      Iter Nº = 1,  NormPhi = 2.645e-05,  objfun = 8.296e-05,  normDeltaq = 5.250e-03,  beta = 1,  rank(C) = 29
      Iter Nº = 2,  NormPhi = 2.703e-10,  objfun = 8.296e-05,  normDeltaq = 1.679e-05,  beta = 1,  rank(C) = 29
    Step Nº = 152/371 - SPEED MODE
      Iter Nº = 1,  NormPhi = 3.234e-05,  objfun = 8.826e-05,  normDeltaq = 5.805e-03,  beta = 1,  rank(C) = 29
      Iter Nº = 2,  NormPhi = 2.699e-10,  objfun = 8.826e-05,  normDeltaq = 1.677e-05,  beta = 1,  rank(C) = 29
    Step Nº = 153/371 - SPEED MODE
      Iter Nº = 1,  NormPhi = 1.956e-07,  objfun = 9.452e-05,  normDeltaq = 4.515e-04,  beta = 1,  rank(C) = 29
    Step Nº = 154/371 - SPEED MODE
      Iter Nº = 1,  NormPhi = 3.095e-05,  objfun = 9.911e-05,  normDeltaq = 5.679e-03,  beta = 1,  rank(C) = 29
      Iter Nº = 2,  NormPhi = 3.020e-10,  objfun = 9.911e-05,  normDeltaq = 1.774e-05,  beta = 1,  rank(C) = 29
    Step Nº = 155/371 - SPEED MODE
      Iter Nº = 1,  NormPhi = 2.637e-05,  objfun = 1.064e-04,  normDeltaq = 5.242e-03,  beta = 1,  rank(C) = 29
      Iter Nº = 2,  NormPhi = 3.288e-10,  objfun = 1.064e-04,  normDeltaq = 1.851e-05,  beta = 1,  rank(C) = 29
    Step Nº = 156/371 - SPEED MODE
      Iter Nº = 1,  NormPhi = 3.253e-05,  objfun = 1.115e-04,  normDeltaq = 5.823e-03,  beta = 1,  rank(C) = 29
      Iter Nº = 2,  NormPhi = 5.691e-10,  objfun = 1.115e-04,  normDeltaq = 2.435e-05,  beta = 1,  rank(C) = 29
    Step Nº = 157/371 - SPEED MODE
      Iter Nº = 1,  NormPhi = 2.311e-05,  objfun = 1.195e-04,  normDeltaq = 4.908e-03,  beta = 1,  rank(C) = 29
      Iter Nº = 2,  NormPhi = 4.943e-10,  objfun = 1.195e-04,  normDeltaq = 2.270e-05,  beta = 1,  rank(C) = 29
    Step Nº = 158/371 - SPEED MODE
      Iter Nº = 1,  NormPhi = 2.957e-05,  objfun = 1.251e-04,  normDeltaq = 5.552e-03,  beta = 1,  rank(C) = 29
      Iter Nº = 2,  NormPhi = 8.222e-10,  objfun = 1.251e-04,  normDeltaq = 2.927e-05,  beta = 1,  rank(C) = 29
    Step Nº = 159/371 - SPEED MODE
      Iter Nº = 1,  NormPhi = 1.965e-05,  objfun = 1.340e-04,  normDeltaq = 4.525e-03,  beta = 1,  rank(C) = 29
      Iter Nº = 2,  NormPhi = 6.483e-10,  objfun = 1.340e-04,  normDeltaq = 2.599e-05,  beta = 1,  rank(C) = 29
    Step Nº = 160/371 - SPEED MODE
      Iter Nº = 1,  NormPhi = 5.828e-07,  objfun = 1.435e-04,  normDeltaq = 7.793e-04,  beta = 1,  rank(C) = 29
    Step Nº = 161/371 - SPEED MODE
      Iter Nº = 1,  NormPhi = 2.327e-05,  objfun = 1.501e-04,  normDeltaq = 4.925e-03,  beta = 1,  rank(C) = 29
      Iter Nº = 2,  NormPhi = 1.085e-09,  objfun = 1.501e-04,  normDeltaq = 3.362e-05,  beta = 1,  rank(C) = 29
    Step Nº = 162/371 - SPEED MODE
      Iter Nº = 1,  NormPhi = 1.237e-05,  objfun = 1.601e-04,  normDeltaq = 3.590e-03,  beta = 1,  rank(C) = 29
      Iter Nº = 2,  NormPhi = 6.187e-10,  objfun = 1.601e-04,  normDeltaq = 2.539e-05,  beta = 1,  rank(C) = 29
    Step Nº = 163/371 - SPEED MODE
      Iter Nº = 1,  NormPhi = 2.230e-05,  objfun = 1.667e-04,  normDeltaq = 4.820e-03,  beta = 1,  rank(C) = 29
      Iter Nº = 2,  NormPhi = 1.259e-09,  objfun = 1.667e-04,  normDeltaq = 3.622e-05,  beta = 1,  rank(C) = 29
    Step Nº = 164/371 - SPEED MODE
      Iter Nº = 1,  NormPhi = 6.310e-06,  objfun = 1.758e-04,  normDeltaq = 2.564e-03,  beta = 1,  rank(C) = 29
      Iter Nº = 2,  NormPhi = 3.717e-10,  objfun = 1.758e-04,  normDeltaq = 1.968e-05,  beta = 1,  rank(C) = 29
    Step Nº = 165/371 - SPEED MODE
      Iter Nº = 1,  NormPhi = 1.653e-05,  objfun = 1.815e-04,  normDeltaq = 4.150e-03,  beta = 1,  rank(C) = 29
      Iter Nº = 2,  NormPhi = 1.093e-09,  objfun = 1.815e-04,  normDeltaq = 3.376e-05,  beta = 1,  rank(C) = 29
    Step Nº = 166/371 - SPEED MODE
      Iter Nº = 1,  NormPhi = 3.928e-06,  objfun = 1.892e-04,  normDeltaq = 2.023e-03,  beta = 1,  rank(C) = 29
      Iter Nº = 2,  NormPhi = 2.730e-10,  objfun = 1.892e-04,  normDeltaq = 1.687e-05,  beta = 1,  rank(C) = 29
    Step Nº = 167/371 - SPEED MODE
      Iter Nº = 1,  NormPhi = 1.145e-05,  objfun = 1.936e-04,  normDeltaq = 3.454e-03,  beta = 1,  rank(C) = 29
      Iter Nº = 2,  NormPhi = 8.633e-10,  objfun = 1.936e-04,  normDeltaq = 3.000e-05,  beta = 1,  rank(C) = 29
    Step Nº = 168/371 - SPEED MODE
      Iter Nº = 1,  NormPhi = 1.731e-06,  objfun = 1.993e-04,  normDeltaq = 1.343e-03,  beta = 1,  rank(C) = 29
      Iter Nº = 2,  NormPhi = 1.352e-10,  objfun = 1.993e-04,  normDeltaq = 1.187e-05,  beta = 1,  rank(C) = 29
    Step Nº = 169/371 - SPEED MODE
      Iter Nº = 1,  NormPhi = 2.109e-06,  objfun = 2.037e-04,  normDeltaq = 1.482e-03,  beta = 1,  rank(C) = 29
      Iter Nº = 2,  NormPhi = 1.731e-10,  objfun = 2.037e-04,  normDeltaq = 1.343e-05,  beta = 1,  rank(C) = 29
    Step Nº = 170/371 - SPEED MODE
      Iter Nº = 1,  NormPhi = 4.391e-06,  objfun = 2.061e-04,  normDeltaq = 2.139e-03,  beta = 1,  rank(C) = 29
      Iter Nº = 2,  NormPhi = 3.718e-10,  objfun = 2.061e-04,  normDeltaq = 1.969e-05,  beta = 1,  rank(C) = 29
    Step Nº = 171/371 - SPEED MODE
      Iter Nº = 1,  NormPhi = 1.657e-09,  objfun = 2.089e-04,  normDeltaq = 4.155e-05,  beta = 1,  rank(C) = 29
    Step Nº = 172/371 - SPEED MODE
      Iter Nº = 1,  NormPhi = 2.035e-06,  objfun = 2.102e-04,  normDeltaq = 1.456e-03,  beta = 1,  rank(C) = 29
      Iter Nº = 2,  NormPhi = 1.753e-10,  objfun = 2.102e-04,  normDeltaq = 1.351e-05,  beta = 1,  rank(C) = 29
    Step Nº = 173/371 - SPEED MODE
      Iter Nº = 1,  NormPhi = 3.673e-07,  objfun = 2.114e-04,  normDeltaq = 6.187e-04,  beta = 1,  rank(C) = 29
    Step Nº = 174/371 - SPEED MODE
      Iter Nº = 1,  NormPhi = 4.998e-07,  objfun = 2.117e-04,  normDeltaq = 7.383e-04,  beta = 0.8,  rank(C) = 29
    Step Nº = 175/371 - SPEED MODE
      Iter Nº = 1,  NormPhi = 7.877e-07,  objfun = 2.114e-04,  normDeltaq = 1.375e-03,  beta = 0.25,  rank(C) = 29
    Step Nº = 176/371 - SPEED MODE
      Iter Nº = 1,  NormPhi = 1.791e-06,  objfun = 2.108e-04,  normDeltaq = 2.021e-03,  beta = 0.25,  rank(C) = 29
      Iter Nº = 2,  NormPhi = 1.429e-06,  objfun = 2.108e-04,  normDeltaq = 1.520e-03,  beta = 0.4,  rank(C) = 29
      Iter Nº = 3,  NormPhi = 7.975e-07,  objfun = 2.108e-04,  normDeltaq = 9.177e-04,  beta = 0.9,  rank(C) = 29
    Step Nº = 177/371 - SPEED MODE
      Iter Nº = 1,  NormPhi = 5.259e-07,  objfun = 2.093e-04,  normDeltaq = 7.403e-04,  beta = 1,  rank(C) = 29
    Step Nº = 178/371 - SPEED MODE
      Iter Nº = 1,  NormPhi = 1.104e-06,  objfun = 2.068e-04,  normDeltaq = 1.073e-03,  beta = 1,  rank(C) = 29
      Iter Nº = 2,  NormPhi = 7.873e-11,  objfun = 2.068e-04,  normDeltaq = 9.058e-06,  beta = 1,  rank(C) = 29
    Step Nº = 179/371 - SPEED MODE
      Iter Nº = 1,  NormPhi = 8.087e-07,  objfun = 2.048e-04,  normDeltaq = 9.180e-04,  beta = 1,  rank(C) = 29
    Step Nº = 180/371 - SPEED MODE
      Iter Nº = 1,  NormPhi = 7.920e-06,  objfun = 2.007e-04,  normDeltaq = 2.873e-03,  beta = 1,  rank(C) = 29
      Iter Nº = 2,  NormPhi = 4.880e-10,  objfun = 2.007e-04,  normDeltaq = 2.255e-05,  beta = 1,  rank(C) = 29
    Step Nº = 181/371 - SPEED MODE
      Iter Nº = 1,  NormPhi = 1.816e-06,  objfun = 1.975e-04,  normDeltaq = 1.376e-03,  beta = 1,  rank(C) = 29
      Iter Nº = 2,  NormPhi = 9.875e-11,  objfun = 1.975e-04,  normDeltaq = 1.014e-05,  beta = 1,  rank(C) = 29
    Step Nº = 182/371 - SPEED MODE
      Iter Nº = 1,  NormPhi = 1.300e-05,  objfun = 1.917e-04,  normDeltaq = 3.681e-03,  beta = 1,  rank(C) = 29
      Iter Nº = 2,  NormPhi = 6.267e-10,  objfun = 1.917e-04,  normDeltaq = 2.556e-05,  beta = 1,  rank(C) = 29
    Step Nº = 183/371 - SPEED MODE
      Iter Nº = 1,  NormPhi = 4.405e-06,  objfun = 1.875e-04,  normDeltaq = 2.143e-03,  beta = 1,  rank(C) = 29
      Iter Nº = 2,  NormPhi = 1.759e-10,  objfun = 1.875e-04,  normDeltaq = 1.354e-05,  beta = 1,  rank(C) = 29
    Step Nº = 184/371 - SPEED MODE
      Iter Nº = 1,  NormPhi = 1.568e-05,  objfun = 1.808e-04,  normDeltaq = 4.043e-03,  beta = 1,  rank(C) = 29
      Iter Nº = 2,  NormPhi = 5.365e-10,  objfun = 1.808e-04,  normDeltaq = 2.365e-05,  beta = 1,  rank(C) = 29
    Step Nº = 185/371 - SPEED MODE
      Iter Nº = 1,  NormPhi = 7.246e-07,  objfun = 1.736e-04,  normDeltaq = 8.690e-04,  beta = 1,  rank(C) = 29
    Step Nº = 186/371 - SPEED MODE
      Iter Nº = 1,  NormPhi = 1.186e-05,  objfun = 1.685e-04,  normDeltaq = 3.515e-03,  beta = 1,  rank(C) = 29
      Iter Nº = 2,  NormPhi = 2.436e-10,  objfun = 1.685e-04,  normDeltaq = 1.593e-05,  beta = 1,  rank(C) = 29
    Step Nº = 187/371 - SPEED MODE
      Iter Nº = 1,  NormPhi = 1.945e-05,  objfun = 1.608e-04,  normDeltaq = 4.503e-03,  beta = 1,  rank(C) = 29
      Iter Nº = 2,  NormPhi = 3.200e-10,  objfun = 1.608e-04,  normDeltaq = 1.826e-05,  beta = 1,  rank(C) = 29
    Step Nº = 188/371 - SPEED MODE
      Iter Nº = 1,  NormPhi = 1.476e-05,  objfun = 1.555e-04,  normDeltaq = 3.922e-03,  beta = 1,  rank(C) = 29
      Iter Nº = 2,  NormPhi = 1.746e-10,  objfun = 1.555e-04,  normDeltaq = 1.349e-05,  beta = 1,  rank(C) = 29
    Step Nº = 189/371 - SPEED MODE
      Iter Nº = 1,  NormPhi = 2.128e-05,  objfun = 1.476e-04,  normDeltaq = 4.709e-03,  beta = 1,  rank(C) = 29
      Iter Nº = 2,  NormPhi = 1.998e-10,  objfun = 1.476e-04,  normDeltaq = 1.443e-05,  beta = 1,  rank(C) = 29
    Step Nº = 190/371 - SPEED MODE
      Iter Nº = 1,  NormPhi = 1.656e-05,  objfun = 1.422e-04,  normDeltaq = 4.154e-03,  beta = 1,  rank(C) = 29
      Iter Nº = 2,  NormPhi = 1.030e-10,  objfun = 1.422e-04,  normDeltaq = 1.036e-05,  beta = 1,  rank(C) = 29
    Step Nº = 191/371 - SPEED MODE
      Iter Nº = 1,  NormPhi = 2.332e-05,  objfun = 1.343e-04,  normDeltaq = 4.930e-03,  beta = 1,  rank(C) = 29
      Iter Nº = 2,  NormPhi = 1.440e-10,  objfun = 1.343e-04,  normDeltaq = 1.225e-05,  beta = 1,  rank(C) = 29
    Step Nº = 192/371 - SPEED MODE
      Iter Nº = 1,  NormPhi = 1.911e-05,  objfun = 1.291e-04,  normDeltaq = 4.462e-03,  beta = 1,  rank(C) = 29
      Iter Nº = 2,  NormPhi = 9.128e-11,  objfun = 1.291e-04,  normDeltaq = 9.753e-06,  beta = 1,  rank(C) = 29
    Step Nº = 193/371 - SPEED MODE
      Iter Nº = 1,  NormPhi = 2.416e-05,  objfun = 1.215e-04,  normDeltaq = 5.017e-03,  beta = 1,  rank(C) = 29
      Iter Nº = 2,  NormPhi = 1.598e-10,  objfun = 1.215e-04,  normDeltaq = 1.291e-05,  beta = 1,  rank(C) = 29
    Step Nº = 194/371 - SPEED MODE
      Iter Nº = 1,  NormPhi = 5.981e-08,  objfun = 1.142e-04,  normDeltaq = 2.497e-04,  beta = 1,  rank(C) = 29
    Step Nº = 195/371 - SPEED MODE
      Iter Nº = 1,  NormPhi = 2.332e-05,  objfun = 1.094e-04,  normDeltaq = 4.930e-03,  beta = 1,  rank(C) = 29
      Iter Nº = 2,  NormPhi = 2.355e-10,  objfun = 1.094e-04,  normDeltaq = 1.567e-05,  beta = 1,  rank(C) = 29
    Step Nº = 196/371 - SPEED MODE
      Iter Nº = 1,  NormPhi = 2.043e-05,  objfun = 1.029e-04,  normDeltaq = 4.614e-03,  beta = 1,  rank(C) = 29
      Iter Nº = 2,  NormPhi = 2.741e-10,  objfun = 1.029e-04,  normDeltaq = 1.690e-05,  beta = 1,  rank(C) = 29
    Step Nº = 197/371 - SPEED MODE
      Iter Nº = 1,  NormPhi = 2.699e-05,  objfun = 9.902e-05,  normDeltaq = 5.304e-03,  beta = 1,  rank(C) = 29
      Iter Nº = 2,  NormPhi = 5.091e-10,  objfun = 9.902e-05,  normDeltaq = 2.303e-05,  beta = 1,  rank(C) = 29
    Step Nº = 198/371 - SPEED MODE
      Iter Nº = 1,  NormPhi = 1.318e-05,  objfun = 9.405e-05,  normDeltaq = 3.707e-03,  beta = 1,  rank(C) = 29
      Iter Nº = 2,  NormPhi = 3.073e-10,  objfun = 9.405e-05,  normDeltaq = 1.789e-05,  beta = 1,  rank(C) = 29
    Step Nº = 199/371 - SPEED MODE
      Iter Nº = 1,  NormPhi = 2.200e-05,  objfun = 9.107e-05,  normDeltaq = 4.788e-03,  beta = 1,  rank(C) = 29
      Iter Nº = 2,  NormPhi = 7.032e-10,  objfun = 9.107e-05,  normDeltaq = 2.707e-05,  beta = 1,  rank(C) = 29
    Step Nº = 200/371 - SPEED MODE
      Iter Nº = 1,  NormPhi = 1.263e-05,  objfun = 8.682e-05,  normDeltaq = 3.628e-03,  beta = 1,  rank(C) = 29
      Iter Nº = 2,  NormPhi = 5.157e-10,  objfun = 8.682e-05,  normDeltaq = 2.318e-05,  beta = 1,  rank(C) = 29
    Step Nº = 201/371 - SPEED MODE
      Iter Nº = 1,  NormPhi = 1.720e-05,  objfun = 8.407e-05,  normDeltaq = 4.234e-03,  beta = 1,  rank(C) = 29
      Iter Nº = 2,  NormPhi = 8.524e-10,  objfun = 8.407e-05,  normDeltaq = 2.981e-05,  beta = 1,  rank(C) = 29
    Step Nº = 202/371 - SPEED MODE
      Iter Nº = 1,  NormPhi = 1.192e-05,  objfun = 8.014e-05,  normDeltaq = 3.524e-03,  beta = 1,  rank(C) = 29
      Iter Nº = 2,  NormPhi = 7.154e-10,  objfun = 8.014e-05,  normDeltaq = 2.731e-05,  beta = 1,  rank(C) = 29
    Step Nº = 203/371 - SPEED MODE
      Iter Nº = 1,  NormPhi = 5.569e-08,  objfun = 7.646e-05,  normDeltaq = 2.409e-04,  beta = 1,  rank(C) = 29
    Step Nº = 204/371 - SPEED MODE
      Iter Nº = 1,  NormPhi = 1.314e-05,  objfun = 7.412e-05,  normDeltaq = 3.700e-03,  beta = 1,  rank(C) = 29
      Iter Nº = 2,  NormPhi = 1.012e-09,  objfun = 7.413e-05,  normDeltaq = 3.248e-05,  beta = 1,  rank(C) = 29
    Step Nº = 205/371 - SPEED MODE
      Iter Nº = 1,  NormPhi = 1.053e-05,  objfun = 7.076e-05,  normDeltaq = 3.312e-03,  beta = 1,  rank(C) = 29
      Iter Nº = 2,  NormPhi = 9.134e-10,  objfun = 7.076e-05,  normDeltaq = 3.085e-05,  beta = 1,  rank(C) = 29
    Step Nº = 206/371 - SPEED MODE
      Iter Nº = 1,  NormPhi = 1.470e-05,  objfun = 6.875e-05,  normDeltaq = 3.915e-03,  beta = 1,  rank(C) = 29
      Iter Nº = 2,  NormPhi = 1.400e-09,  objfun = 6.875e-05,  normDeltaq = 3.820e-05,  beta = 1,  rank(C) = 29
    Step Nº = 207/371 - SPEED MODE
      Iter Nº = 1,  NormPhi = 3.631e-06,  objfun = 6.639e-05,  normDeltaq = 1.945e-03,  beta = 1,  rank(C) = 29
      Iter Nº = 2,  NormPhi = 3.770e-10,  objfun = 6.639e-05,  normDeltaq = 1.982e-05,  beta = 1,  rank(C) = 29
    Step Nº = 208/371 - SPEED MODE
      Iter Nº = 1,  NormPhi = 1.481e-05,  objfun = 6.523e-05,  normDeltaq = 3.928e-03,  beta = 1,  rank(C) = 29
      Iter Nº = 2,  NormPhi = 1.675e-09,  objfun = 6.524e-05,  normDeltaq = 4.179e-05,  beta = 1,  rank(C) = 29
    Step Nº = 209/371 - SPEED MODE
      Iter Nº = 1,  NormPhi = 1.188e-06,  objfun = 6.390e-05,  normDeltaq = 1.113e-03,  beta = 1,  rank(C) = 29
      Iter Nº = 2,  NormPhi = 1.410e-10,  objfun = 6.390e-05,  normDeltaq = 1.212e-05,  beta = 1,  rank(C) = 29
    Step Nº = 210/371 - SPEED MODE
      Iter Nº = 1,  NormPhi = 2.076e-06,  objfun = 6.298e-05,  normDeltaq = 1.471e-03,  beta = 1,  rank(C) = 29
      Iter Nº = 2,  NormPhi = 2.615e-10,  objfun = 6.298e-05,  normDeltaq = 1.651e-05,  beta = 1,  rank(C) = 29
    Step Nº = 211/371 - SPEED MODE
      Iter Nº = 1,  NormPhi = 3.632e-06,  objfun = 6.250e-05,  normDeltaq = 1.946e-03,  beta = 1,  rank(C) = 29
      Iter Nº = 2,  NormPhi = 4.745e-10,  objfun = 6.250e-05,  normDeltaq = 2.224e-05,  beta = 1,  rank(C) = 29
    Step Nº = 212/371 - SPEED MODE
      Iter Nº = 1,  NormPhi = 7.769e-08,  objfun = 6.191e-05,  normDeltaq = 2.846e-04,  beta = 1,  rank(C) = 29
    Step Nº = 213/371 - SPEED MODE
      Iter Nº = 1,  NormPhi = 1.723e-06,  objfun = 6.158e-05,  normDeltaq = 1.340e-03,  beta = 1,  rank(C) = 29
      Iter Nº = 2,  NormPhi = 2.359e-10,  objfun = 6.158e-05,  normDeltaq = 1.568e-05,  beta = 1,  rank(C) = 29
    Step Nº = 214/371 - SPEED MODE
      Iter Nº = 1,  NormPhi = 2.255e-08,  objfun = 6.120e-05,  normDeltaq = 1.533e-04,  beta = 1,  rank(C) = 29
    Step Nº = 215/371 - SPEED MODE
      Iter Nº = 1,  NormPhi = 6.963e-07,  objfun = 6.099e-05,  normDeltaq = 8.519e-04,  beta = 1,  rank(C) = 29
    Step Nº = 216/371 - SPEED MODE
      Iter Nº = 1,  NormPhi = 2.480e-07,  objfun = 6.074e-05,  normDeltaq = 5.084e-04,  beta = 1,  rank(C) = 29
    Step Nº = 217/371 - SPEED MODE
      Iter Nº = 1,  NormPhi = 4.447e-09,  objfun = 6.061e-05,  normDeltaq = 3.681e-04,  beta = 0.45,  rank(C) = 29
    Step Nº = 218/371 - SPEED MODE
      Iter Nº = 1,  NormPhi = 1.124e-07,  objfun = 6.048e-05,  normDeltaq = 1.251e-03,  beta = 0.05,  rank(C) = 29
    Step Nº = 219/371 - SPEED MODE
      Iter Nº = 1,  NormPhi = 6.995e-07,  objfun = 6.054e-05,  normDeltaq = 2.998e-03,  beta = 0.05,  rank(C) = 29
    Step Nº = 220/371 - SPEED MODE
      Iter Nº = 1,  NormPhi = 2.039e-06,  objfun = 6.067e-05,  normDeltaq = 4.117e-03,  beta = 0.05,  rank(C) = 29
      Iter Nº = 2,  NormPhi = 1.973e-06,  objfun = 6.065e-05,  normDeltaq = 3.909e-03,  beta = 0.05,  rank(C) = 29
      Iter Nº = 3,  NormPhi = 1.908e-06,  objfun = 6.062e-05,  normDeltaq = 3.711e-03,  beta = 0.1,  rank(C) = 29
      Iter Nº = 4,  NormPhi = 1.824e-06,  objfun = 6.059e-05,  normDeltaq = 3.336e-03,  beta = 0.1,  rank(C) = 29
      Iter Nº = 5,  NormPhi = 1.728e-06,  objfun = 6.056e-05,  normDeltaq = 2.999e-03,  beta = 0.1,  rank(C) = 29
      Iter Nº = 6,  NormPhi = 1.626e-06,  objfun = 6.053e-05,  normDeltaq = 2.696e-03,  beta = 0.15,  rank(C) = 29
      Iter Nº = 7,  NormPhi = 1.495e-06,  objfun = 6.051e-05,  normDeltaq = 2.287e-03,  beta = 0.15,  rank(C) = 29
      Iter Nº = 8,  NormPhi = 1.340e-06,  objfun = 6.049e-05,  normDeltaq = 1.941e-03,  beta = 0.2,  rank(C) = 29
      Iter Nº = 9,  NormPhi = 1.145e-06,  objfun = 6.047e-05,  normDeltaq = 1.548e-03,  beta = 0.3,  rank(C) = 29
      Iter Nº = 10,  NormPhi = 8.519e-07,  objfun = 6.046e-05,  normDeltaq = 1.079e-03,  beta = 0.5,  rank(C) = 29
    Step Nº = 221/371 - SPEED MODE
      Iter Nº = 1,  NormPhi = 7.876e-09,  objfun = 6.064e-05,  normDeltaq = 9.060e-05,  beta = 1,  rank(C) = 29
    Step Nº = 222/371 - SPEED MODE
      Iter Nº = 1,  NormPhi = 1.565e-06,  objfun = 6.089e-05,  normDeltaq = 1.277e-03,  beta = 1,  rank(C) = 29
      Iter Nº = 2,  NormPhi = 1.494e-10,  objfun = 6.089e-05,  normDeltaq = 1.248e-05,  beta = 1,  rank(C) = 29
    Step Nº = 223/371 - SPEED MODE
      Iter Nº = 1,  NormPhi = 5.005e-06,  objfun = 6.151e-05,  normDeltaq = 2.284e-03,  beta = 1,  rank(C) = 29
      Iter Nº = 2,  NormPhi = 4.255e-10,  objfun = 6.151e-05,  normDeltaq = 2.106e-05,  beta = 1,  rank(C) = 29
    Step Nº = 224/371 - SPEED MODE
      Iter Nº = 1,  NormPhi = 1.204e-06,  objfun = 6.212e-05,  normDeltaq = 1.120e-03,  beta = 1,  rank(C) = 29
      Iter Nº = 2,  NormPhi = 9.176e-11,  objfun = 6.212e-05,  normDeltaq = 9.779e-06,  beta = 1,  rank(C) = 29
    Step Nº = 225/371 - SPEED MODE
      Iter Nº = 1,  NormPhi = 7.782e-06,  objfun = 6.330e-05,  normDeltaq = 2.848e-03,  beta = 1,  rank(C) = 29
      Iter Nº = 2,  NormPhi = 5.117e-10,  objfun = 6.331e-05,  normDeltaq = 2.309e-05,  beta = 1,  rank(C) = 29
    Step Nº = 226/371 - SPEED MODE
      Iter Nº = 1,  NormPhi = 2.200e-06,  objfun = 6.441e-05,  normDeltaq = 1.514e-03,  beta = 1,  rank(C) = 29
      Iter Nº = 2,  NormPhi = 1.248e-10,  objfun = 6.441e-05,  normDeltaq = 1.141e-05,  beta = 1,  rank(C) = 29
    Step Nº = 227/371 - SPEED MODE
      Iter Nº = 1,  NormPhi = 1.373e-05,  objfun = 6.667e-05,  normDeltaq = 3.783e-03,  beta = 1,  rank(C) = 29
      Iter Nº = 2,  NormPhi = 6.994e-10,  objfun = 6.667e-05,  normDeltaq = 2.700e-05,  beta = 1,  rank(C) = 29
    Step Nº = 228/371 - SPEED MODE
      Iter Nº = 1,  NormPhi = 1.318e-06,  objfun = 6.979e-05,  normDeltaq = 1.172e-03,  beta = 1,  rank(C) = 29
      Iter Nº = 2,  NormPhi = 5.547e-11,  objfun = 6.979e-05,  normDeltaq = 7.603e-06,  beta = 1,  rank(C) = 29
    Step Nº = 229/371 - SPEED MODE
      Iter Nº = 1,  NormPhi = 1.113e-05,  objfun = 7.211e-05,  normDeltaq = 3.405e-03,  beta = 1,  rank(C) = 29
      Iter Nº = 2,  NormPhi = 4.574e-10,  objfun = 7.211e-05,  normDeltaq = 2.183e-05,  beta = 1,  rank(C) = 29
    Step Nº = 230/371 - SPEED MODE
      Iter Nº = 1,  NormPhi = 8.551e-06,  objfun = 7.569e-05,  normDeltaq = 2.985e-03,  beta = 1,  rank(C) = 29
      Iter Nº = 2,  NormPhi = 2.909e-10,  objfun = 7.569e-05,  normDeltaq = 1.741e-05,  beta = 1,  rank(C) = 29
    Step Nº = 231/371 - SPEED MODE
      Iter Nº = 1,  NormPhi = 1.197e-05,  objfun = 7.812e-05,  normDeltaq = 3.532e-03,  beta = 1,  rank(C) = 29
      Iter Nº = 2,  NormPhi = 3.608e-10,  objfun = 7.812e-05,  normDeltaq = 1.939e-05,  beta = 1,  rank(C) = 29
    Step Nº = 232/371 - SPEED MODE
      Iter Nº = 1,  NormPhi = 8.516e-06,  objfun = 8.176e-05,  normDeltaq = 2.979e-03,  beta = 1,  rank(C) = 29
      Iter Nº = 2,  NormPhi = 1.899e-10,  objfun = 8.176e-05,  normDeltaq = 1.407e-05,  beta = 1,  rank(C) = 29
    Step Nº = 233/371 - SPEED MODE
      Iter Nº = 1,  NormPhi = 9.681e-06,  objfun = 8.414e-05,  normDeltaq = 3.176e-03,  beta = 1,  rank(C) = 29
      Iter Nº = 2,  NormPhi = 1.747e-10,  objfun = 8.414e-05,  normDeltaq = 1.349e-05,  beta = 1,  rank(C) = 29
    Step Nº = 234/371 - SPEED MODE
      Iter Nº = 1,  NormPhi = 8.411e-06,  objfun = 8.775e-05,  normDeltaq = 2.961e-03,  beta = 1,  rank(C) = 29
      Iter Nº = 2,  NormPhi = 9.811e-11,  objfun = 8.775e-05,  normDeltaq = 1.011e-05,  beta = 1,  rank(C) = 29
    Step Nº = 235/371 - SPEED MODE
      Iter Nº = 1,  NormPhi = 3.552e-08,  objfun = 9.147e-05,  normDeltaq = 1.924e-04,  beta = 1,  rank(C) = 29
    Step Nº = 236/371 - SPEED MODE
      Iter Nº = 1,  NormPhi = 8.391e-06,  objfun = 9.416e-05,  normDeltaq = 2.957e-03,  beta = 1,  rank(C) = 29
      Iter Nº = 2,  NormPhi = 3.522e-11,  objfun = 9.416e-05,  normDeltaq = 6.059e-06,  beta = 1,  rank(C) = 29
    Step Nº = 237/371 - SPEED MODE
      Iter Nº = 1,  NormPhi = 1.086e-05,  objfun = 9.879e-05,  normDeltaq = 3.365e-03,  beta = 1,  rank(C) = 29
      Iter Nº = 2,  NormPhi = 3.171e-11,  objfun = 9.879e-05,  normDeltaq = 5.748e-06,  beta = 1,  rank(C) = 29
    Step Nº = 238/371 - SPEED MODE
      Iter Nº = 1,  NormPhi = 7.757e-06,  objfun = 1.023e-04,  normDeltaq = 2.843e-03,  beta = 1,  rank(C) = 29
      Iter Nº = 2,  NormPhi = 1.522e-11,  objfun = 1.023e-04,  normDeltaq = 3.982e-06,  beta = 1,  rank(C) = 29
    Step Nº = 239/371 - SPEED MODE
      Iter Nº = 1,  NormPhi = 1.107e-05,  objfun = 1.081e-04,  normDeltaq = 3.396e-03,  beta = 1,  rank(C) = 29
      Iter Nº = 2,  NormPhi = 4.004e-11,  objfun = 1.081e-04,  normDeltaq = 6.460e-06,  beta = 1,  rank(C) = 29
    Step Nº = 240/371 - SPEED MODE
      Iter Nº = 1,  NormPhi = 1.034e-05,  objfun = 1.122e-04,  normDeltaq = 3.283e-03,  beta = 1,  rank(C) = 29
      Iter Nº = 2,  NormPhi = 4.573e-11,  objfun = 1.122e-04,  normDeltaq = 6.904e-06,  beta = 1,  rank(C) = 29
    Step Nº = 241/371 - SPEED MODE
      Iter Nº = 1,  NormPhi = 9.641e-06,  objfun = 1.187e-04,  normDeltaq = 3.170e-03,  beta = 1,  rank(C) = 29
      Iter Nº = 2,  NormPhi = 5.816e-11,  objfun = 1.187e-04,  normDeltaq = 7.786e-06,  beta = 1,  rank(C) = 29
    Step Nº = 242/371 - SPEED MODE
      Iter Nº = 1,  NormPhi = 1.104e-05,  objfun = 1.232e-04,  normDeltaq = 3.392e-03,  beta = 1,  rank(C) = 29
      Iter Nº = 2,  NormPhi = 8.429e-11,  objfun = 1.232e-04,  normDeltaq = 9.372e-06,  beta = 1,  rank(C) = 29
    Step Nº = 243/371 - SPEED MODE
      Iter Nº = 1,  NormPhi = 7.493e-06,  objfun = 1.300e-04,  normDeltaq = 2.794e-03,  beta = 1,  rank(C) = 29
      Iter Nº = 2,  NormPhi = 6.597e-11,  objfun = 1.300e-04,  normDeltaq = 8.292e-06,  beta = 1,  rank(C) = 29
    Step Nº = 244/371 - SPEED MODE
      Iter Nº = 1,  NormPhi = 6.391e-07,  objfun = 1.368e-04,  normDeltaq = 8.161e-04,  beta = 1,  rank(C) = 29
    Step Nº = 245/371 - SPEED MODE
      Iter Nº = 1,  NormPhi = 9.605e-06,  objfun = 1.413e-04,  normDeltaq = 3.164e-03,  beta = 1,  rank(C) = 29
      Iter Nº = 2,  NormPhi = 1.295e-10,  objfun = 1.413e-04,  normDeltaq = 1.162e-05,  beta = 1,  rank(C) = 29
    Step Nº = 246/371 - SPEED MODE
      Iter Nº = 1,  NormPhi = 3.638e-06,  objfun = 1.478e-04,  normDeltaq = 1.947e-03,  beta = 1,  rank(C) = 29
      Iter Nº = 2,  NormPhi = 5.381e-11,  objfun = 1.478e-04,  normDeltaq = 7.488e-06,  beta = 1,  rank(C) = 29
    Step Nº = 247/371 - SPEED MODE
      Iter Nº = 1,  NormPhi = 7.022e-06,  objfun = 1.522e-04,  normDeltaq = 2.705e-03,  beta = 1,  rank(C) = 29
      Iter Nº = 2,  NormPhi = 1.235e-10,  objfun = 1.522e-04,  normDeltaq = 1.135e-05,  beta = 1,  rank(C) = 29
    Step Nº = 248/371 - SPEED MODE
      Iter Nº = 1,  NormPhi = 2.490e-06,  objfun = 1.585e-04,  normDeltaq = 1.611e-03,  beta = 1,  rank(C) = 29
      Iter Nº = 2,  NormPhi = 4.833e-11,  objfun = 1.585e-04,  normDeltaq = 7.097e-06,  beta = 1,  rank(C) = 29
    Step Nº = 249/371 - SPEED MODE
      Iter Nº = 1,  NormPhi = 5.557e-06,  objfun = 1.626e-04,  normDeltaq = 2.407e-03,  beta = 1,  rank(C) = 29
      Iter Nº = 2,  NormPhi = 1.235e-10,  objfun = 1.626e-04,  normDeltaq = 1.134e-05,  beta = 1,  rank(C) = 29
    Step Nº = 250/371 - SPEED MODE
      Iter Nº = 1,  NormPhi = 1.413e-06,  objfun = 1.686e-04,  normDeltaq = 1.213e-03,  beta = 1,  rank(C) = 29
      Iter Nº = 2,  NormPhi = 3.427e-11,  objfun = 1.686e-04,  normDeltaq = 5.977e-06,  beta = 1,  rank(C) = 29
    Step Nº = 251/371 - SPEED MODE
      Iter Nº = 1,  NormPhi = 4.058e-06,  objfun = 1.723e-04,  normDeltaq = 2.057e-03,  beta = 1,  rank(C) = 29
      Iter Nº = 2,  NormPhi = 1.098e-10,  objfun = 1.723e-04,  normDeltaq = 1.070e-05,  beta = 1,  rank(C) = 29
    Step Nº = 252/371 - SPEED MODE
      Iter Nº = 1,  NormPhi = 6.900e-07,  objfun = 1.776e-04,  normDeltaq = 8.480e-04,  beta = 1,  rank(C) = 29
    Step Nº = 253/371 - SPEED MODE
      Iter Nº = 1,  NormPhi = 5.558e-07,  objfun = 1.821e-04,  normDeltaq = 7.611e-04,  beta = 1,  rank(C) = 29
    Step Nº = 254/371 - SPEED MODE
      Iter Nº = 1,  NormPhi = 1.591e-06,  objfun = 1.847e-04,  normDeltaq = 1.288e-03,  beta = 1,  rank(C) = 29
      Iter Nº = 2,  NormPhi = 5.484e-11,  objfun = 1.847e-04,  normDeltaq = 7.560e-06,  beta = 1,  rank(C) = 29
    Step Nº = 255/371 - SPEED MODE
      Iter Nº = 1,  NormPhi = 4.817e-08,  objfun = 1.879e-04,  normDeltaq = 2.241e-04,  beta = 1,  rank(C) = 29
    Step Nº = 256/371 - SPEED MODE
      Iter Nº = 1,  NormPhi = 7.615e-07,  objfun = 1.896e-04,  normDeltaq = 8.909e-04,  beta = 1,  rank(C) = 29
    Step Nº = 257/371 - SPEED MODE
      Iter Nº = 1,  NormPhi = 3.415e-10,  objfun = 1.915e-04,  normDeltaq = 1.887e-05,  beta = 1,  rank(C) = 29
    Step Nº = 258/371 - SPEED MODE
      Iter Nº = 1,  NormPhi = 3.232e-07,  objfun = 1.923e-04,  normDeltaq = 5.804e-04,  beta = 1,  rank(C) = 29
    Step Nº = 259/371 - SPEED MODE
      Iter Nº = 1,  NormPhi = 4.478e-08,  objfun = 1.930e-04,  normDeltaq = 2.160e-04,  beta = 1,  rank(C) = 29
    Step Nº = 260/371 - SPEED MODE
      Iter Nº = 1,  NormPhi = 1.461e-09,  objfun = 1.929e-04,  normDeltaq = 4.474e-04,  beta = 0.65,  rank(C) = 29
    Step Nº = 261/371 - SPEED MODE
      Iter Nº = 1,  NormPhi = 5.648e-08,  objfun = 1.926e-04,  normDeltaq = 3.715e-04,  beta = 0.25,  rank(C) = 29
    Step Nº = 262/371 - SPEED MODE
      Iter Nº = 1,  NormPhi = 2.932e-07,  objfun = 1.914e-04,  normDeltaq = 1.030e-03,  beta = 0.15,  rank(C) = 29
    Step Nº = 263/371 - SPEED MODE
      Iter Nº = 1,  NormPhi = 8.477e-07,  objfun = 1.903e-04,  normDeltaq = 1.384e-03,  beta = 0.25,  rank(C) = 29
    Step Nº = 264/371 - SPEED MODE
      Iter Nº = 1,  NormPhi = 2.363e-06,  objfun = 1.879e-04,  normDeltaq = 2.321e-03,  beta = 0.25,  rank(C) = 29
      Iter Nº = 2,  NormPhi = 1.885e-06,  objfun = 1.879e-04,  normDeltaq = 1.744e-03,  beta = 0.4,  rank(C) = 29
      Iter Nº = 3,  NormPhi = 1.046e-06,  objfun = 1.878e-04,  normDeltaq = 1.050e-03,  beta = 0.9,  rank(C) = 29
      Iter Nº = 4,  NormPhi = 1.172e-08,  objfun = 1.878e-04,  normDeltaq = 1.105e-04,  beta = 1,  rank(C) = 29
    Step Nº = 265/371 - SPEED MODE
      Iter Nº = 1,  NormPhi = 1.486e-06,  objfun = 1.857e-04,  normDeltaq = 1.245e-03,  beta = 1,  rank(C) = 29
      Iter Nº = 2,  NormPhi = 4.801e-11,  objfun = 1.857e-04,  normDeltaq = 7.073e-06,  beta = 1,  rank(C) = 29
    Step Nº = 266/371 - SPEED MODE
      Iter Nº = 1,  NormPhi = 2.829e-06,  objfun = 1.819e-04,  normDeltaq = 1.717e-03,  beta = 1,  rank(C) = 29
      Iter Nº = 2,  NormPhi = 8.277e-11,  objfun = 1.819e-04,  normDeltaq = 9.287e-06,  beta = 1,  rank(C) = 29
    Step Nº = 267/371 - SPEED MODE
      Iter Nº = 1,  NormPhi = 4.369e-07,  objfun = 1.789e-04,  normDeltaq = 6.748e-04,  beta = 1,  rank(C) = 29
    Step Nº = 268/371 - SPEED MODE
      Iter Nº = 1,  NormPhi = 3.594e-06,  objfun = 1.740e-04,  normDeltaq = 1.935e-03,  beta = 1,  rank(C) = 29
      Iter Nº = 2,  NormPhi = 8.340e-11,  objfun = 1.740e-04,  normDeltaq = 9.323e-06,  beta = 1,  rank(C) = 29
    Step Nº = 269/371 - SPEED MODE
      Iter Nº = 1,  NormPhi = 2.246e-07,  objfun = 1.687e-04,  normDeltaq = 4.838e-04,  beta = 1,  rank(C) = 29
    Step Nº = 270/371 - SPEED MODE
      Iter Nº = 1,  NormPhi = 2.617e-06,  objfun = 1.649e-04,  normDeltaq = 1.652e-03,  beta = 1,  rank(C) = 29
      Iter Nº = 2,  NormPhi = 4.693e-11,  objfun = 1.649e-04,  normDeltaq = 6.993e-06,  beta = 1,  rank(C) = 29
    Step Nº = 271/371 - SPEED MODE
      Iter Nº = 1,  NormPhi = 4.081e-06,  objfun = 1.591e-04,  normDeltaq = 2.062e-03,  beta = 1,  rank(C) = 29
      Iter Nº = 2,  NormPhi = 6.442e-11,  objfun = 1.591e-04,  normDeltaq = 8.194e-06,  beta = 1,  rank(C) = 29
    Step Nº = 272/371 - SPEED MODE
      Iter Nº = 1,  NormPhi = 3.101e-06,  objfun = 1.552e-04,  normDeltaq = 1.798e-03,  beta = 1,  rank(C) = 29
      Iter Nº = 2,  NormPhi = 4.321e-11,  objfun = 1.552e-04,  normDeltaq = 6.711e-06,  beta = 1,  rank(C) = 29
    Step Nº = 273/371 - SPEED MODE
      Iter Nº = 1,  NormPhi = 4.827e-06,  objfun = 1.490e-04,  normDeltaq = 2.243e-03,  beta = 1,  rank(C) = 29
      Iter Nº = 2,  NormPhi = 5.819e-11,  objfun = 1.490e-04,  normDeltaq = 7.787e-06,  beta = 1,  rank(C) = 29
    Step Nº = 274/371 - SPEED MODE
      Iter Nº = 1,  NormPhi = 3.410e-06,  objfun = 1.448e-04,  normDeltaq = 1.885e-03,  beta = 1,  rank(C) = 29
      Iter Nº = 2,  NormPhi = 3.465e-11,  objfun = 1.448e-04,  normDeltaq = 6.009e-06,  beta = 1,  rank(C) = 29
    Step Nº = 275/371 - SPEED MODE
      Iter Nº = 1,  NormPhi = 5.520e-06,  objfun = 1.384e-04,  normDeltaq = 2.398e-03,  beta = 1,  rank(C) = 29
      Iter Nº = 2,  NormPhi = 4.674e-11,  objfun = 1.384e-04,  normDeltaq = 6.979e-06,  beta = 1,  rank(C) = 29
    Step Nº = 276/371 - SPEED MODE
      Iter Nº = 1,  NormPhi = 4.292e-06,  objfun = 1.342e-04,  normDeltaq = 2.115e-03,  beta = 1,  rank(C) = 29
      Iter Nº = 2,  NormPhi = 2.928e-11,  objfun = 1.342e-04,  normDeltaq = 5.524e-06,  beta = 1,  rank(C) = 29
    Step Nº = 277/371 - SPEED MODE
      Iter Nº = 1,  NormPhi = 5.377e-06,  objfun = 1.278e-04,  normDeltaq = 2.367e-03,  beta = 1,  rank(C) = 29
      Iter Nº = 2,  NormPhi = 2.845e-11,  objfun = 1.278e-04,  normDeltaq = 5.445e-06,  beta = 1,  rank(C) = 29
    Step Nº = 278/371 - SPEED MODE
      Iter Nº = 1,  NormPhi = 3.004e-08,  objfun = 1.217e-04,  normDeltaq = 1.769e-04,  beta = 1,  rank(C) = 29
    Step Nº = 279/371 - SPEED MODE
      Iter Nº = 1,  NormPhi = 5.649e-06,  objfun = 1.178e-04,  normDeltaq = 2.426e-03,  beta = 1,  rank(C) = 29
      Iter Nº = 2,  NormPhi = 1.454e-11,  objfun = 1.178e-04,  normDeltaq = 3.893e-06,  beta = 1,  rank(C) = 29
    Step Nº = 280/371 - SPEED MODE
      Iter Nº = 1,  NormPhi = 4.398e-06,  objfun = 1.121e-04,  normDeltaq = 2.141e-03,  beta = 1,  rank(C) = 29
      Iter Nº = 2,  NormPhi = 5.715e-12,  objfun = 1.121e-04,  normDeltaq = 2.440e-06,  beta = 1,  rank(C) = 29
    Step Nº = 281/371 - SPEED MODE
      Iter Nº = 1,  NormPhi = 4.246e-06,  objfun = 1.084e-04,  normDeltaq = 2.104e-03,  beta = 1,  rank(C) = 29
      Iter Nº = 2,  NormPhi = 4.519e-12,  objfun = 1.084e-04,  normDeltaq = 2.170e-06,  beta = 1,  rank(C) = 29
    Step Nº = 282/371 - SPEED MODE
      Iter Nº = 1,  NormPhi = 5.614e-06,  objfun = 1.028e-04,  normDeltaq = 2.419e-03,  beta = 1,  rank(C) = 29
      Iter Nº = 2,  NormPhi = 9.140e-12,  objfun = 1.028e-04,  normDeltaq = 3.086e-06,  beta = 1,  rank(C) = 29
    Step Nº = 283/371 - SPEED MODE
      Iter Nº = 1,  NormPhi = 5.219e-06,  objfun = 9.928e-05,  normDeltaq = 2.332e-03,  beta = 1,  rank(C) = 29
      Iter Nº = 2,  NormPhi = 1.028e-11,  objfun = 9.928e-05,  normDeltaq = 3.273e-06,  beta = 1,  rank(C) = 29
    Step Nº = 284/371 - SPEED MODE
      Iter Nº = 1,  NormPhi = 2.867e-06,  objfun = 9.453e-05,  normDeltaq = 1.728e-03,  beta = 1,  rank(C) = 29
      Iter Nº = 2,  NormPhi = 7.502e-12,  objfun = 9.453e-05,  normDeltaq = 2.796e-06,  beta = 1,  rank(C) = 29
    Step Nº = 285/371 - SPEED MODE
      Iter Nº = 1,  NormPhi = 9.545e-07,  objfun = 9.062e-05,  normDeltaq = 9.974e-04,  beta = 1,  rank(C) = 29
    Step Nº = 286/371 - SPEED MODE
      Iter Nº = 1,  NormPhi = 4.341e-06,  objfun = 8.839e-05,  normDeltaq = 2.127e-03,  beta = 1,  rank(C) = 29
      Iter Nº = 2,  NormPhi = 2.917e-11,  objfun = 8.839e-05,  normDeltaq = 5.514e-06,  beta = 1,  rank(C) = 29
    Step Nº = 287/371 - SPEED MODE
      Iter Nº = 1,  NormPhi = 1.205e-06,  objfun = 8.547e-05,  normDeltaq = 1.121e-03,  beta = 1,  rank(C) = 29
      Iter Nº = 2,  NormPhi = 1.058e-11,  objfun = 8.547e-05,  normDeltaq = 3.320e-06,  beta = 1,  rank(C) = 29
    Step Nº = 288/371 - SPEED MODE
      Iter Nº = 1,  NormPhi = 2.446e-06,  objfun = 8.369e-05,  normDeltaq = 1.597e-03,  beta = 1,  rank(C) = 29
      Iter Nº = 2,  NormPhi = 2.715e-11,  objfun = 8.369e-05,  normDeltaq = 5.319e-06,  beta = 1,  rank(C) = 29
    Step Nº = 289/371 - SPEED MODE
      Iter Nº = 1,  NormPhi = 1.203e-06,  objfun = 8.122e-05,  normDeltaq = 1.120e-03,  beta = 1,  rank(C) = 29
      Iter Nº = 2,  NormPhi = 1.668e-11,  objfun = 8.122e-05,  normDeltaq = 4.169e-06,  beta = 1,  rank(C) = 29
    Step Nº = 290/371 - SPEED MODE
      Iter Nº = 1,  NormPhi = 1.947e-06,  objfun = 7.969e-05,  normDeltaq = 1.424e-03,  beta = 1,  rank(C) = 29
      Iter Nº = 2,  NormPhi = 3.121e-11,  objfun = 7.969e-05,  normDeltaq = 5.703e-06,  beta = 1,  rank(C) = 29
    Step Nº = 291/371 - SPEED MODE
      Iter Nº = 1,  NormPhi = 7.850e-07,  objfun = 7.757e-05,  normDeltaq = 9.045e-04,  beta = 1,  rank(C) = 29
    Step Nº = 292/371 - SPEED MODE
      Iter Nº = 1,  NormPhi = 1.747e-06,  objfun = 7.625e-05,  normDeltaq = 1.349e-03,  beta = 1,  rank(C) = 29
      Iter Nº = 2,  NormPhi = 3.560e-11,  objfun = 7.625e-05,  normDeltaq = 6.091e-06,  beta = 1,  rank(C) = 29
    Step Nº = 293/371 - SPEED MODE
      Iter Nº = 1,  NormPhi = 3.831e-07,  objfun = 7.448e-05,  normDeltaq = 6.319e-04,  beta = 1,  rank(C) = 29
    Step Nº = 294/371 - SPEED MODE
      Iter Nº = 1,  NormPhi = 3.006e-07,  objfun = 7.308e-05,  normDeltaq = 5.597e-04,  beta = 1,  rank(C) = 29
    Step Nº = 295/371 - SPEED MODE
      Iter Nº = 1,  NormPhi = 7.725e-07,  objfun = 7.231e-05,  normDeltaq = 8.973e-04,  beta = 1,  rank(C) = 29
    Step Nº = 296/371 - SPEED MODE
      Iter Nº = 1,  NormPhi = 2.584e-08,  objfun = 7.136e-05,  normDeltaq = 1.641e-04,  beta = 1,  rank(C) = 29
    Step Nº = 297/371 - SPEED MODE
      Iter Nº = 1,  NormPhi = 4.104e-07,  objfun = 7.085e-05,  normDeltaq = 6.540e-04,  beta = 1,  rank(C) = 29
    Step Nº = 298/371 - SPEED MODE
      Iter Nº = 1,  NormPhi = 4.858e-11,  objfun = 7.025e-05,  normDeltaq = 7.115e-06,  beta = 1,  rank(C) = 29
    Step Nº = 299/371 - SPEED MODE
      Iter Nº = 1,  NormPhi = 1.495e-07,  objfun = 6.997e-05,  normDeltaq = 3.948e-04,  beta = 1,  rank(C) = 29
    Step Nº = 300/371 - SPEED MODE
      Iter Nº = 1,  NormPhi = 8.469e-09,  objfun = 6.973e-05,  normDeltaq = 9.395e-05,  beta = 1,  rank(C) = 29
    Step Nº = 301/371 - SPEED MODE
      Iter Nº = 1,  NormPhi = 2.138e-09,  objfun = 6.969e-05,  normDeltaq = 2.038e-04,  beta = 0.75,  rank(C) = 29
    Step Nº = 302/371 - SPEED MODE
      Iter Nº = 1,  NormPhi = 1.441e-09,  objfun = 6.974e-05,  normDeltaq = 2.845e-04,  beta = 0.3,  rank(C) = 29
    Step Nº = 303/371 - SPEED MODE
      Iter Nº = 1,  NormPhi = 1.995e-08,  objfun = 6.994e-05,  normDeltaq = 5.610e-04,  beta = 0.05,  rank(C) = 29
    Step Nº = 304/371 - SPEED MODE
      Iter Nº = 1,  NormPhi = 7.294e-08,  objfun = 7.011e-05,  normDeltaq = 8.310e-04,  beta = 0.05,  rank(C) = 29
    Step Nº = 305/371 - SPEED MODE
      Iter Nº = 1,  NormPhi = 1.803e-07,  objfun = 7.046e-05,  normDeltaq = 1.504e-03,  beta = 0.05,  rank(C) = 29
    Step Nº = 306/371 - SPEED MODE
      Iter Nº = 1,  NormPhi = 3.953e-07,  objfun = 7.075e-05,  normDeltaq = 1.907e-03,  beta = 0.05,  rank(C) = 29
    Step Nº = 307/371 - SPEED MODE
      Iter Nº = 1,  NormPhi = 8.146e-07,  objfun = 7.132e-05,  normDeltaq = 2.771e-03,  beta = 0.05,  rank(C) = 29
    Step Nº = 308/371 - SPEED MODE
      Iter Nº = 1,  NormPhi = 1.610e-06,  objfun = 7.178e-05,  normDeltaq = 3.172e-03,  beta = 0.1,  rank(C) = 29
      Iter Nº = 2,  NormPhi = 1.527e-06,  objfun = 7.176e-05,  normDeltaq = 2.853e-03,  beta = 0.1,  rank(C) = 29
      Iter Nº = 3,  NormPhi = 1.438e-06,  objfun = 7.174e-05,  normDeltaq = 2.566e-03,  beta = 0.1,  rank(C) = 29
      Iter Nº = 4,  NormPhi = 1.337e-06,  objfun = 7.172e-05,  normDeltaq = 2.308e-03,  beta = 0.15,  rank(C) = 29
      Iter Nº = 5,  NormPhi = 1.217e-06,  objfun = 7.170e-05,  normDeltaq = 1.960e-03,  beta = 0.2,  rank(C) = 29
      Iter Nº = 6,  NormPhi = 1.060e-06,  objfun = 7.169e-05,  normDeltaq = 1.566e-03,  beta = 0.25,  rank(C) = 29
      Iter Nº = 7,  NormPhi = 8.472e-07,  objfun = 7.168e-05,  normDeltaq = 1.173e-03,  beta = 0.4,  rank(C) = 29
    Step Nº = 309/371 - SPEED MODE
      Iter Nº = 1,  NormPhi = 2.767e-07,  objfun = 7.249e-05,  normDeltaq = 5.370e-04,  beta = 1,  rank(C) = 29
    Step Nº = 310/371 - SPEED MODE
      Iter Nº = 1,  NormPhi = 2.051e-07,  objfun = 7.358e-05,  normDeltaq = 4.623e-04,  beta = 1,  rank(C) = 29
    Step Nº = 311/371 - SPEED MODE
      Iter Nº = 1,  NormPhi = 2.992e-07,  objfun = 7.446e-05,  normDeltaq = 5.584e-04,  beta = 1,  rank(C) = 29
    Step Nº = 312/371 - SPEED MODE
      Iter Nº = 1,  NormPhi = 6.852e-07,  objfun = 7.603e-05,  normDeltaq = 8.450e-04,  beta = 1,  rank(C) = 29
    Step Nº = 313/371 - SPEED MODE
      Iter Nº = 1,  NormPhi = 4.715e-07,  objfun = 7.718e-05,  normDeltaq = 7.010e-04,  beta = 1,  rank(C) = 29
    Step Nº = 314/371 - SPEED MODE
      Iter Nº = 1,  NormPhi = 5.610e-07,  objfun = 7.900e-05,  normDeltaq = 7.646e-04,  beta = 1,  rank(C) = 29
    Step Nº = 315/371 - SPEED MODE
      Iter Nº = 1,  NormPhi = 6.411e-07,  objfun = 8.026e-05,  normDeltaq = 8.174e-04,  beta = 1,  rank(C) = 29
    Step Nº = 316/371 - SPEED MODE
      Iter Nº = 1,  NormPhi = 4.247e-07,  objfun = 8.224e-05,  normDeltaq = 6.653e-04,  beta = 1,  rank(C) = 29
    Step Nº = 317/371 - SPEED MODE
      Iter Nº = 1,  NormPhi = 5.702e-07,  objfun = 8.364e-05,  normDeltaq = 7.709e-04,  beta = 1,  rank(C) = 29
    Step Nº = 318/371 - SPEED MODE
      Iter Nº = 1,  NormPhi = 5.337e-07,  objfun = 8.596e-05,  normDeltaq = 7.458e-04,  beta = 1,  rank(C) = 29
    Step Nº = 319/371 - SPEED MODE
      Iter Nº = 1,  NormPhi = 8.909e-08,  objfun = 8.878e-05,  normDeltaq = 3.047e-04,  beta = 1,  rank(C) = 29
    Step Nº = 320/371 - SPEED MODE
      Iter Nº = 1,  NormPhi = 3.152e-07,  objfun = 9.097e-05,  normDeltaq = 5.731e-04,  beta = 1,  rank(C) = 29
    Step Nº = 321/371 - SPEED MODE
      Iter Nº = 1,  NormPhi = 2.000e-06,  objfun = 9.483e-05,  normDeltaq = 1.444e-03,  beta = 1,  rank(C) = 29
      Iter Nº = 2,  NormPhi = 9.867e-12,  objfun = 9.483e-05,  normDeltaq = 3.207e-06,  beta = 1,  rank(C) = 29
    Step Nº = 322/371 - SPEED MODE
      Iter Nº = 1,  NormPhi = 5.959e-07,  objfun = 9.772e-05,  normDeltaq = 7.880e-04,  beta = 1,  rank(C) = 29
    Step Nº = 323/371 - SPEED MODE
      Iter Nº = 1,  NormPhi = 2.992e-06,  objfun = 1.025e-04,  normDeltaq = 1.766e-03,  beta = 1,  rank(C) = 29
      Iter Nº = 2,  NormPhi = 1.357e-11,  objfun = 1.025e-04,  normDeltaq = 3.761e-06,  beta = 1,  rank(C) = 29
    Step Nº = 324/371 - SPEED MODE
      Iter Nº = 1,  NormPhi = 1.484e-06,  objfun = 1.060e-04,  normDeltaq = 1.244e-03,  beta = 1,  rank(C) = 29
      Iter Nº = 2,  NormPhi = 6.152e-12,  objfun = 1.060e-04,  normDeltaq = 2.532e-06,  beta = 1,  rank(C) = 29
    Step Nº = 325/371 - SPEED MODE
      Iter Nº = 1,  NormPhi = 1.591e-06,  objfun = 1.113e-04,  normDeltaq = 1.288e-03,  beta = 1,  rank(C) = 29
      Iter Nº = 2,  NormPhi = 6.552e-12,  objfun = 1.113e-04,  normDeltaq = 2.613e-06,  beta = 1,  rank(C) = 29
    Step Nº = 326/371 - SPEED MODE
      Iter Nº = 1,  NormPhi = 2.822e-06,  objfun = 1.146e-04,  normDeltaq = 1.715e-03,  beta = 1,  rank(C) = 29
      Iter Nº = 2,  NormPhi = 1.214e-11,  objfun = 1.146e-04,  normDeltaq = 3.557e-06,  beta = 1,  rank(C) = 29
    Step Nº = 327/371 - SPEED MODE
      Iter Nº = 1,  NormPhi = 8.166e-07,  objfun = 1.196e-04,  normDeltaq = 9.225e-04,  beta = 1,  rank(C) = 29
    Step Nº = 328/371 - SPEED MODE
      Iter Nº = 1,  NormPhi = 2.983e-07,  objfun = 1.241e-04,  normDeltaq = 5.576e-04,  beta = 1,  rank(C) = 29
    Step Nº = 329/371 - SPEED MODE
      Iter Nº = 1,  NormPhi = 1.317e-06,  objfun = 1.271e-04,  normDeltaq = 1.172e-03,  beta = 1,  rank(C) = 29
      Iter Nº = 2,  NormPhi = 3.108e-12,  objfun = 1.271e-04,  normDeltaq = 1.800e-06,  beta = 1,  rank(C) = 29
    Step Nº = 330/371 - SPEED MODE
      Iter Nº = 1,  NormPhi = 3.320e-07,  objfun = 1.313e-04,  normDeltaq = 5.883e-04,  beta = 1,  rank(C) = 29
    Step Nº = 331/371 - SPEED MODE
      Iter Nº = 1,  NormPhi = 8.922e-07,  objfun = 1.341e-04,  normDeltaq = 9.643e-04,  beta = 1,  rank(C) = 29
    Step Nº = 332/371 - SPEED MODE
      Iter Nº = 1,  NormPhi = 2.895e-07,  objfun = 1.380e-04,  normDeltaq = 5.492e-04,  beta = 1,  rank(C) = 29
    Step Nº = 333/371 - SPEED MODE
      Iter Nº = 1,  NormPhi = 5.324e-07,  objfun = 1.405e-04,  normDeltaq = 7.449e-04,  beta = 1,  rank(C) = 29
    Step Nº = 334/371 - SPEED MODE
      Iter Nº = 1,  NormPhi = 2.408e-07,  objfun = 1.440e-04,  normDeltaq = 5.009e-04,  beta = 1,  rank(C) = 29
    Step Nº = 335/371 - SPEED MODE
      Iter Nº = 1,  NormPhi = 3.416e-08,  objfun = 1.471e-04,  normDeltaq = 1.887e-04,  beta = 1,  rank(C) = 29
    Step Nº = 336/371 - SPEED MODE
      Iter Nº = 1,  NormPhi = 3.562e-07,  objfun = 1.491e-04,  normDeltaq = 6.093e-04,  beta = 1,  rank(C) = 29
    Step Nº = 337/371 - SPEED MODE
      Iter Nº = 1,  NormPhi = 2.109e-08,  objfun = 1.515e-04,  normDeltaq = 1.482e-04,  beta = 1,  rank(C) = 29
    Step Nº = 338/371 - SPEED MODE
      Iter Nº = 1,  NormPhi = 3.132e-07,  objfun = 1.528e-04,  normDeltaq = 5.713e-04,  beta = 1,  rank(C) = 29
    Step Nº = 339/371 - SPEED MODE
      Iter Nº = 1,  NormPhi = 1.589e-11,  objfun = 1.543e-04,  normDeltaq = 4.070e-06,  beta = 1,  rank(C) = 29
    Step Nº = 340/371 - SPEED MODE
      Iter Nº = 1,  NormPhi = 6.085e-08,  objfun = 1.551e-04,  normDeltaq = 2.518e-04,  beta = 1,  rank(C) = 29
    Step Nº = 341/371 - SPEED MODE
      Iter Nº = 1,  NormPhi = 1.051e-09,  objfun = 1.561e-04,  normDeltaq = 3.310e-05,  beta = 1,  rank(C) = 29
    Step Nº = 342/371 - SPEED MODE
      Iter Nº = 1,  NormPhi = 2.543e-08,  objfun = 1.566e-04,  normDeltaq = 1.628e-04,  beta = 1,  rank(C) = 29
    Step Nº = 343/371 - SPEED MODE
      Iter Nº = 1,  NormPhi = 9.245e-10,  objfun = 1.571e-04,  normDeltaq = 3.104e-05,  beta = 1,  rank(C) = 29
    Step Nº = 344/371 - SPEED MODE
      Iter Nº = 1,  NormPhi = 1.659e-10,  objfun = 1.574e-04,  normDeltaq = 1.157e-04,  beta = 0.6,  rank(C) = 29
    Step Nº = 345/371 - SPEED MODE
      Iter Nº = 1,  NormPhi = 3.395e-11,  objfun = 1.575e-04,  normDeltaq = 1.249e-04,  beta = 0.15,  rank(C) = 29
    Step Nº = 346/371 - SPEED MODE
      Iter Nº = 1,  NormPhi = 7.445e-10,  objfun = 1.573e-04,  normDeltaq = 2.735e-04,  beta = 0.101,  rank(C) = 29
    Step Nº = 347/371 - SPEED MODE
      Iter Nº = 1,  NormPhi = 4.768e-09,  objfun = 1.571e-04,  normDeltaq = 3.666e-04,  beta = 0.101,  rank(C) = 29
    Step Nº = 348/371 - SPEED MODE
      Iter Nº = 1,  NormPhi = 1.859e-08,  objfun = 1.566e-04,  normDeltaq = 5.456e-04,  beta = 0.05,  rank(C) = 29
    Step Nº = 349/371 - SPEED MODE
      Iter Nº = 1,  NormPhi = 4.982e-08,  objfun = 1.561e-04,  normDeltaq = 6.325e-04,  beta = 0.05,  rank(C) = 29
    Step Nº = 350/371 - SPEED MODE
      Iter Nº = 1,  NormPhi = 1.082e-07,  objfun = 1.551e-04,  normDeltaq = 7.615e-04,  beta = 0.1,  rank(C) = 29
    Step Nº = 351/371 - SPEED MODE
      Iter Nº = 1,  NormPhi = 2.072e-07,  objfun = 1.544e-04,  normDeltaq = 6.203e-04,  beta = 0.35,  rank(C) = 29
    Step Nº = 352/371 - SPEED MODE
      Iter Nº = 1,  NormPhi = 1.798e-08,  objfun = 1.531e-04,  normDeltaq = 1.369e-04,  beta = 1,  rank(C) = 29
    Step Nº = 353/371 - SPEED MODE
      Iter Nº = 1,  NormPhi = 1.040e-07,  objfun = 1.514e-04,  normDeltaq = 3.292e-04,  beta = 1,  rank(C) = 29
    Step Nº = 354/371 - SPEED MODE
      Iter Nº = 1,  NormPhi = 1.318e-10,  objfun = 1.500e-04,  normDeltaq = 1.172e-05,  beta = 1,  rank(C) = 29
    Step Nº = 355/371 - SPEED MODE
      Iter Nº = 1,  NormPhi = 9.992e-09,  objfun = 1.475e-04,  normDeltaq = 2.514e-04,  beta = 0.1,  rank(C) = 29
    Step Nº = 356/371 - SPEED MODE
      Iter Nº = 1,  NormPhi = 1.094e-07,  objfun = 1.456e-04,  normDeltaq = 3.644e-04,  beta = 0.6,  rank(C) = 29
    Step Nº = 357/371 - SPEED MODE
      Iter Nº = 1,  NormPhi = 1.422e-07,  objfun = 1.424e-04,  normDeltaq = 3.849e-04,  beta = 1,  rank(C) = 29
    Step Nº = 358/371 - SPEED MODE
      Iter Nº = 1,  NormPhi = 9.454e-08,  objfun = 1.401e-04,  normDeltaq = 3.139e-04,  beta = 1,  rank(C) = 29
    Step Nº = 359/371 - SPEED MODE
      Iter Nº = 1,  NormPhi = 1.076e-07,  objfun = 1.363e-04,  normDeltaq = 3.349e-04,  beta = 1,  rank(C) = 29
    Step Nº = 360/371 - SPEED MODE
      Iter Nº = 1,  NormPhi = 1.096e-08,  objfun = 1.324e-04,  normDeltaq = 1.069e-04,  beta = 1,  rank(C) = 29
    Step Nº = 361/371 - SPEED MODE
      Iter Nº = 1,  NormPhi = 7.396e-08,  objfun = 1.296e-04,  normDeltaq = 2.776e-04,  beta = 1,  rank(C) = 29
    Step Nº = 362/371 - SPEED MODE
      Iter Nº = 1,  NormPhi = 1.960e-07,  objfun = 1.254e-04,  normDeltaq = 4.519e-04,  beta = 1,  rank(C) = 29
    Step Nº = 363/371 - SPEED MODE
      Iter Nº = 1,  NormPhi = 9.759e-08,  objfun = 1.225e-04,  normDeltaq = 3.189e-04,  beta = 1,  rank(C) = 29
    Step Nº = 364/371 - SPEED MODE
      Iter Nº = 1,  NormPhi = 2.854e-07,  objfun = 1.183e-04,  normDeltaq = 5.454e-04,  beta = 1,  rank(C) = 29
    Step Nº = 365/371 - SPEED MODE
      Iter Nº = 1,  NormPhi = 1.361e-07,  objfun = 1.154e-04,  normDeltaq = 3.765e-04,  beta = 1,  rank(C) = 29
    Step Nº = 366/371 - SPEED MODE
      Iter Nº = 1,  NormPhi = 3.637e-07,  objfun = 1.113e-04,  normDeltaq = 6.156e-04,  beta = 1,  rank(C) = 29
    Step Nº = 367/371 - SPEED MODE
      Iter Nº = 1,  NormPhi = 3.394e-07,  objfun = 1.086e-04,  normDeltaq = 5.948e-04,  beta = 1,  rank(C) = 29
    Step Nº = 368/371 - SPEED MODE
      Iter Nº = 1,  NormPhi = 1.371e-07,  objfun = 1.049e-04,  normDeltaq = 3.780e-04,  beta = 1,  rank(C) = 29
    Step Nº = 369/371 - SPEED MODE
      Iter Nº = 1,  NormPhi = 3.919e-08,  objfun = 1.016e-04,  normDeltaq = 2.021e-04,  beta = 1,  rank(C) = 29
    Step Nº = 370/371 - SPEED MODE
      Iter Nº = 1,  NormPhi = 2.266e-07,  objfun = 9.954e-05,  normDeltaq = 4.860e-04,  beta = 1,  rank(C) = 29
    Step Nº = 371/371 - SPEED MODE
      Iter Nº = 1,  NormPhi = 9.828e-08,  objfun = 9.669e-05,  normDeltaq = 3.200e-04,  beta = 1,  rank(C) = 29

    --------------------------------------------------
     Solver convergence report. TOL = 1e-06
    --------------------------------------------------
      Error Range      Frames       Percentages
     -------------   ----------   ---------------
       < 1e-7            282           76.01
     [1e-7, 1e-6]         89           23.99
     [1e-6, 1e-5]          0            0.00
     [1e-5, 1e-4]          0            0.00
     [1e-4, 1e-3]          0            0.00
     [1e-3, 1e-2]          0            0.00
     [1e-2, 1e-1]          0            0.00
     [1e-1, 1.0 ]          0            0.00
       > 1.0               0            0.00
     Number of total iterations: 659
   IK Solver Time: 0 hour(s) 0 minute(s) and 1.1986 second(s).

   --------------------------------------
    Results files 
   --------------------------------------
    Writing reconstructed motion in COMPAMM format:
      ExpPendulum_Pendulum_Pend_simple03.pb
      ExpPendulum_Pendulum_Pend_simple03.sim
    Writing output data in COMPAMM format:
      ExpPendulum_Pendulum_Pend_simple03.pos
      ExpPendulum_Pendulum_Pend_simple03.sen
  Total Time: 0 hour(s) 0 minute(s) and 6.8585 second(s).
