----------------------------------------------------------------------------------------------------
 Motion Reconstruction for model: Pendulum, motion: Pend_simple01
----------------------------------------------------------------------------------------------------
  Reading the motion file:Pend_simple01.mat...
  No filtering applied to marker trajectories.
  No interpolation applied to gaps in marker trajectories
   There are not any missing marker in the motion file

  -------------------------------------------------------------------------
   Inverse Kinematic Motion Reconstruction (DHIK) 
  -------------------------------------------------------------------------
   Solving problem with Optimal Tracking Method. Problem sizes:
    15 generalized coordinates
    9 driven generalized coordinates
    15 kinematic constraints in Phi(q)
    Phiq has size (15 x 15)
    Phiq'*Phiq has size (15 x 15)
    The complete matrix of the problem has size (30 x 30)

    Step Nº = 1/360 - SAFE MODE
      Iter Nº = 1,  NormPhi = 4.528e-02,  objfun = 7.573e-05,  normDeltaq = 2.135e-01,  beta = 0.85,  rank(C) = 29
      Iter Nº = 2,  NormPhi = 1.205e-03,  objfun = 9.906e-05,  normDeltaq = 3.478e-02,  beta = 1,  rank(C) = 29
      Iter Nº = 3,  NormPhi = 3.668e-07,  objfun = 9.896e-05,  normDeltaq = 6.068e-04,  beta = 1,  rank(C) = 29
    Step Nº = 2/360 - SPEED MODE
      Iter Nº = 1,  NormPhi = 3.316e-09,  objfun = 9.885e-05,  normDeltaq = 5.879e-05,  beta = 1,  rank(C) = 29
    Step Nº = 3/360 - SPEED MODE
      Iter Nº = 1,  NormPhi = 1.272e-09,  objfun = 9.878e-05,  normDeltaq = 3.640e-05,  beta = 1,  rank(C) = 29
    Step Nº = 4/360 - SPEED MODE
      Iter Nº = 1,  NormPhi = 1.690e-10,  objfun = 9.871e-05,  normDeltaq = 2.168e-05,  beta = 0.2,  rank(C) = 29
    Step Nº = 5/360 - SPEED MODE
      Iter Nº = 1,  NormPhi = 2.202e-11,  objfun = 9.870e-05,  normDeltaq = 5.251e-05,  beta = 0.3,  rank(C) = 29
    Step Nº = 6/360 - SPEED MODE
      Iter Nº = 1,  NormPhi = 2.444e-11,  objfun = 9.873e-05,  normDeltaq = 9.068e-05,  beta = 0.1,  rank(C) = 29
    Step Nº = 7/360 - SPEED MODE
      Iter Nº = 1,  NormPhi = 1.673e-10,  objfun = 9.879e-05,  normDeltaq = 1.246e-04,  beta = 0.101,  rank(C) = 29
    Step Nº = 8/360 - SPEED MODE
      Iter Nº = 1,  NormPhi = 1.272e-09,  objfun = 9.893e-05,  normDeltaq = 1.760e-04,  beta = 0.101,  rank(C) = 29
    Step Nº = 9/360 - SPEED MODE
      Iter Nº = 1,  NormPhi = 4.875e-09,  objfun = 9.908e-05,  normDeltaq = 2.070e-04,  beta = 0.05,  rank(C) = 29
    Step Nº = 10/360 - SPEED MODE
      Iter Nº = 1,  NormPhi = 1.178e-08,  objfun = 9.919e-05,  normDeltaq = 2.033e-04,  beta = 0.15,  rank(C) = 29
    Step Nº = 11/360 - SPEED MODE
      Iter Nº = 1,  NormPhi = 2.020e-08,  objfun = 9.933e-05,  normDeltaq = 1.537e-04,  beta = 0.65,  rank(C) = 29
    Step Nº = 12/360 - SPEED MODE
      Iter Nº = 1,  NormPhi = 9.727e-09,  objfun = 9.940e-05,  normDeltaq = 1.007e-04,  beta = 1,  rank(C) = 29
    Step Nº = 13/360 - SPEED MODE
      Iter Nº = 1,  NormPhi = 4.966e-09,  objfun = 9.946e-05,  normDeltaq = 7.194e-05,  beta = 1,  rank(C) = 29
    Step Nº = 14/360 - SPEED MODE
      Iter Nº = 1,  NormPhi = 2.034e-10,  objfun = 9.947e-05,  normDeltaq = 1.783e-05,  beta = 0.4,  rank(C) = 29
    Step Nº = 15/360 - SPEED MODE
      Iter Nº = 1,  NormPhi = 1.405e-10,  objfun = 9.947e-05,  normDeltaq = 5.105e-05,  beta = 0.7,  rank(C) = 29
    Step Nº = 16/360 - SPEED MODE
      Iter Nº = 1,  NormPhi = 5.113e-10,  objfun = 9.947e-05,  normDeltaq = 2.308e-05,  beta = 1,  rank(C) = 29
    Step Nº = 17/360 - SPEED MODE
      Iter Nº = 1,  NormPhi = 3.410e-10,  objfun = 9.947e-05,  normDeltaq = 1.885e-05,  beta = 1,  rank(C) = 29
    Step Nº = 18/360 - SPEED MODE
      Iter Nº = 1,  NormPhi = 1.093e-10,  objfun = 9.948e-05,  normDeltaq = 1.067e-05,  beta = 1,  rank(C) = 29
    Step Nº = 19/360 - SPEED MODE
      Iter Nº = 1,  NormPhi = 6.604e-10,  objfun = 9.951e-05,  normDeltaq = 2.623e-05,  beta = 1,  rank(C) = 29
    Step Nº = 20/360 - SPEED MODE
      Iter Nº = 1,  NormPhi = 1.377e-09,  objfun = 9.960e-05,  normDeltaq = 3.789e-05,  beta = 1,  rank(C) = 29
    Step Nº = 21/360 - SPEED MODE
      Iter Nº = 1,  NormPhi = 5.851e-10,  objfun = 9.970e-05,  normDeltaq = 2.469e-05,  beta = 1,  rank(C) = 29
    Step Nº = 22/360 - SPEED MODE
      Iter Nº = 1,  NormPhi = 2.945e-09,  objfun = 9.992e-05,  normDeltaq = 5.540e-05,  beta = 1,  rank(C) = 29
    Step Nº = 23/360 - SPEED MODE
      Iter Nº = 1,  NormPhi = 1.024e-09,  objfun = 1.001e-04,  normDeltaq = 3.267e-05,  beta = 1,  rank(C) = 29
    Step Nº = 24/360 - SPEED MODE
      Iter Nº = 1,  NormPhi = 5.856e-09,  objfun = 1.004e-04,  normDeltaq = 7.812e-05,  beta = 1,  rank(C) = 29
    Step Nº = 25/360 - SPEED MODE
      Iter Nº = 1,  NormPhi = 2.968e-10,  objfun = 1.006e-04,  normDeltaq = 1.759e-05,  beta = 1,  rank(C) = 29
    Step Nº = 26/360 - SPEED MODE
      Iter Nº = 1,  NormPhi = 2.080e-08,  objfun = 1.009e-04,  normDeltaq = 1.472e-04,  beta = 1,  rank(C) = 29
    Step Nº = 27/360 - SPEED MODE
      Iter Nº = 1,  NormPhi = 1.643e-08,  objfun = 1.012e-04,  normDeltaq = 1.309e-04,  beta = 1,  rank(C) = 29
    Step Nº = 28/360 - SPEED MODE
      Iter Nº = 1,  NormPhi = 4.792e-09,  objfun = 1.014e-04,  normDeltaq = 7.067e-05,  beta = 1,  rank(C) = 29
    Step Nº = 29/360 - SPEED MODE
      Iter Nº = 1,  NormPhi = 1.198e-07,  objfun = 1.016e-04,  normDeltaq = 3.533e-04,  beta = 1,  rank(C) = 29
    Step Nº = 30/360 - SPEED MODE
      Iter Nº = 1,  NormPhi = 1.061e-08,  objfun = 1.018e-04,  normDeltaq = 1.052e-04,  beta = 1,  rank(C) = 29
    Step Nº = 31/360 - SPEED MODE
      Iter Nº = 1,  NormPhi = 3.034e-07,  objfun = 1.020e-04,  normDeltaq = 5.624e-04,  beta = 1,  rank(C) = 29
    Step Nº = 32/360 - SPEED MODE
      Iter Nº = 1,  NormPhi = 2.441e-08,  objfun = 1.022e-04,  normDeltaq = 1.595e-04,  beta = 1,  rank(C) = 29
    Step Nº = 33/360 - SPEED MODE
      Iter Nº = 1,  NormPhi = 7.243e-07,  objfun = 1.026e-04,  normDeltaq = 8.688e-04,  beta = 1,  rank(C) = 29
    Step Nº = 34/360 - SPEED MODE
      Iter Nº = 1,  NormPhi = 3.751e-07,  objfun = 1.030e-04,  normDeltaq = 6.252e-04,  beta = 1,  rank(C) = 29
    Step Nº = 35/360 - SPEED MODE
      Iter Nº = 1,  NormPhi = 3.046e-07,  objfun = 1.034e-04,  normDeltaq = 5.634e-04,  beta = 1,  rank(C) = 29
    Step Nº = 36/360 - SPEED MODE
      Iter Nº = 1,  NormPhi = 1.753e-06,  objfun = 1.042e-04,  normDeltaq = 1.352e-03,  beta = 1,  rank(C) = 29
      Iter Nº = 2,  NormPhi = 2.009e-11,  objfun = 1.042e-04,  normDeltaq = 4.576e-06,  beta = 1,  rank(C) = 29
    Step Nº = 37/360 - SPEED MODE
      Iter Nº = 1,  NormPhi = 8.072e-07,  objfun = 1.048e-04,  normDeltaq = 9.172e-04,  beta = 1,  rank(C) = 29
    Step Nº = 38/360 - SPEED MODE
      Iter Nº = 1,  NormPhi = 2.077e-06,  objfun = 1.058e-04,  normDeltaq = 1.471e-03,  beta = 1,  rank(C) = 29
      Iter Nº = 2,  NormPhi = 2.369e-11,  objfun = 1.058e-04,  normDeltaq = 4.969e-06,  beta = 1,  rank(C) = 29
    Step Nº = 39/360 - SPEED MODE
      Iter Nº = 1,  NormPhi = 1.205e-06,  objfun = 1.064e-04,  normDeltaq = 1.121e-03,  beta = 1,  rank(C) = 29
      Iter Nº = 2,  NormPhi = 1.373e-11,  objfun = 1.064e-04,  normDeltaq = 3.782e-06,  beta = 1,  rank(C) = 29
    Step Nº = 40/360 - SPEED MODE
      Iter Nº = 1,  NormPhi = 2.251e-06,  objfun = 1.073e-04,  normDeltaq = 1.532e-03,  beta = 1,  rank(C) = 29
      Iter Nº = 2,  NormPhi = 2.716e-11,  objfun = 1.073e-04,  normDeltaq = 5.320e-06,  beta = 1,  rank(C) = 29
    Step Nº = 41/360 - SPEED MODE
      Iter Nº = 1,  NormPhi = 1.645e-06,  objfun = 1.078e-04,  normDeltaq = 1.309e-03,  beta = 1,  rank(C) = 29
      Iter Nº = 2,  NormPhi = 2.013e-11,  objfun = 1.078e-04,  normDeltaq = 4.581e-06,  beta = 1,  rank(C) = 29
    Step Nº = 42/360 - SPEED MODE
      Iter Nº = 1,  NormPhi = 2.572e-06,  objfun = 1.082e-04,  normDeltaq = 1.637e-03,  beta = 1,  rank(C) = 29
      Iter Nº = 2,  NormPhi = 3.355e-11,  objfun = 1.082e-04,  normDeltaq = 5.913e-06,  beta = 1,  rank(C) = 29
    Step Nº = 43/360 - SPEED MODE
      Iter Nº = 1,  NormPhi = 1.268e-07,  objfun = 1.082e-04,  normDeltaq = 3.635e-04,  beta = 1,  rank(C) = 29
    Step Nº = 44/360 - SPEED MODE
      Iter Nº = 1,  NormPhi = 2.009e-06,  objfun = 1.080e-04,  normDeltaq = 1.447e-03,  beta = 1,  rank(C) = 29
      Iter Nº = 2,  NormPhi = 2.837e-11,  objfun = 1.080e-04,  normDeltaq = 5.438e-06,  beta = 1,  rank(C) = 29
    Step Nº = 45/360 - SPEED MODE
      Iter Nº = 1,  NormPhi = 4.336e-06,  objfun = 1.077e-04,  normDeltaq = 2.126e-03,  beta = 1,  rank(C) = 29
      Iter Nº = 2,  NormPhi = 6.581e-11,  objfun = 1.077e-04,  normDeltaq = 8.281e-06,  beta = 1,  rank(C) = 29
    Step Nº = 46/360 - SPEED MODE
      Iter Nº = 1,  NormPhi = 2.621e-06,  objfun = 1.075e-04,  normDeltaq = 1.653e-03,  beta = 1,  rank(C) = 29
      Iter Nº = 2,  NormPhi = 3.873e-11,  objfun = 1.075e-04,  normDeltaq = 6.353e-06,  beta = 1,  rank(C) = 29
    Step Nº = 47/360 - SPEED MODE
      Iter Nº = 1,  NormPhi = 5.252e-06,  objfun = 1.071e-04,  normDeltaq = 2.340e-03,  beta = 1,  rank(C) = 29
      Iter Nº = 2,  NormPhi = 7.940e-11,  objfun = 1.071e-04,  normDeltaq = 9.097e-06,  beta = 1,  rank(C) = 29
    Step Nº = 48/360 - SPEED MODE
      Iter Nº = 1,  NormPhi = 3.421e-06,  objfun = 1.068e-04,  normDeltaq = 1.888e-03,  beta = 1,  rank(C) = 29
      Iter Nº = 2,  NormPhi = 4.848e-11,  objfun = 1.068e-04,  normDeltaq = 7.108e-06,  beta = 1,  rank(C) = 29
    Step Nº = 49/360 - SPEED MODE
      Iter Nº = 1,  NormPhi = 5.726e-06,  objfun = 1.061e-04,  normDeltaq = 2.443e-03,  beta = 1,  rank(C) = 29
      Iter Nº = 2,  NormPhi = 7.750e-11,  objfun = 1.061e-04,  normDeltaq = 8.987e-06,  beta = 1,  rank(C) = 29
    Step Nº = 50/360 - SPEED MODE
      Iter Nº = 1,  NormPhi = 4.511e-06,  objfun = 1.055e-04,  normDeltaq = 2.168e-03,  beta = 1,  rank(C) = 29
      Iter Nº = 2,  NormPhi = 5.382e-11,  objfun = 1.055e-04,  normDeltaq = 7.489e-06,  beta = 1,  rank(C) = 29
    Step Nº = 51/360 - SPEED MODE
      Iter Nº = 1,  NormPhi = 5.985e-06,  objfun = 1.043e-04,  normDeltaq = 2.497e-03,  beta = 1,  rank(C) = 29
      Iter Nº = 2,  NormPhi = 5.793e-11,  objfun = 1.043e-04,  normDeltaq = 7.770e-06,  beta = 1,  rank(C) = 29
    Step Nº = 52/360 - SPEED MODE
      Iter Nº = 1,  NormPhi = 1.916e-07,  objfun = 1.029e-04,  normDeltaq = 4.469e-04,  beta = 1,  rank(C) = 29
    Step Nº = 53/360 - SPEED MODE
      Iter Nº = 1,  NormPhi = 4.980e-06,  objfun = 1.021e-04,  normDeltaq = 2.278e-03,  beta = 1,  rank(C) = 29
      Iter Nº = 2,  NormPhi = 2.425e-11,  objfun = 1.021e-04,  normDeltaq = 5.027e-06,  beta = 1,  rank(C) = 29
    Step Nº = 54/360 - SPEED MODE
      Iter Nº = 1,  NormPhi = 9.012e-06,  objfun = 1.014e-04,  normDeltaq = 3.065e-03,  beta = 1,  rank(C) = 29
      Iter Nº = 2,  NormPhi = 3.787e-11,  objfun = 1.014e-04,  normDeltaq = 6.282e-06,  beta = 1,  rank(C) = 29
    Step Nº = 55/360 - SPEED MODE
      Iter Nº = 1,  NormPhi = 6.757e-06,  objfun = 1.013e-04,  normDeltaq = 2.654e-03,  beta = 1,  rank(C) = 29
      Iter Nº = 2,  NormPhi = 1.930e-11,  objfun = 1.013e-04,  normDeltaq = 4.485e-06,  beta = 1,  rank(C) = 29
    Step Nº = 56/360 - SPEED MODE
      Iter Nº = 1,  NormPhi = 9.813e-06,  objfun = 1.017e-04,  normDeltaq = 3.198e-03,  beta = 1,  rank(C) = 29
      Iter Nº = 2,  NormPhi = 2.846e-11,  objfun = 1.017e-04,  normDeltaq = 5.446e-06,  beta = 1,  rank(C) = 29
    Step Nº = 57/360 - SPEED MODE
      Iter Nº = 1,  NormPhi = 6.764e-06,  objfun = 1.024e-04,  normDeltaq = 2.655e-03,  beta = 1,  rank(C) = 29
      Iter Nº = 2,  NormPhi = 1.275e-11,  objfun = 1.024e-04,  normDeltaq = 3.646e-06,  beta = 1,  rank(C) = 29
    Step Nº = 58/360 - SPEED MODE
      Iter Nº = 1,  NormPhi = 1.401e-05,  objfun = 1.040e-04,  normDeltaq = 3.822e-03,  beta = 1,  rank(C) = 29
      Iter Nº = 2,  NormPhi = 4.974e-11,  objfun = 1.040e-04,  normDeltaq = 7.200e-06,  beta = 1,  rank(C) = 29
    Step Nº = 59/360 - SPEED MODE
      Iter Nº = 1,  NormPhi = 8.716e-07,  objfun = 1.060e-04,  normDeltaq = 9.531e-04,  beta = 1,  rank(C) = 29
    Step Nº = 60/360 - SPEED MODE
      Iter Nº = 1,  NormPhi = 1.165e-05,  objfun = 1.073e-04,  normDeltaq = 3.484e-03,  beta = 1,  rank(C) = 29
      Iter Nº = 2,  NormPhi = 3.738e-11,  objfun = 1.073e-04,  normDeltaq = 6.241e-06,  beta = 1,  rank(C) = 29
    Step Nº = 61/360 - SPEED MODE
      Iter Nº = 1,  NormPhi = 1.309e-05,  objfun = 1.095e-04,  normDeltaq = 3.694e-03,  beta = 1,  rank(C) = 29
      Iter Nº = 2,  NormPhi = 5.385e-11,  objfun = 1.095e-04,  normDeltaq = 7.491e-06,  beta = 1,  rank(C) = 29
    Step Nº = 62/360 - SPEED MODE
      Iter Nº = 1,  NormPhi = 1.432e-05,  objfun = 1.110e-04,  normDeltaq = 3.862e-03,  beta = 1,  rank(C) = 29
      Iter Nº = 2,  NormPhi = 6.950e-11,  objfun = 1.110e-04,  normDeltaq = 8.510e-06,  beta = 1,  rank(C) = 29
    Step Nº = 63/360 - SPEED MODE
      Iter Nº = 1,  NormPhi = 1.383e-05,  objfun = 1.134e-04,  normDeltaq = 3.797e-03,  beta = 1,  rank(C) = 29
      Iter Nº = 2,  NormPhi = 7.372e-11,  objfun = 1.134e-04,  normDeltaq = 8.765e-06,  beta = 1,  rank(C) = 29
    Step Nº = 64/360 - SPEED MODE
      Iter Nº = 1,  NormPhi = 1.241e-05,  objfun = 1.149e-04,  normDeltaq = 3.597e-03,  beta = 1,  rank(C) = 29
      Iter Nº = 2,  NormPhi = 6.523e-11,  objfun = 1.149e-04,  normDeltaq = 8.245e-06,  beta = 1,  rank(C) = 29
    Step Nº = 65/360 - SPEED MODE
      Iter Nº = 1,  NormPhi = 1.568e-05,  objfun = 1.170e-04,  normDeltaq = 4.042e-03,  beta = 1,  rank(C) = 29
      Iter Nº = 2,  NormPhi = 9.874e-11,  objfun = 1.170e-04,  normDeltaq = 1.014e-05,  beta = 1,  rank(C) = 29
    Step Nº = 66/360 - SPEED MODE
      Iter Nº = 1,  NormPhi = 1.389e-05,  objfun = 1.181e-04,  normDeltaq = 3.805e-03,  beta = 1,  rank(C) = 29
      Iter Nº = 2,  NormPhi = 8.201e-11,  objfun = 1.181e-04,  normDeltaq = 9.245e-06,  beta = 1,  rank(C) = 29
    Step Nº = 67/360 - SPEED MODE
      Iter Nº = 1,  NormPhi = 1.482e-05,  objfun = 1.196e-04,  normDeltaq = 3.930e-03,  beta = 1,  rank(C) = 29
      Iter Nº = 2,  NormPhi = 9.029e-11,  objfun = 1.196e-04,  normDeltaq = 9.700e-06,  beta = 1,  rank(C) = 29
    Step Nº = 68/360 - SPEED MODE
      Iter Nº = 1,  NormPhi = 3.090e-08,  objfun = 1.209e-04,  normDeltaq = 1.795e-04,  beta = 1,  rank(C) = 29
    Step Nº = 69/360 - SPEED MODE
      Iter Nº = 1,  NormPhi = 1.525e-05,  objfun = 1.216e-04,  normDeltaq = 3.987e-03,  beta = 1,  rank(C) = 29
      Iter Nº = 2,  NormPhi = 8.508e-11,  objfun = 1.216e-04,  normDeltaq = 9.417e-06,  beta = 1,  rank(C) = 29
    Step Nº = 70/360 - SPEED MODE
      Iter Nº = 1,  NormPhi = 1.255e-05,  objfun = 1.221e-04,  normDeltaq = 3.617e-03,  beta = 1,  rank(C) = 29
      Iter Nº = 2,  NormPhi = 5.110e-11,  objfun = 1.221e-04,  normDeltaq = 7.298e-06,  beta = 1,  rank(C) = 29
    Step Nº = 71/360 - SPEED MODE
      Iter Nº = 1,  NormPhi = 1.509e-05,  objfun = 1.222e-04,  normDeltaq = 3.965e-03,  beta = 1,  rank(C) = 29
      Iter Nº = 2,  NormPhi = 6.157e-11,  objfun = 1.222e-04,  normDeltaq = 8.010e-06,  beta = 1,  rank(C) = 29
    Step Nº = 72/360 - SPEED MODE
      Iter Nº = 1,  NormPhi = 9.946e-06,  objfun = 1.225e-04,  normDeltaq = 3.219e-03,  beta = 1,  rank(C) = 29
      Iter Nº = 2,  NormPhi = 2.640e-11,  objfun = 1.225e-04,  normDeltaq = 5.246e-06,  beta = 1,  rank(C) = 29
    Step Nº = 73/360 - SPEED MODE
      Iter Nº = 1,  NormPhi = 1.490e-05,  objfun = 1.230e-04,  normDeltaq = 3.941e-03,  beta = 1,  rank(C) = 29
      Iter Nº = 2,  NormPhi = 7.904e-11,  objfun = 1.230e-04,  normDeltaq = 9.076e-06,  beta = 1,  rank(C) = 29
    Step Nº = 74/360 - SPEED MODE
      Iter Nº = 1,  NormPhi = 8.179e-06,  objfun = 1.244e-04,  normDeltaq = 2.920e-03,  beta = 1,  rank(C) = 29
      Iter Nº = 2,  NormPhi = 7.257e-11,  objfun = 1.244e-04,  normDeltaq = 8.697e-06,  beta = 1,  rank(C) = 29
    Step Nº = 75/360 - SPEED MODE
      Iter Nº = 1,  NormPhi = 1.084e-05,  objfun = 1.253e-04,  normDeltaq = 3.361e-03,  beta = 1,  rank(C) = 29
      Iter Nº = 2,  NormPhi = 1.548e-10,  objfun = 1.253e-04,  normDeltaq = 1.270e-05,  beta = 1,  rank(C) = 29
    Step Nº = 76/360 - SPEED MODE
      Iter Nº = 1,  NormPhi = 8.102e-06,  objfun = 1.269e-04,  normDeltaq = 2.906e-03,  beta = 1,  rank(C) = 29
      Iter Nº = 2,  NormPhi = 1.715e-10,  objfun = 1.269e-04,  normDeltaq = 1.337e-05,  beta = 1,  rank(C) = 29
    Step Nº = 77/360 - SPEED MODE
      Iter Nº = 1,  NormPhi = 2.947e-07,  objfun = 1.286e-04,  normDeltaq = 5.542e-04,  beta = 1,  rank(C) = 29
    Step Nº = 78/360 - SPEED MODE
      Iter Nº = 1,  NormPhi = 9.639e-06,  objfun = 1.296e-04,  normDeltaq = 3.170e-03,  beta = 1,  rank(C) = 29
      Iter Nº = 2,  NormPhi = 3.072e-10,  objfun = 1.296e-04,  normDeltaq = 1.789e-05,  beta = 1,  rank(C) = 29
    Step Nº = 79/360 - SPEED MODE
      Iter Nº = 1,  NormPhi = 4.302e-06,  objfun = 1.309e-04,  normDeltaq = 2.117e-03,  beta = 1,  rank(C) = 29
      Iter Nº = 2,  NormPhi = 1.524e-10,  objfun = 1.309e-04,  normDeltaq = 1.260e-05,  beta = 1,  rank(C) = 29
    Step Nº = 80/360 - SPEED MODE
      Iter Nº = 1,  NormPhi = 8.103e-06,  objfun = 1.315e-04,  normDeltaq = 2.906e-03,  beta = 1,  rank(C) = 29
      Iter Nº = 2,  NormPhi = 3.190e-10,  objfun = 1.315e-04,  normDeltaq = 1.823e-05,  beta = 1,  rank(C) = 29
    Step Nº = 81/360 - SPEED MODE
      Iter Nº = 1,  NormPhi = 2.659e-06,  objfun = 1.318e-04,  normDeltaq = 1.665e-03,  beta = 1,  rank(C) = 29
      Iter Nº = 2,  NormPhi = 1.142e-10,  objfun = 1.318e-04,  normDeltaq = 1.091e-05,  beta = 1,  rank(C) = 29
    Step Nº = 82/360 - SPEED MODE
      Iter Nº = 1,  NormPhi = 6.876e-06,  objfun = 1.320e-04,  normDeltaq = 2.677e-03,  beta = 1,  rank(C) = 29
      Iter Nº = 2,  NormPhi = 3.248e-10,  objfun = 1.320e-04,  normDeltaq = 1.840e-05,  beta = 1,  rank(C) = 29
    Step Nº = 83/360 - SPEED MODE
      Iter Nº = 1,  NormPhi = 9.622e-07,  objfun = 1.323e-04,  normDeltaq = 1.001e-03,  beta = 1,  rank(C) = 29
    Step Nº = 84/360 - SPEED MODE
      Iter Nº = 1,  NormPhi = 1.523e-06,  objfun = 1.327e-04,  normDeltaq = 1.260e-03,  beta = 1,  rank(C) = 29
      Iter Nº = 2,  NormPhi = 8.230e-11,  objfun = 1.327e-04,  normDeltaq = 9.261e-06,  beta = 1,  rank(C) = 29
    Step Nº = 85/360 - SPEED MODE
      Iter Nº = 1,  NormPhi = 2.777e-06,  objfun = 1.329e-04,  normDeltaq = 1.701e-03,  beta = 1,  rank(C) = 29
      Iter Nº = 2,  NormPhi = 1.567e-10,  objfun = 1.329e-04,  normDeltaq = 1.278e-05,  beta = 1,  rank(C) = 29
    Step Nº = 86/360 - SPEED MODE
      Iter Nº = 1,  NormPhi = 9.829e-08,  objfun = 1.331e-04,  normDeltaq = 3.201e-04,  beta = 1,  rank(C) = 29
    Step Nº = 87/360 - SPEED MODE
      Iter Nº = 1,  NormPhi = 1.190e-06,  objfun = 1.331e-04,  normDeltaq = 1.114e-03,  beta = 1,  rank(C) = 29
      Iter Nº = 2,  NormPhi = 7.151e-11,  objfun = 1.331e-04,  normDeltaq = 8.633e-06,  beta = 1,  rank(C) = 29
    Step Nº = 88/360 - SPEED MODE
      Iter Nº = 1,  NormPhi = 3.633e-08,  objfun = 1.329e-04,  normDeltaq = 1.028e-03,  beta = 0.101,  rank(C) = 29
    Step Nº = 89/360 - SPEED MODE
      Iter Nº = 1,  NormPhi = 1.608e-07,  objfun = 1.327e-04,  normDeltaq = 2.368e-03,  beta = 0.101,  rank(C) = 29
    Step Nº = 90/360 - SPEED MODE
      Iter Nº = 1,  NormPhi = 5.283e-07,  objfun = 1.322e-04,  normDeltaq = 5.146e-03,  beta = 0.101,  rank(C) = 29
    Step Nº = 91/360 - SPEED MODE
      Iter Nº = 1,  NormPhi = 1.922e-06,  objfun = 1.318e-04,  normDeltaq = 7.032e-03,  beta = 0.101,  rank(C) = 29
      Iter Nº = 2,  NormPhi = 1.921e-06,  objfun = 1.317e-04,  normDeltaq = 6.316e-03,  beta = 0.05,  rank(C) = 29
      Iter Nº = 3,  NormPhi = 1.911e-06,  objfun = 1.317e-04,  normDeltaq = 5.998e-03,  beta = 0.05,  rank(C) = 29
      Iter Nº = 4,  NormPhi = 1.894e-06,  objfun = 1.316e-04,  normDeltaq = 5.696e-03,  beta = 0.05,  rank(C) = 29
      Iter Nº = 5,  NormPhi = 1.869e-06,  objfun = 1.316e-04,  normDeltaq = 5.409e-03,  beta = 0.05,  rank(C) = 29
      Iter Nº = 6,  NormPhi = 1.839e-06,  objfun = 1.315e-04,  normDeltaq = 5.136e-03,  beta = 0.05,  rank(C) = 29
      Iter Nº = 7,  NormPhi = 1.804e-06,  objfun = 1.315e-04,  normDeltaq = 4.877e-03,  beta = 0.05,  rank(C) = 29
      Iter Nº = 8,  NormPhi = 1.765e-06,  objfun = 1.315e-04,  normDeltaq = 4.631e-03,  beta = 0.05,  rank(C) = 29
      Iter Nº = 9,  NormPhi = 1.723e-06,  objfun = 1.315e-04,  normDeltaq = 4.398e-03,  beta = 0.05,  rank(C) = 29
      Iter Nº = 10,  NormPhi = 1.679e-06,  objfun = 1.314e-04,  normDeltaq = 4.176e-03,  beta = 0.05,  rank(C) = 29
      Iter Nº = 11,  NormPhi = 1.633e-06,  objfun = 1.314e-04,  normDeltaq = 3.966e-03,  beta = 0.05,  rank(C) = 29
      Iter Nº = 12,  NormPhi = 1.585e-06,  objfun = 1.314e-04,  normDeltaq = 3.766e-03,  beta = 0.05,  rank(C) = 29
      Iter Nº = 13,  NormPhi = 1.537e-06,  objfun = 1.314e-04,  normDeltaq = 3.576e-03,  beta = 0.05,  rank(C) = 29
      Iter Nº = 14,  NormPhi = 1.488e-06,  objfun = 1.314e-04,  normDeltaq = 3.396e-03,  beta = 0.05,  rank(C) = 29
      Iter Nº = 15,  NormPhi = 1.439e-06,  objfun = 1.313e-04,  normDeltaq = 3.225e-03,  beta = 0.1,  rank(C) = 29
      Iter Nº = 16,  NormPhi = 1.375e-06,  objfun = 1.313e-04,  normDeltaq = 2.900e-03,  beta = 0.1,  rank(C) = 29
      Iter Nº = 17,  NormPhi = 1.303e-06,  objfun = 1.313e-04,  normDeltaq = 2.608e-03,  beta = 0.1,  rank(C) = 29
      Iter Nº = 18,  NormPhi = 1.226e-06,  objfun = 1.313e-04,  normDeltaq = 2.345e-03,  beta = 0.1,  rank(C) = 29
      Iter Nº = 19,  NormPhi = 1.138e-06,  objfun = 1.312e-04,  normDeltaq = 2.108e-03,  beta = 0.15,  rank(C) = 29
      Iter Nº = 20,  NormPhi = 1.033e-06,  objfun = 1.312e-04,  normDeltaq = 1.790e-03,  beta = 0.2,  rank(C) = 29
      Iter Nº = 21,  NormPhi = 8.972e-07,  objfun = 1.312e-04,  normDeltaq = 1.429e-03,  beta = 0.25,  rank(C) = 29
    Step Nº = 92/360 - SPEED MODE
      Iter Nº = 1,  NormPhi = 7.208e-08,  objfun = 1.301e-04,  normDeltaq = 2.741e-04,  beta = 1,  rank(C) = 29
    Step Nº = 93/360 - SPEED MODE
      Iter Nº = 1,  NormPhi = 8.749e-07,  objfun = 1.287e-04,  normDeltaq = 9.549e-04,  beta = 1,  rank(C) = 29
    Step Nº = 94/360 - SPEED MODE
      Iter Nº = 1,  NormPhi = 2.703e-06,  objfun = 1.277e-04,  normDeltaq = 1.678e-03,  beta = 1,  rank(C) = 29
      Iter Nº = 2,  NormPhi = 1.553e-10,  objfun = 1.277e-04,  normDeltaq = 1.272e-05,  beta = 1,  rank(C) = 29
    Step Nº = 95/360 - SPEED MODE
      Iter Nº = 1,  NormPhi = 2.243e-05,  objfun = 1.255e-04,  normDeltaq = 4.835e-03,  beta = 1,  rank(C) = 29
      Iter Nº = 2,  NormPhi = 1.336e-09,  objfun = 1.255e-04,  normDeltaq = 3.732e-05,  beta = 1,  rank(C) = 29
    Step Nº = 96/360 - SPEED MODE
      Iter Nº = 1,  NormPhi = 6.458e-06,  objfun = 1.237e-04,  normDeltaq = 2.594e-03,  beta = 1,  rank(C) = 29
      Iter Nº = 2,  NormPhi = 3.499e-10,  objfun = 1.237e-04,  normDeltaq = 1.910e-05,  beta = 1,  rank(C) = 29
    Step Nº = 97/360 - SPEED MODE
      Iter Nº = 1,  NormPhi = 3.395e-05,  objfun = 1.211e-04,  normDeltaq = 5.949e-03,  beta = 1,  rank(C) = 29
      Iter Nº = 2,  NormPhi = 1.987e-09,  objfun = 1.211e-04,  normDeltaq = 4.550e-05,  beta = 1,  rank(C) = 29
    Step Nº = 98/360 - SPEED MODE
      Iter Nº = 1,  NormPhi = 1.257e-05,  objfun = 1.193e-04,  normDeltaq = 3.620e-03,  beta = 1,  rank(C) = 29
      Iter Nº = 2,  NormPhi = 6.458e-10,  objfun = 1.193e-04,  normDeltaq = 2.594e-05,  beta = 1,  rank(C) = 29
    Step Nº = 99/360 - SPEED MODE
      Iter Nº = 1,  NormPhi = 4.198e-05,  objfun = 1.166e-04,  normDeltaq = 6.615e-03,  beta = 1,  rank(C) = 29
      Iter Nº = 2,  NormPhi = 2.351e-09,  objfun = 1.166e-04,  normDeltaq = 4.950e-05,  beta = 1,  rank(C) = 29
    Step Nº = 100/360 - SPEED MODE
      Iter Nº = 1,  NormPhi = 2.419e-05,  objfun = 1.148e-04,  normDeltaq = 5.021e-03,  beta = 1,  rank(C) = 29
      Iter Nº = 2,  NormPhi = 1.191e-09,  objfun = 1.148e-04,  normDeltaq = 3.522e-05,  beta = 1,  rank(C) = 29
    Step Nº = 101/360 - SPEED MODE
      Iter Nº = 1,  NormPhi = 4.124e-05,  objfun = 1.118e-04,  normDeltaq = 6.556e-03,  beta = 1,  rank(C) = 29
      Iter Nº = 2,  NormPhi = 2.095e-09,  objfun = 1.118e-04,  normDeltaq = 4.672e-05,  beta = 1,  rank(C) = 29
    Step Nº = 102/360 - SPEED MODE
      Iter Nº = 1,  NormPhi = 1.872e-07,  objfun = 1.083e-04,  normDeltaq = 4.417e-04,  beta = 1,  rank(C) = 29
    Step Nº = 103/360 - SPEED MODE
      Iter Nº = 1,  NormPhi = 3.828e-05,  objfun = 1.058e-04,  normDeltaq = 6.316e-03,  beta = 1,  rank(C) = 29
      Iter Nº = 2,  NormPhi = 1.669e-09,  objfun = 1.058e-04,  normDeltaq = 4.170e-05,  beta = 1,  rank(C) = 29
    Step Nº = 104/360 - SPEED MODE
      Iter Nº = 1,  NormPhi = 3.944e-05,  objfun = 1.021e-04,  normDeltaq = 6.411e-03,  beta = 1,  rank(C) = 29
      Iter Nº = 2,  NormPhi = 1.563e-09,  objfun = 1.021e-04,  normDeltaq = 4.036e-05,  beta = 1,  rank(C) = 29
    Step Nº = 105/360 - SPEED MODE
      Iter Nº = 1,  NormPhi = 4.008e-05,  objfun = 9.952e-05,  normDeltaq = 6.463e-03,  beta = 1,  rank(C) = 29
      Iter Nº = 2,  NormPhi = 1.486e-09,  objfun = 9.953e-05,  normDeltaq = 3.935e-05,  beta = 1,  rank(C) = 29
    Step Nº = 106/360 - SPEED MODE
      Iter Nº = 1,  NormPhi = 3.702e-05,  objfun = 9.546e-05,  normDeltaq = 6.212e-03,  beta = 1,  rank(C) = 29
      Iter Nº = 2,  NormPhi = 1.170e-09,  objfun = 9.546e-05,  normDeltaq = 3.491e-05,  beta = 1,  rank(C) = 29
    Step Nº = 107/360 - SPEED MODE
      Iter Nº = 1,  NormPhi = 3.731e-05,  objfun = 9.264e-05,  normDeltaq = 6.236e-03,  beta = 1,  rank(C) = 29
      Iter Nº = 2,  NormPhi = 1.026e-09,  objfun = 9.264e-05,  normDeltaq = 3.270e-05,  beta = 1,  rank(C) = 29
    Step Nº = 108/360 - SPEED MODE
      Iter Nº = 1,  NormPhi = 4.496e-05,  objfun = 8.810e-05,  normDeltaq = 6.845e-03,  beta = 1,  rank(C) = 29
      Iter Nº = 2,  NormPhi = 1.050e-09,  objfun = 8.810e-05,  normDeltaq = 3.308e-05,  beta = 1,  rank(C) = 29
    Step Nº = 109/360 - SPEED MODE
      Iter Nº = 1,  NormPhi = 3.868e-07,  objfun = 8.349e-05,  normDeltaq = 6.349e-04,  beta = 1,  rank(C) = 29
    Step Nº = 110/360 - SPEED MODE
      Iter Nº = 1,  NormPhi = 4.314e-05,  objfun = 8.089e-05,  normDeltaq = 6.705e-03,  beta = 1,  rank(C) = 29
      Iter Nº = 2,  NormPhi = 6.047e-10,  objfun = 8.089e-05,  normDeltaq = 2.510e-05,  beta = 1,  rank(C) = 29
    Step Nº = 111/360 - SPEED MODE
      Iter Nº = 1,  NormPhi = 3.819e-05,  objfun = 7.789e-05,  normDeltaq = 6.309e-03,  beta = 1,  rank(C) = 29
      Iter Nº = 2,  NormPhi = 3.728e-10,  objfun = 7.789e-05,  normDeltaq = 1.971e-05,  beta = 1,  rank(C) = 29
    Step Nº = 112/360 - SPEED MODE
      Iter Nº = 1,  NormPhi = 4.178e-05,  objfun = 7.624e-05,  normDeltaq = 6.599e-03,  beta = 1,  rank(C) = 29
      Iter Nº = 2,  NormPhi = 4.466e-10,  objfun = 7.624e-05,  normDeltaq = 2.157e-05,  beta = 1,  rank(C) = 29
    Step Nº = 113/360 - SPEED MODE
      Iter Nº = 1,  NormPhi = 4.443e-05,  objfun = 7.387e-05,  normDeltaq = 6.804e-03,  beta = 1,  rank(C) = 29
      Iter Nº = 2,  NormPhi = 6.318e-10,  objfun = 7.387e-05,  normDeltaq = 2.566e-05,  beta = 1,  rank(C) = 29
    Step Nº = 114/360 - SPEED MODE
      Iter Nº = 1,  NormPhi = 3.886e-05,  objfun = 7.230e-05,  normDeltaq = 6.364e-03,  beta = 1,  rank(C) = 29
      Iter Nº = 2,  NormPhi = 6.071e-10,  objfun = 7.229e-05,  normDeltaq = 2.515e-05,  beta = 1,  rank(C) = 29
    Step Nº = 115/360 - SPEED MODE
      Iter Nº = 1,  NormPhi = 4.142e-05,  objfun = 6.997e-05,  normDeltaq = 6.570e-03,  beta = 1,  rank(C) = 29
      Iter Nº = 2,  NormPhi = 8.691e-10,  objfun = 6.997e-05,  normDeltaq = 3.010e-05,  beta = 1,  rank(C) = 29
    Step Nº = 116/360 - SPEED MODE
      Iter Nº = 1,  NormPhi = 4.612e-05,  objfun = 6.855e-05,  normDeltaq = 6.933e-03,  beta = 1,  rank(C) = 29
      Iter Nº = 2,  NormPhi = 1.174e-09,  objfun = 6.854e-05,  normDeltaq = 3.498e-05,  beta = 1,  rank(C) = 29
    Step Nº = 117/360 - SPEED MODE
      Iter Nº = 1,  NormPhi = 3.397e-05,  objfun = 6.687e-05,  normDeltaq = 5.950e-03,  beta = 1,  rank(C) = 29
      Iter Nº = 2,  NormPhi = 9.211e-10,  objfun = 6.686e-05,  normDeltaq = 3.098e-05,  beta = 1,  rank(C) = 29
    Step Nº = 118/360 - SPEED MODE
      Iter Nº = 1,  NormPhi = 1.362e-06,  objfun = 6.574e-05,  normDeltaq = 1.191e-03,  beta = 1,  rank(C) = 29
      Iter Nº = 2,  NormPhi = 2.921e-11,  objfun = 6.574e-05,  normDeltaq = 5.518e-06,  beta = 1,  rank(C) = 29
    Step Nº = 119/360 - SPEED MODE
      Iter Nº = 1,  NormPhi = 4.084e-05,  objfun = 6.526e-05,  normDeltaq = 6.524e-03,  beta = 1,  rank(C) = 29
      Iter Nº = 2,  NormPhi = 1.481e-09,  objfun = 6.525e-05,  normDeltaq = 3.929e-05,  beta = 1,  rank(C) = 29
    Step Nº = 120/360 - SPEED MODE
      Iter Nº = 1,  NormPhi = 1.919e-05,  objfun = 6.489e-05,  normDeltaq = 4.472e-03,  beta = 1,  rank(C) = 29
      Iter Nº = 2,  NormPhi = 6.424e-10,  objfun = 6.489e-05,  normDeltaq = 2.587e-05,  beta = 1,  rank(C) = 29
    Step Nº = 121/360 - SPEED MODE
      Iter Nº = 1,  NormPhi = 3.405e-05,  objfun = 6.485e-05,  normDeltaq = 5.957e-03,  beta = 1,  rank(C) = 29
      Iter Nº = 2,  NormPhi = 1.281e-09,  objfun = 6.484e-05,  normDeltaq = 3.654e-05,  beta = 1,  rank(C) = 29
    Step Nº = 122/360 - SPEED MODE
      Iter Nº = 1,  NormPhi = 1.192e-05,  objfun = 6.512e-05,  normDeltaq = 3.524e-03,  beta = 1,  rank(C) = 29
      Iter Nº = 2,  NormPhi = 3.720e-10,  objfun = 6.512e-05,  normDeltaq = 1.969e-05,  beta = 1,  rank(C) = 29
    Step Nº = 123/360 - SPEED MODE
      Iter Nº = 1,  NormPhi = 2.844e-05,  objfun = 6.555e-05,  normDeltaq = 5.444e-03,  beta = 1,  rank(C) = 29
      Iter Nº = 2,  NormPhi = 9.843e-10,  objfun = 6.555e-05,  normDeltaq = 3.203e-05,  beta = 1,  rank(C) = 29
    Step Nº = 124/360 - SPEED MODE
      Iter Nº = 1,  NormPhi = 5.836e-06,  objfun = 6.657e-05,  normDeltaq = 2.466e-03,  beta = 1,  rank(C) = 29
      Iter Nº = 2,  NormPhi = 1.634e-10,  objfun = 6.657e-05,  normDeltaq = 1.305e-05,  beta = 1,  rank(C) = 29
    Step Nº = 125/360 - SPEED MODE
      Iter Nº = 1,  NormPhi = 2.073e-05,  objfun = 6.748e-05,  normDeltaq = 4.648e-03,  beta = 1,  rank(C) = 29
      Iter Nº = 2,  NormPhi = 6.646e-10,  objfun = 6.747e-05,  normDeltaq = 2.632e-05,  beta = 1,  rank(C) = 29
    Step Nº = 126/360 - SPEED MODE
      Iter Nº = 1,  NormPhi = 2.084e-06,  objfun = 6.888e-05,  normDeltaq = 1.474e-03,  beta = 1,  rank(C) = 29
      Iter Nº = 2,  NormPhi = 5.823e-11,  objfun = 6.888e-05,  normDeltaq = 7.790e-06,  beta = 1,  rank(C) = 29
    Step Nº = 127/360 - SPEED MODE
      Iter Nº = 1,  NormPhi = 3.503e-06,  objfun = 7.007e-05,  normDeltaq = 1.911e-03,  beta = 1,  rank(C) = 29
      Iter Nº = 2,  NormPhi = 9.955e-11,  objfun = 7.007e-05,  normDeltaq = 1.019e-05,  beta = 1,  rank(C) = 29
    Step Nº = 128/360 - SPEED MODE
      Iter Nº = 1,  NormPhi = 6.288e-06,  objfun = 7.076e-05,  normDeltaq = 2.560e-03,  beta = 1,  rank(C) = 29
      Iter Nº = 2,  NormPhi = 1.810e-10,  objfun = 7.076e-05,  normDeltaq = 1.374e-05,  beta = 1,  rank(C) = 29
    Step Nº = 129/360 - SPEED MODE
      Iter Nº = 1,  NormPhi = 7.340e-09,  objfun = 7.159e-05,  normDeltaq = 8.746e-05,  beta = 1,  rank(C) = 29
    Step Nº = 130/360 - SPEED MODE
      Iter Nº = 1,  NormPhi = 2.950e-06,  objfun = 7.199e-05,  normDeltaq = 1.753e-03,  beta = 1,  rank(C) = 29
      Iter Nº = 2,  NormPhi = 7.712e-11,  objfun = 7.199e-05,  normDeltaq = 8.965e-06,  beta = 1,  rank(C) = 29
    Step Nº = 131/360 - SPEED MODE
      Iter Nº = 1,  NormPhi = 7.774e-07,  objfun = 7.239e-05,  normDeltaq = 9.199e-04,  beta = 0.8,  rank(C) = 29
    Step Nº = 132/360 - SPEED MODE
      Iter Nº = 1,  NormPhi = 1.126e-06,  objfun = 7.250e-05,  normDeltaq = 1.203e-03,  beta = 0.55,  rank(C) = 29
      Iter Nº = 2,  NormPhi = 2.845e-07,  objfun = 7.250e-05,  normDeltaq = 5.445e-04,  beta = 1,  rank(C) = 29
    Step Nº = 133/360 - SPEED MODE
      Iter Nº = 1,  NormPhi = 1.274e-06,  objfun = 7.244e-05,  normDeltaq = 1.167e-03,  beta = 0.85,  rank(C) = 29
      Iter Nº = 2,  NormPhi = 3.102e-08,  objfun = 7.244e-05,  normDeltaq = 1.798e-04,  beta = 1,  rank(C) = 29
    Step Nº = 134/360 - SPEED MODE
      Iter Nº = 1,  NormPhi = 1.286e-06,  objfun = 7.201e-05,  normDeltaq = 1.158e-03,  beta = 1,  rank(C) = 29
      Iter Nº = 2,  NormPhi = 2.736e-11,  objfun = 7.201e-05,  normDeltaq = 5.340e-06,  beta = 1,  rank(C) = 29
    Step Nº = 135/360 - SPEED MODE
      Iter Nº = 1,  NormPhi = 4.041e-07,  objfun = 7.154e-05,  normDeltaq = 6.489e-04,  beta = 1,  rank(C) = 29
    Step Nº = 136/360 - SPEED MODE
      Iter Nº = 1,  NormPhi = 5.524e-06,  objfun = 7.051e-05,  normDeltaq = 2.399e-03,  beta = 1,  rank(C) = 29
      Iter Nº = 2,  NormPhi = 9.998e-11,  objfun = 7.051e-05,  normDeltaq = 1.021e-05,  beta = 1,  rank(C) = 29
    Step Nº = 137/360 - SPEED MODE
      Iter Nº = 1,  NormPhi = 1.291e-06,  objfun = 6.971e-05,  normDeltaq = 1.160e-03,  beta = 1,  rank(C) = 29
      Iter Nº = 2,  NormPhi = 2.013e-11,  objfun = 6.971e-05,  normDeltaq = 4.581e-06,  beta = 1,  rank(C) = 29
    Step Nº = 138/360 - SPEED MODE
      Iter Nº = 1,  NormPhi = 8.625e-06,  objfun = 6.852e-05,  normDeltaq = 2.998e-03,  beta = 1,  rank(C) = 29
      Iter Nº = 2,  NormPhi = 1.404e-10,  objfun = 6.852e-05,  normDeltaq = 1.210e-05,  beta = 1,  rank(C) = 29
    Step Nº = 139/360 - SPEED MODE
      Iter Nº = 1,  NormPhi = 2.883e-06,  objfun = 6.779e-05,  normDeltaq = 1.733e-03,  beta = 1,  rank(C) = 29
      Iter Nº = 2,  NormPhi = 4.222e-11,  objfun = 6.779e-05,  normDeltaq = 6.634e-06,  beta = 1,  rank(C) = 29
    Step Nº = 140/360 - SPEED MODE
      Iter Nº = 1,  NormPhi = 1.097e-05,  objfun = 6.689e-05,  normDeltaq = 3.381e-03,  beta = 1,  rank(C) = 29
      Iter Nº = 2,  NormPhi = 1.867e-10,  objfun = 6.689e-05,  normDeltaq = 1.395e-05,  beta = 1,  rank(C) = 29
    Step Nº = 141/360 - SPEED MODE
      Iter Nº = 1,  NormPhi = 5.425e-06,  objfun = 6.648e-05,  normDeltaq = 2.378e-03,  beta = 1,  rank(C) = 29
      Iter Nº = 2,  NormPhi = 8.742e-11,  objfun = 6.648e-05,  normDeltaq = 9.545e-06,  beta = 1,  rank(C) = 29
    Step Nº = 142/360 - SPEED MODE
      Iter Nº = 1,  NormPhi = 1.386e-05,  objfun = 6.594e-05,  normDeltaq = 3.801e-03,  beta = 1,  rank(C) = 29
      Iter Nº = 2,  NormPhi = 2.625e-10,  objfun = 6.594e-05,  normDeltaq = 1.654e-05,  beta = 1,  rank(C) = 29
    Step Nº = 143/360 - SPEED MODE
      Iter Nº = 1,  NormPhi = 1.038e-06,  objfun = 6.526e-05,  normDeltaq = 1.040e-03,  beta = 1,  rank(C) = 29
      Iter Nº = 2,  NormPhi = 1.608e-11,  objfun = 6.526e-05,  normDeltaq = 4.093e-06,  beta = 1,  rank(C) = 29
    Step Nº = 144/360 - SPEED MODE
      Iter Nº = 1,  NormPhi = 1.004e-05,  objfun = 6.473e-05,  normDeltaq = 3.234e-03,  beta = 1,  rank(C) = 29
      Iter Nº = 2,  NormPhi = 1.750e-10,  objfun = 6.473e-05,  normDeltaq = 1.351e-05,  beta = 1,  rank(C) = 29
    Step Nº = 145/360 - SPEED MODE
      Iter Nº = 1,  NormPhi = 2.193e-05,  objfun = 6.393e-05,  normDeltaq = 4.781e-03,  beta = 1,  rank(C) = 29
      Iter Nº = 2,  NormPhi = 4.390e-10,  objfun = 6.393e-05,  normDeltaq = 2.139e-05,  beta = 1,  rank(C) = 29
    Step Nº = 146/360 - SPEED MODE
      Iter Nº = 1,  NormPhi = 1.431e-05,  objfun = 6.347e-05,  normDeltaq = 3.862e-03,  beta = 1,  rank(C) = 29
      Iter Nº = 2,  NormPhi = 2.551e-10,  objfun = 6.347e-05,  normDeltaq = 1.631e-05,  beta = 1,  rank(C) = 29
    Step Nº = 147/360 - SPEED MODE
      Iter Nº = 1,  NormPhi = 2.201e-05,  objfun = 6.284e-05,  normDeltaq = 4.790e-03,  beta = 1,  rank(C) = 29
      Iter Nº = 2,  NormPhi = 4.246e-10,  objfun = 6.283e-05,  normDeltaq = 2.104e-05,  beta = 1,  rank(C) = 29
    Step Nº = 148/360 - SPEED MODE
      Iter Nº = 1,  NormPhi = 1.801e-05,  objfun = 6.237e-05,  normDeltaq = 4.332e-03,  beta = 1,  rank(C) = 29
      Iter Nº = 2,  NormPhi = 3.187e-10,  objfun = 6.237e-05,  normDeltaq = 1.823e-05,  beta = 1,  rank(C) = 29
    Step Nº = 149/360 - SPEED MODE
      Iter Nº = 1,  NormPhi = 2.240e-05,  objfun = 6.163e-05,  normDeltaq = 4.832e-03,  beta = 1,  rank(C) = 29
      Iter Nº = 2,  NormPhi = 3.933e-10,  objfun = 6.162e-05,  normDeltaq = 2.025e-05,  beta = 1,  rank(C) = 29
    Step Nº = 150/360 - SPEED MODE
      Iter Nº = 1,  NormPhi = 2.075e-05,  objfun = 6.119e-05,  normDeltaq = 4.650e-03,  beta = 1,  rank(C) = 29
      Iter Nº = 2,  NormPhi = 3.336e-10,  objfun = 6.119e-05,  normDeltaq = 1.865e-05,  beta = 1,  rank(C) = 29
    Step Nº = 151/360 - SPEED MODE
      Iter Nº = 1,  NormPhi = 2.089e-05,  objfun = 6.072e-05,  normDeltaq = 4.665e-03,  beta = 1,  rank(C) = 29
      Iter Nº = 2,  NormPhi = 2.964e-10,  objfun = 6.072e-05,  normDeltaq = 1.758e-05,  beta = 1,  rank(C) = 29
    Step Nº = 152/360 - SPEED MODE
      Iter Nº = 1,  NormPhi = 7.537e-08,  objfun = 6.034e-05,  normDeltaq = 2.803e-04,  beta = 1,  rank(C) = 29
    Step Nº = 153/360 - SPEED MODE
      Iter Nº = 1,  NormPhi = 2.191e-05,  objfun = 6.003e-05,  normDeltaq = 4.779e-03,  beta = 1,  rank(C) = 29
      Iter Nº = 2,  NormPhi = 2.437e-10,  objfun = 6.003e-05,  normDeltaq = 1.594e-05,  beta = 1,  rank(C) = 29
    Step Nº = 154/360 - SPEED MODE
      Iter Nº = 1,  NormPhi = 1.630e-05,  objfun = 5.939e-05,  normDeltaq = 4.121e-03,  beta = 1,  rank(C) = 29
      Iter Nº = 2,  NormPhi = 1.300e-10,  objfun = 5.939e-05,  normDeltaq = 1.164e-05,  beta = 1,  rank(C) = 29
    Step Nº = 155/360 - SPEED MODE
      Iter Nº = 1,  NormPhi = 2.279e-05,  objfun = 5.898e-05,  normDeltaq = 4.873e-03,  beta = 1,  rank(C) = 29
      Iter Nº = 2,  NormPhi = 1.945e-10,  objfun = 5.898e-05,  normDeltaq = 1.424e-05,  beta = 1,  rank(C) = 29
    Step Nº = 156/360 - SPEED MODE
      Iter Nº = 1,  NormPhi = 1.108e-05,  objfun = 5.852e-05,  normDeltaq = 3.398e-03,  beta = 1,  rank(C) = 29
      Iter Nº = 2,  NormPhi = 4.509e-11,  objfun = 5.852e-05,  normDeltaq = 6.855e-06,  beta = 1,  rank(C) = 29
    Step Nº = 157/360 - SPEED MODE
      Iter Nº = 1,  NormPhi = 2.017e-05,  objfun = 5.832e-05,  normDeltaq = 4.584e-03,  beta = 1,  rank(C) = 29
      Iter Nº = 2,  NormPhi = 1.112e-10,  objfun = 5.832e-05,  normDeltaq = 1.077e-05,  beta = 1,  rank(C) = 29
    Step Nº = 158/360 - SPEED MODE
      Iter Nº = 1,  NormPhi = 7.867e-06,  objfun = 5.800e-05,  normDeltaq = 2.863e-03,  beta = 1,  rank(C) = 29
      Iter Nº = 2,  NormPhi = 1.562e-11,  objfun = 5.800e-05,  normDeltaq = 4.034e-06,  beta = 1,  rank(C) = 29
    Step Nº = 159/360 - SPEED MODE
      Iter Nº = 1,  NormPhi = 7.342e-07,  objfun = 5.733e-05,  normDeltaq = 8.747e-04,  beta = 1,  rank(C) = 29
    Step Nº = 160/360 - SPEED MODE
      Iter Nº = 1,  NormPhi = 1.166e-05,  objfun = 5.677e-05,  normDeltaq = 3.485e-03,  beta = 1,  rank(C) = 29
      Iter Nº = 2,  NormPhi = 6.989e-11,  objfun = 5.677e-05,  normDeltaq = 8.535e-06,  beta = 1,  rank(C) = 29
    Step Nº = 161/360 - SPEED MODE
      Iter Nº = 1,  NormPhi = 3.293e-06,  objfun = 5.601e-05,  normDeltaq = 1.852e-03,  beta = 1,  rank(C) = 29
      Iter Nº = 2,  NormPhi = 3.144e-11,  objfun = 5.601e-05,  normDeltaq = 5.724e-06,  beta = 1,  rank(C) = 29
    Step Nº = 162/360 - SPEED MODE
      Iter Nº = 1,  NormPhi = 8.925e-06,  objfun = 5.572e-05,  normDeltaq = 3.050e-03,  beta = 1,  rank(C) = 29
      Iter Nº = 2,  NormPhi = 1.466e-10,  objfun = 5.572e-05,  normDeltaq = 1.236e-05,  beta = 1,  rank(C) = 29
    Step Nº = 163/360 - SPEED MODE
      Iter Nº = 1,  NormPhi = 3.556e-06,  objfun = 5.576e-05,  normDeltaq = 1.925e-03,  beta = 1,  rank(C) = 29
      Iter Nº = 2,  NormPhi = 8.512e-11,  objfun = 5.576e-05,  normDeltaq = 9.418e-06,  beta = 1,  rank(C) = 29
    Step Nº = 164/360 - SPEED MODE
      Iter Nº = 1,  NormPhi = 5.327e-06,  objfun = 5.608e-05,  normDeltaq = 2.356e-03,  beta = 1,  rank(C) = 29
      Iter Nº = 2,  NormPhi = 1.586e-10,  objfun = 5.608e-05,  normDeltaq = 1.285e-05,  beta = 1,  rank(C) = 29
    Step Nº = 165/360 - SPEED MODE
      Iter Nº = 1,  NormPhi = 2.712e-06,  objfun = 5.694e-05,  normDeltaq = 1.681e-03,  beta = 1,  rank(C) = 29
      Iter Nº = 2,  NormPhi = 9.572e-11,  objfun = 5.694e-05,  normDeltaq = 9.988e-06,  beta = 1,  rank(C) = 29
    Step Nº = 166/360 - SPEED MODE
      Iter Nº = 1,  NormPhi = 4.988e-06,  objfun = 5.775e-05,  normDeltaq = 2.280e-03,  beta = 1,  rank(C) = 29
      Iter Nº = 2,  NormPhi = 1.869e-10,  objfun = 5.775e-05,  normDeltaq = 1.396e-05,  beta = 1,  rank(C) = 29
    Step Nº = 167/360 - SPEED MODE
      Iter Nº = 1,  NormPhi = 1.863e-06,  objfun = 5.916e-05,  normDeltaq = 1.393e-03,  beta = 1,  rank(C) = 29
      Iter Nº = 2,  NormPhi = 6.632e-11,  objfun = 5.916e-05,  normDeltaq = 8.314e-06,  beta = 1,  rank(C) = 29
    Step Nº = 168/360 - SPEED MODE
      Iter Nº = 1,  NormPhi = 7.042e-07,  objfun = 6.066e-05,  normDeltaq = 8.566e-04,  beta = 1,  rank(C) = 29
    Step Nº = 169/360 - SPEED MODE
      Iter Nº = 1,  NormPhi = 3.545e-06,  objfun = 6.166e-05,  normDeltaq = 1.922e-03,  beta = 1,  rank(C) = 29
      Iter Nº = 2,  NormPhi = 1.034e-10,  objfun = 6.166e-05,  normDeltaq = 1.038e-05,  beta = 1,  rank(C) = 29
    Step Nº = 170/360 - SPEED MODE
      Iter Nº = 1,  NormPhi = 9.950e-09,  objfun = 6.300e-05,  normDeltaq = 1.018e-04,  beta = 1,  rank(C) = 29
    Step Nº = 171/360 - SPEED MODE
      Iter Nº = 1,  NormPhi = 1.728e-06,  objfun = 6.375e-05,  normDeltaq = 1.342e-03,  beta = 1,  rank(C) = 29
      Iter Nº = 2,  NormPhi = 4.398e-11,  objfun = 6.375e-05,  normDeltaq = 6.770e-06,  beta = 1,  rank(C) = 29
    Step Nº = 172/360 - SPEED MODE
      Iter Nº = 1,  NormPhi = 3.428e-07,  objfun = 6.465e-05,  normDeltaq = 5.977e-04,  beta = 1,  rank(C) = 29
    Step Nº = 173/360 - SPEED MODE
      Iter Nº = 1,  NormPhi = 4.194e-07,  objfun = 6.509e-05,  normDeltaq = 6.704e-04,  beta = 0.85,  rank(C) = 29
    Step Nº = 174/360 - SPEED MODE
      Iter Nº = 1,  NormPhi = 7.509e-07,  objfun = 6.560e-05,  normDeltaq = 1.305e-03,  beta = 0.25,  rank(C) = 29
    Step Nº = 175/360 - SPEED MODE
      Iter Nº = 1,  NormPhi = 1.886e-06,  objfun = 6.584e-05,  normDeltaq = 1.992e-03,  beta = 0.3,  rank(C) = 29
      Iter Nº = 2,  NormPhi = 1.408e-06,  objfun = 6.582e-05,  normDeltaq = 1.392e-03,  beta = 0.5,  rank(C) = 29
      Iter Nº = 3,  NormPhi = 4.604e-07,  objfun = 6.582e-05,  normDeltaq = 6.927e-04,  beta = 1,  rank(C) = 29
    Step Nº = 176/360 - SPEED MODE
      Iter Nº = 1,  NormPhi = 4.606e-07,  objfun = 6.612e-05,  normDeltaq = 6.928e-04,  beta = 1,  rank(C) = 29
    Step Nº = 177/360 - SPEED MODE
      Iter Nº = 1,  NormPhi = 6.112e-07,  objfun = 6.638e-05,  normDeltaq = 7.981e-04,  beta = 1,  rank(C) = 29
    Step Nº = 178/360 - SPEED MODE
      Iter Nº = 1,  NormPhi = 1.780e-06,  objfun = 6.653e-05,  normDeltaq = 1.362e-03,  beta = 1,  rank(C) = 29
      Iter Nº = 2,  NormPhi = 3.553e-11,  objfun = 6.653e-05,  normDeltaq = 6.085e-06,  beta = 1,  rank(C) = 29
    Step Nº = 179/360 - SPEED MODE
      Iter Nº = 1,  NormPhi = 1.975e-06,  objfun = 6.681e-05,  normDeltaq = 1.435e-03,  beta = 1,  rank(C) = 29
      Iter Nº = 2,  NormPhi = 2.730e-11,  objfun = 6.681e-05,  normDeltaq = 5.334e-06,  beta = 1,  rank(C) = 29
    Step Nº = 180/360 - SPEED MODE
      Iter Nº = 1,  NormPhi = 1.606e-06,  objfun = 6.706e-05,  normDeltaq = 1.294e-03,  beta = 1,  rank(C) = 29
      Iter Nº = 2,  NormPhi = 1.444e-11,  objfun = 6.706e-05,  normDeltaq = 3.879e-06,  beta = 1,  rank(C) = 29
    Step Nº = 181/360 - SPEED MODE
      Iter Nº = 1,  NormPhi = 4.063e-06,  objfun = 6.745e-05,  normDeltaq = 2.058e-03,  beta = 1,  rank(C) = 29
      Iter Nº = 2,  NormPhi = 1.659e-11,  objfun = 6.745e-05,  normDeltaq = 4.158e-06,  beta = 1,  rank(C) = 29
    Step Nº = 182/360 - SPEED MODE
      Iter Nº = 1,  NormPhi = 1.231e-06,  objfun = 6.767e-05,  normDeltaq = 1.132e-03,  beta = 1,  rank(C) = 29
      Iter Nº = 2,  NormPhi = 1.791e-12,  objfun = 6.767e-05,  normDeltaq = 1.366e-06,  beta = 1,  rank(C) = 29
    Step Nº = 183/360 - SPEED MODE
      Iter Nº = 1,  NormPhi = 7.251e-06,  objfun = 6.797e-05,  normDeltaq = 2.749e-03,  beta = 1,  rank(C) = 29
      Iter Nº = 2,  NormPhi = 1.408e-11,  objfun = 6.797e-05,  normDeltaq = 3.830e-06,  beta = 1,  rank(C) = 29
    Step Nº = 184/360 - SPEED MODE
      Iter Nº = 1,  NormPhi = 5.858e-07,  objfun = 6.818e-05,  normDeltaq = 7.814e-04,  beta = 1,  rank(C) = 29
    Step Nº = 185/360 - SPEED MODE
      Iter Nº = 1,  NormPhi = 5.018e-06,  objfun = 6.821e-05,  normDeltaq = 2.287e-03,  beta = 1,  rank(C) = 29
      Iter Nº = 2,  NormPhi = 6.925e-12,  objfun = 6.821e-05,  normDeltaq = 2.687e-06,  beta = 1,  rank(C) = 29
    Step Nº = 186/360 - SPEED MODE
      Iter Nº = 1,  NormPhi = 9.047e-06,  objfun = 6.791e-05,  normDeltaq = 3.071e-03,  beta = 1,  rank(C) = 29
      Iter Nº = 2,  NormPhi = 2.561e-11,  objfun = 6.791e-05,  normDeltaq = 5.166e-06,  beta = 1,  rank(C) = 29
    Step Nº = 187/360 - SPEED MODE
      Iter Nº = 1,  NormPhi = 5.337e-06,  objfun = 6.751e-05,  normDeltaq = 2.358e-03,  beta = 1,  rank(C) = 29
      Iter Nº = 2,  NormPhi = 1.182e-11,  objfun = 6.751e-05,  normDeltaq = 3.510e-06,  beta = 1,  rank(C) = 29
    Step Nº = 188/360 - SPEED MODE
      Iter Nº = 1,  NormPhi = 1.349e-05,  objfun = 6.667e-05,  normDeltaq = 3.749e-03,  beta = 1,  rank(C) = 29
      Iter Nº = 2,  NormPhi = 5.951e-11,  objfun = 6.667e-05,  normDeltaq = 7.876e-06,  beta = 1,  rank(C) = 29
    Step Nº = 189/360 - SPEED MODE
      Iter Nº = 1,  NormPhi = 6.938e-06,  objfun = 6.600e-05,  normDeltaq = 2.689e-03,  beta = 1,  rank(C) = 29
      Iter Nº = 2,  NormPhi = 1.780e-11,  objfun = 6.600e-05,  normDeltaq = 4.307e-06,  beta = 1,  rank(C) = 29
    Step Nº = 190/360 - SPEED MODE
      Iter Nº = 1,  NormPhi = 1.706e-05,  objfun = 6.482e-05,  normDeltaq = 4.216e-03,  beta = 1,  rank(C) = 29
      Iter Nº = 2,  NormPhi = 7.696e-11,  objfun = 6.482e-05,  normDeltaq = 8.956e-06,  beta = 1,  rank(C) = 29
    Step Nº = 191/360 - SPEED MODE
      Iter Nº = 1,  NormPhi = 1.048e-05,  objfun = 6.387e-05,  normDeltaq = 3.304e-03,  beta = 1,  rank(C) = 29
      Iter Nº = 2,  NormPhi = 2.750e-11,  objfun = 6.387e-05,  normDeltaq = 5.353e-06,  beta = 1,  rank(C) = 29
    Step Nº = 192/360 - SPEED MODE
      Iter Nº = 1,  NormPhi = 1.526e-05,  objfun = 6.250e-05,  normDeltaq = 3.988e-03,  beta = 1,  rank(C) = 29
      Iter Nº = 2,  NormPhi = 6.226e-11,  objfun = 6.250e-05,  normDeltaq = 8.055e-06,  beta = 1,  rank(C) = 29
    Step Nº = 193/360 - SPEED MODE
      Iter Nº = 1,  NormPhi = 1.121e-07,  objfun = 6.119e-05,  normDeltaq = 3.418e-04,  beta = 1,  rank(C) = 29
    Step Nº = 194/360 - SPEED MODE
      Iter Nº = 1,  NormPhi = 1.533e-05,  objfun = 6.035e-05,  normDeltaq = 3.997e-03,  beta = 1,  rank(C) = 29
      Iter Nº = 2,  NormPhi = 7.408e-11,  objfun = 6.035e-05,  normDeltaq = 8.786e-06,  beta = 1,  rank(C) = 29
    Step Nº = 195/360 - SPEED MODE
      Iter Nº = 1,  NormPhi = 1.218e-05,  objfun = 5.920e-05,  normDeltaq = 3.563e-03,  beta = 1,  rank(C) = 29
      Iter Nº = 2,  NormPhi = 5.084e-11,  objfun = 5.920e-05,  normDeltaq = 7.279e-06,  beta = 1,  rank(C) = 29
    Step Nº = 196/360 - SPEED MODE
      Iter Nº = 1,  NormPhi = 1.448e-05,  objfun = 5.852e-05,  normDeltaq = 3.885e-03,  beta = 1,  rank(C) = 29
      Iter Nº = 2,  NormPhi = 6.885e-11,  objfun = 5.852e-05,  normDeltaq = 8.471e-06,  beta = 1,  rank(C) = 29
    Step Nº = 197/360 - SPEED MODE
      Iter Nº = 1,  NormPhi = 9.956e-06,  objfun = 5.755e-05,  normDeltaq = 3.221e-03,  beta = 1,  rank(C) = 29
      Iter Nº = 2,  NormPhi = 3.557e-11,  objfun = 5.755e-05,  normDeltaq = 6.088e-06,  beta = 1,  rank(C) = 29
    Step Nº = 198/360 - SPEED MODE
      Iter Nº = 1,  NormPhi = 1.398e-05,  objfun = 5.688e-05,  normDeltaq = 3.817e-03,  beta = 1,  rank(C) = 29
      Iter Nº = 2,  NormPhi = 6.256e-11,  objfun = 5.688e-05,  normDeltaq = 8.074e-06,  beta = 1,  rank(C) = 29
    Step Nº = 199/360 - SPEED MODE
      Iter Nº = 1,  NormPhi = 7.607e-06,  objfun = 5.592e-05,  normDeltaq = 2.816e-03,  beta = 1,  rank(C) = 29
      Iter Nº = 2,  NormPhi = 2.054e-11,  objfun = 5.592e-05,  normDeltaq = 4.626e-06,  beta = 1,  rank(C) = 29
    Step Nº = 200/360 - SPEED MODE
      Iter Nº = 1,  NormPhi = 1.219e-05,  objfun = 5.535e-05,  normDeltaq = 3.564e-03,  beta = 1,  rank(C) = 29
      Iter Nº = 2,  NormPhi = 4.489e-11,  objfun = 5.535e-05,  normDeltaq = 6.840e-06,  beta = 1,  rank(C) = 29
    Step Nº = 201/360 - SPEED MODE
      Iter Nº = 1,  NormPhi = 5.873e-06,  objfun = 5.466e-05,  normDeltaq = 2.474e-03,  beta = 1,  rank(C) = 29
      Iter Nº = 2,  NormPhi = 1.109e-11,  objfun = 5.466e-05,  normDeltaq = 3.399e-06,  beta = 1,  rank(C) = 29
    Step Nº = 202/360 - SPEED MODE
      Iter Nº = 1,  NormPhi = 5.020e-07,  objfun = 5.424e-05,  normDeltaq = 7.233e-04,  beta = 1,  rank(C) = 29
    Step Nº = 203/360 - SPEED MODE
      Iter Nº = 1,  NormPhi = 7.981e-06,  objfun = 5.408e-05,  normDeltaq = 2.884e-03,  beta = 1,  rank(C) = 29
      Iter Nº = 2,  NormPhi = 1.721e-11,  objfun = 5.408e-05,  normDeltaq = 4.235e-06,  beta = 1,  rank(C) = 29
    Step Nº = 204/360 - SPEED MODE
      Iter Nº = 1,  NormPhi = 2.925e-06,  objfun = 5.404e-05,  normDeltaq = 1.746e-03,  beta = 1,  rank(C) = 29
      Iter Nº = 2,  NormPhi = 2.380e-12,  objfun = 5.404e-05,  normDeltaq = 1.575e-06,  beta = 1,  rank(C) = 29
    Step Nº = 205/360 - SPEED MODE
      Iter Nº = 1,  NormPhi = 6.138e-06,  objfun = 5.412e-05,  normDeltaq = 2.529e-03,  beta = 1,  rank(C) = 29
      Iter Nº = 2,  NormPhi = 9.758e-12,  objfun = 5.412e-05,  normDeltaq = 3.189e-06,  beta = 1,  rank(C) = 29
    Step Nº = 206/360 - SPEED MODE
      Iter Nº = 1,  NormPhi = 2.064e-06,  objfun = 5.440e-05,  normDeltaq = 1.466e-03,  beta = 1,  rank(C) = 29
      Iter Nº = 2,  NormPhi = 1.154e-12,  objfun = 5.440e-05,  normDeltaq = 1.097e-06,  beta = 1,  rank(C) = 29
    Step Nº = 207/360 - SPEED MODE
      Iter Nº = 1,  NormPhi = 4.922e-06,  objfun = 5.468e-05,  normDeltaq = 2.265e-03,  beta = 1,  rank(C) = 29
      Iter Nº = 2,  NormPhi = 6.215e-12,  objfun = 5.468e-05,  normDeltaq = 2.545e-06,  beta = 1,  rank(C) = 29
    Step Nº = 208/360 - SPEED MODE
      Iter Nº = 1,  NormPhi = 8.947e-07,  objfun = 5.518e-05,  normDeltaq = 9.656e-04,  beta = 1,  rank(C) = 29
    Step Nº = 209/360 - SPEED MODE
      Iter Nº = 1,  NormPhi = 7.189e-07,  objfun = 5.567e-05,  normDeltaq = 8.656e-04,  beta = 1,  rank(C) = 29
    Step Nº = 210/360 - SPEED MODE
      Iter Nº = 1,  NormPhi = 2.039e-06,  objfun = 5.596e-05,  normDeltaq = 1.458e-03,  beta = 1,  rank(C) = 29
      Iter Nº = 2,  NormPhi = 1.039e-12,  objfun = 5.596e-05,  normDeltaq = 1.041e-06,  beta = 1,  rank(C) = 29
    Step Nº = 211/360 - SPEED MODE
      Iter Nº = 1,  NormPhi = 5.686e-08,  objfun = 5.630e-05,  normDeltaq = 2.434e-04,  beta = 1,  rank(C) = 29
    Step Nº = 212/360 - SPEED MODE
      Iter Nº = 1,  NormPhi = 1.039e-06,  objfun = 5.648e-05,  normDeltaq = 1.040e-03,  beta = 1,  rank(C) = 29
      Iter Nº = 2,  NormPhi = 2.696e-13,  objfun = 5.648e-05,  normDeltaq = 5.301e-07,  beta = 1,  rank(C) = 29
    Step Nº = 213/360 - SPEED MODE
      Iter Nº = 1,  NormPhi = 4.712e-10,  objfun = 5.665e-05,  normDeltaq = 2.216e-05,  beta = 1,  rank(C) = 29
    Step Nº = 214/360 - SPEED MODE
      Iter Nº = 1,  NormPhi = 3.873e-07,  objfun = 5.671e-05,  normDeltaq = 6.353e-04,  beta = 1,  rank(C) = 29
    Step Nº = 215/360 - SPEED MODE
      Iter Nº = 1,  NormPhi = 3.029e-08,  objfun = 5.673e-05,  normDeltaq = 1.777e-04,  beta = 1,  rank(C) = 29
    Step Nº = 216/360 - SPEED MODE
      Iter Nº = 1,  NormPhi = 7.870e-09,  objfun = 5.669e-05,  normDeltaq = 3.122e-04,  beta = 0.8,  rank(C) = 29
    Step Nº = 217/360 - SPEED MODE
      Iter Nº = 1,  NormPhi = 6.262e-10,  objfun = 5.657e-05,  normDeltaq = 4.928e-04,  beta = 0.15,  rank(C) = 29
    Step Nº = 218/360 - SPEED MODE
      Iter Nº = 1,  NormPhi = 4.013e-08,  objfun = 5.635e-05,  normDeltaq = 1.275e-03,  beta = 0.101,  rank(C) = 29
    Step Nº = 219/360 - SPEED MODE
      Iter Nº = 1,  NormPhi = 2.134e-07,  objfun = 5.617e-05,  normDeltaq = 1.788e-03,  beta = 0.05,  rank(C) = 29
    Step Nº = 220/360 - SPEED MODE
      Iter Nº = 1,  NormPhi = 6.237e-07,  objfun = 5.585e-05,  normDeltaq = 3.309e-03,  beta = 0.05,  rank(C) = 29
    Step Nº = 221/360 - SPEED MODE
      Iter Nº = 1,  NormPhi = 1.523e-06,  objfun = 5.558e-05,  normDeltaq = 4.383e-03,  beta = 0.05,  rank(C) = 29
      Iter Nº = 2,  NormPhi = 1.488e-06,  objfun = 5.555e-05,  normDeltaq = 4.164e-03,  beta = 0.05,  rank(C) = 29
      Iter Nº = 3,  NormPhi = 1.451e-06,  objfun = 5.553e-05,  normDeltaq = 3.956e-03,  beta = 0.05,  rank(C) = 29
      Iter Nº = 4,  NormPhi = 1.413e-06,  objfun = 5.551e-05,  normDeltaq = 3.758e-03,  beta = 0.05,  rank(C) = 29
      Iter Nº = 5,  NormPhi = 1.373e-06,  objfun = 5.549e-05,  normDeltaq = 3.570e-03,  beta = 0.05,  rank(C) = 29
      Iter Nº = 6,  NormPhi = 1.331e-06,  objfun = 5.548e-05,  normDeltaq = 3.391e-03,  beta = 0.05,  rank(C) = 29
      Iter Nº = 7,  NormPhi = 1.290e-06,  objfun = 5.546e-05,  normDeltaq = 3.222e-03,  beta = 0.05,  rank(C) = 29
      Iter Nº = 8,  NormPhi = 1.248e-06,  objfun = 5.545e-05,  normDeltaq = 3.061e-03,  beta = 0.05,  rank(C) = 29
      Iter Nº = 9,  NormPhi = 1.204e-06,  objfun = 5.543e-05,  normDeltaq = 2.907e-03,  beta = 0.1,  rank(C) = 29
      Iter Nº = 10,  NormPhi = 1.149e-06,  objfun = 5.541e-05,  normDeltaq = 2.617e-03,  beta = 0.1,  rank(C) = 29
      Iter Nº = 11,  NormPhi = 1.088e-06,  objfun = 5.539e-05,  normDeltaq = 2.355e-03,  beta = 0.1,  rank(C) = 29
      Iter Nº = 12,  NormPhi = 1.021e-06,  objfun = 5.538e-05,  normDeltaq = 2.119e-03,  beta = 0.15,  rank(C) = 29
      Iter Nº = 13,  NormPhi = 9.383e-07,  objfun = 5.536e-05,  normDeltaq = 1.801e-03,  beta = 0.15,  rank(C) = 29
    Step Nº = 222/360 - SPEED MODE
      Iter Nº = 1,  NormPhi = 2.745e-06,  objfun = 5.458e-05,  normDeltaq = 1.691e-03,  beta = 1,  rank(C) = 29
      Iter Nº = 2,  NormPhi = 2.417e-12,  objfun = 5.458e-05,  normDeltaq = 1.587e-06,  beta = 1,  rank(C) = 29
    Step Nº = 223/360 - SPEED MODE
      Iter Nº = 1,  NormPhi = 4.353e-06,  objfun = 5.400e-05,  normDeltaq = 2.130e-03,  beta = 1,  rank(C) = 29
      Iter Nº = 2,  NormPhi = 5.684e-12,  objfun = 5.400e-05,  normDeltaq = 2.434e-06,  beta = 1,  rank(C) = 29
    Step Nº = 224/360 - SPEED MODE
      Iter Nº = 1,  NormPhi = 3.741e-06,  objfun = 5.319e-05,  normDeltaq = 1.974e-03,  beta = 1,  rank(C) = 29
      Iter Nº = 2,  NormPhi = 4.646e-12,  objfun = 5.319e-05,  normDeltaq = 2.200e-06,  beta = 1,  rank(C) = 29
    Step Nº = 225/360 - SPEED MODE
      Iter Nº = 1,  NormPhi = 1.748e-06,  objfun = 5.276e-05,  normDeltaq = 1.350e-03,  beta = 1,  rank(C) = 29
      Iter Nº = 2,  NormPhi = 1.439e-12,  objfun = 5.276e-05,  normDeltaq = 1.225e-06,  beta = 1,  rank(C) = 29
    Step Nº = 226/360 - SPEED MODE
      Iter Nº = 1,  NormPhi = 3.926e-06,  objfun = 5.231e-05,  normDeltaq = 2.023e-03,  beta = 1,  rank(C) = 29
      Iter Nº = 2,  NormPhi = 5.805e-12,  objfun = 5.231e-05,  normDeltaq = 2.460e-06,  beta = 1,  rank(C) = 29
    Step Nº = 227/360 - SPEED MODE
      Iter Nº = 1,  NormPhi = 8.721e-08,  objfun = 5.207e-05,  normDeltaq = 3.015e-04,  beta = 1,  rank(C) = 29
    Step Nº = 228/360 - SPEED MODE
      Iter Nº = 1,  NormPhi = 3.163e-06,  objfun = 5.199e-05,  normDeltaq = 1.816e-03,  beta = 1,  rank(C) = 29
      Iter Nº = 2,  NormPhi = 4.691e-12,  objfun = 5.199e-05,  normDeltaq = 2.211e-06,  beta = 1,  rank(C) = 29
    Step Nº = 229/360 - SPEED MODE
      Iter Nº = 1,  NormPhi = 5.321e-06,  objfun = 5.197e-05,  normDeltaq = 2.355e-03,  beta = 1,  rank(C) = 29
      Iter Nº = 2,  NormPhi = 1.146e-11,  objfun = 5.197e-05,  normDeltaq = 3.456e-06,  beta = 1,  rank(C) = 29
    Step Nº = 230/360 - SPEED MODE
      Iter Nº = 1,  NormPhi = 3.625e-06,  objfun = 5.199e-05,  normDeltaq = 1.944e-03,  beta = 1,  rank(C) = 29
      Iter Nº = 2,  NormPhi = 6.680e-12,  objfun = 5.199e-05,  normDeltaq = 2.638e-06,  beta = 1,  rank(C) = 29
    Step Nº = 231/360 - SPEED MODE
      Iter Nº = 1,  NormPhi = 6.062e-06,  objfun = 5.206e-05,  normDeltaq = 2.513e-03,  beta = 1,  rank(C) = 29
      Iter Nº = 2,  NormPhi = 1.624e-11,  objfun = 5.206e-05,  normDeltaq = 4.114e-06,  beta = 1,  rank(C) = 29
    Step Nº = 232/360 - SPEED MODE
      Iter Nº = 1,  NormPhi = 4.463e-06,  objfun = 5.213e-05,  normDeltaq = 2.157e-03,  beta = 1,  rank(C) = 29
      Iter Nº = 2,  NormPhi = 1.106e-11,  objfun = 5.213e-05,  normDeltaq = 3.396e-06,  beta = 1,  rank(C) = 29
    Step Nº = 233/360 - SPEED MODE
      Iter Nº = 1,  NormPhi = 6.440e-06,  objfun = 5.227e-05,  normDeltaq = 2.591e-03,  beta = 1,  rank(C) = 29
      Iter Nº = 2,  NormPhi = 2.138e-11,  objfun = 5.227e-05,  normDeltaq = 4.720e-06,  beta = 1,  rank(C) = 29
    Step Nº = 234/360 - SPEED MODE
      Iter Nº = 1,  NormPhi = 1.478e-08,  objfun = 5.246e-05,  normDeltaq = 1.241e-04,  beta = 1,  rank(C) = 29
    Step Nº = 235/360 - SPEED MODE
      Iter Nº = 1,  NormPhi = 6.192e-06,  objfun = 5.267e-05,  normDeltaq = 2.540e-03,  beta = 1,  rank(C) = 29
      Iter Nº = 2,  NormPhi = 2.525e-11,  objfun = 5.268e-05,  normDeltaq = 5.130e-06,  beta = 1,  rank(C) = 29
    Step Nº = 236/360 - SPEED MODE
      Iter Nº = 1,  NormPhi = 5.600e-06,  objfun = 5.316e-05,  normDeltaq = 2.416e-03,  beta = 1,  rank(C) = 29
      Iter Nº = 2,  NormPhi = 2.638e-11,  objfun = 5.316e-05,  normDeltaq = 5.243e-06,  beta = 1,  rank(C) = 29
    Step Nº = 237/360 - SPEED MODE
      Iter Nº = 1,  NormPhi = 6.030e-06,  objfun = 5.356e-05,  normDeltaq = 2.507e-03,  beta = 1,  rank(C) = 29
      Iter Nº = 2,  NormPhi = 3.289e-11,  objfun = 5.356e-05,  normDeltaq = 5.855e-06,  beta = 1,  rank(C) = 29
    Step Nº = 238/360 - SPEED MODE
      Iter Nº = 1,  NormPhi = 5.535e-06,  objfun = 5.424e-05,  normDeltaq = 2.402e-03,  beta = 1,  rank(C) = 29
      Iter Nº = 2,  NormPhi = 3.576e-11,  objfun = 5.424e-05,  normDeltaq = 6.105e-06,  beta = 1,  rank(C) = 29
    Step Nº = 239/360 - SPEED MODE
      Iter Nº = 1,  NormPhi = 6.043e-06,  objfun = 5.471e-05,  normDeltaq = 2.510e-03,  beta = 1,  rank(C) = 29
      Iter Nº = 2,  NormPhi = 4.491e-11,  objfun = 5.471e-05,  normDeltaq = 6.841e-06,  beta = 1,  rank(C) = 29
    Step Nº = 240/360 - SPEED MODE
      Iter Nº = 1,  NormPhi = 4.543e-06,  objfun = 5.537e-05,  normDeltaq = 2.176e-03,  beta = 1,  rank(C) = 29
      Iter Nº = 2,  NormPhi = 3.787e-11,  objfun = 5.537e-05,  normDeltaq = 6.283e-06,  beta = 1,  rank(C) = 29
    Step Nº = 241/360 - SPEED MODE
      Iter Nº = 1,  NormPhi = 6.229e-06,  objfun = 5.569e-05,  normDeltaq = 2.548e-03,  beta = 1,  rank(C) = 29
      Iter Nº = 2,  NormPhi = 5.896e-11,  objfun = 5.569e-05,  normDeltaq = 7.839e-06,  beta = 1,  rank(C) = 29
    Step Nº = 242/360 - SPEED MODE
      Iter Nº = 1,  NormPhi = 3.672e-06,  objfun = 5.599e-05,  normDeltaq = 1.956e-03,  beta = 1,  rank(C) = 29
      Iter Nº = 2,  NormPhi = 3.526e-11,  objfun = 5.599e-05,  normDeltaq = 6.062e-06,  beta = 1,  rank(C) = 29
    Step Nº = 243/360 - SPEED MODE
      Iter Nº = 1,  NormPhi = 1.596e-07,  objfun = 5.592e-05,  normDeltaq = 4.078e-04,  beta = 1,  rank(C) = 29
    Step Nº = 244/360 - SPEED MODE
      Iter Nº = 1,  NormPhi = 4.610e-06,  objfun = 5.578e-05,  normDeltaq = 2.192e-03,  beta = 1,  rank(C) = 29
      Iter Nº = 2,  NormPhi = 4.564e-11,  objfun = 5.578e-05,  normDeltaq = 6.896e-06,  beta = 1,  rank(C) = 29
    Step Nº = 245/360 - SPEED MODE
      Iter Nº = 1,  NormPhi = 2.066e-06,  objfun = 5.564e-05,  normDeltaq = 1.467e-03,  beta = 1,  rank(C) = 29
      Iter Nº = 2,  NormPhi = 1.891e-11,  objfun = 5.564e-05,  normDeltaq = 4.439e-06,  beta = 1,  rank(C) = 29
    Step Nº = 246/360 - SPEED MODE
      Iter Nº = 1,  NormPhi = 3.898e-06,  objfun = 5.567e-05,  normDeltaq = 2.016e-03,  beta = 1,  rank(C) = 29
      Iter Nº = 2,  NormPhi = 3.712e-11,  objfun = 5.567e-05,  normDeltaq = 6.220e-06,  beta = 1,  rank(C) = 29
    Step Nº = 247/360 - SPEED MODE
      Iter Nº = 1,  NormPhi = 1.410e-06,  objfun = 5.587e-05,  normDeltaq = 1.212e-03,  beta = 1,  rank(C) = 29
      Iter Nº = 2,  NormPhi = 1.230e-11,  objfun = 5.587e-05,  normDeltaq = 3.580e-06,  beta = 1,  rank(C) = 29
    Step Nº = 248/360 - SPEED MODE
      Iter Nº = 1,  NormPhi = 2.995e-06,  objfun = 5.610e-05,  normDeltaq = 1.767e-03,  beta = 1,  rank(C) = 29
      Iter Nº = 2,  NormPhi = 2.678e-11,  objfun = 5.610e-05,  normDeltaq = 5.283e-06,  beta = 1,  rank(C) = 29
    Step Nº = 249/360 - SPEED MODE
      Iter Nº = 1,  NormPhi = 8.994e-07,  objfun = 5.653e-05,  normDeltaq = 9.682e-04,  beta = 1,  rank(C) = 29
    Step Nº = 250/360 - SPEED MODE
      Iter Nº = 1,  NormPhi = 2.295e-06,  objfun = 5.688e-05,  normDeltaq = 1.546e-03,  beta = 1,  rank(C) = 29
      Iter Nº = 2,  NormPhi = 1.857e-11,  objfun = 5.688e-05,  normDeltaq = 4.399e-06,  beta = 1,  rank(C) = 29
    Step Nº = 251/360 - SPEED MODE
      Iter Nº = 1,  NormPhi = 4.344e-07,  objfun = 5.746e-05,  normDeltaq = 6.728e-04,  beta = 1,  rank(C) = 29
    Step Nº = 252/360 - SPEED MODE
      Iter Nº = 1,  NormPhi = 3.502e-07,  objfun = 5.803e-05,  normDeltaq = 6.041e-04,  beta = 1,  rank(C) = 29
    Step Nº = 253/360 - SPEED MODE
      Iter Nº = 1,  NormPhi = 9.600e-07,  objfun = 5.840e-05,  normDeltaq = 1.000e-03,  beta = 1,  rank(C) = 29
    Step Nº = 254/360 - SPEED MODE
      Iter Nº = 1,  NormPhi = 1.424e-08,  objfun = 5.892e-05,  normDeltaq = 1.218e-04,  beta = 1,  rank(C) = 29
    Step Nº = 255/360 - SPEED MODE
      Iter Nº = 1,  NormPhi = 4.985e-07,  objfun = 5.923e-05,  normDeltaq = 7.207e-04,  beta = 1,  rank(C) = 29
    Step Nº = 256/360 - SPEED MODE
      Iter Nº = 1,  NormPhi = 1.195e-08,  objfun = 5.963e-05,  normDeltaq = 1.116e-04,  beta = 1,  rank(C) = 29
    Step Nº = 257/360 - SPEED MODE
      Iter Nº = 1,  NormPhi = 1.726e-09,  objfun = 5.985e-05,  normDeltaq = 4.351e-04,  beta = 0.4,  rank(C) = 29
    Step Nº = 258/360 - SPEED MODE
      Iter Nº = 1,  NormPhi = 1.436e-07,  objfun = 6.015e-05,  normDeltaq = 8.286e-04,  beta = 0.1,  rank(C) = 29
    Step Nº = 259/360 - SPEED MODE
      Iter Nº = 1,  NormPhi = 3.638e-07,  objfun = 6.041e-05,  normDeltaq = 1.679e-03,  beta = 0.05,  rank(C) = 29
    Step Nº = 260/360 - SPEED MODE
      Iter Nº = 1,  NormPhi = 5.987e-07,  objfun = 6.057e-05,  normDeltaq = 2.390e-03,  beta = 0.05,  rank(C) = 29
    Step Nº = 261/360 - SPEED MODE
      Iter Nº = 1,  NormPhi = 8.236e-07,  objfun = 6.084e-05,  normDeltaq = 3.625e-03,  beta = 0.05,  rank(C) = 29
    Step Nº = 262/360 - SPEED MODE
      Iter Nº = 1,  NormPhi = 1.095e-06,  objfun = 6.102e-05,  normDeltaq = 4.354e-03,  beta = 0.05,  rank(C) = 29
      Iter Nº = 2,  NormPhi = 1.082e-06,  objfun = 6.100e-05,  normDeltaq = 4.136e-03,  beta = 0.05,  rank(C) = 29
      Iter Nº = 3,  NormPhi = 1.065e-06,  objfun = 6.098e-05,  normDeltaq = 3.929e-03,  beta = 0.05,  rank(C) = 29
      Iter Nº = 4,  NormPhi = 1.045e-06,  objfun = 6.096e-05,  normDeltaq = 3.732e-03,  beta = 0.05,  rank(C) = 29
      Iter Nº = 5,  NormPhi = 1.023e-06,  objfun = 6.094e-05,  normDeltaq = 3.545e-03,  beta = 0.05,  rank(C) = 29
      Iter Nº = 6,  NormPhi = 9.988e-07,  objfun = 6.092e-05,  normDeltaq = 3.367e-03,  beta = 0.05,  rank(C) = 29
    Step Nº = 263/360 - SPEED MODE
      Iter Nº = 1,  NormPhi = 4.172e-06,  objfun = 6.107e-05,  normDeltaq = 3.790e-03,  beta = 0.15,  rank(C) = 29
      Iter Nº = 2,  NormPhi = 3.736e-06,  objfun = 6.102e-05,  normDeltaq = 3.220e-03,  beta = 0.2,  rank(C) = 29
      Iter Nº = 3,  NormPhi = 3.187e-06,  objfun = 6.097e-05,  normDeltaq = 2.575e-03,  beta = 0.3,  rank(C) = 29
      Iter Nº = 4,  NormPhi = 2.371e-06,  objfun = 6.094e-05,  normDeltaq = 1.800e-03,  beta = 0.5,  rank(C) = 29
      Iter Nº = 5,  NormPhi = 7.741e-07,  objfun = 6.092e-05,  normDeltaq = 8.982e-04,  beta = 1,  rank(C) = 29
    Step Nº = 264/360 - SPEED MODE
      Iter Nº = 1,  NormPhi = 1.283e-05,  objfun = 6.103e-05,  normDeltaq = 3.657e-03,  beta = 1,  rank(C) = 29
      Iter Nº = 2,  NormPhi = 1.068e-10,  objfun = 6.103e-05,  normDeltaq = 1.055e-05,  beta = 1,  rank(C) = 29
    Step Nº = 265/360 - SPEED MODE
      Iter Nº = 1,  NormPhi = 9.225e-07,  objfun = 6.121e-05,  normDeltaq = 9.805e-04,  beta = 1,  rank(C) = 29
    Step Nº = 266/360 - SPEED MODE
      Iter Nº = 1,  NormPhi = 4.003e-07,  objfun = 6.134e-05,  normDeltaq = 6.459e-04,  beta = 1,  rank(C) = 29
    Step Nº = 267/360 - SPEED MODE
      Iter Nº = 1,  NormPhi = 1.168e-06,  objfun = 6.159e-05,  normDeltaq = 1.103e-03,  beta = 1,  rank(C) = 29
      Iter Nº = 2,  NormPhi = 6.895e-12,  objfun = 6.159e-05,  normDeltaq = 2.681e-06,  beta = 1,  rank(C) = 29
    Step Nº = 268/360 - SPEED MODE
      Iter Nº = 1,  NormPhi = 7.712e-08,  objfun = 6.195e-05,  normDeltaq = 2.835e-04,  beta = 1,  rank(C) = 29
    Step Nº = 269/360 - SPEED MODE
      Iter Nº = 1,  NormPhi = 8.685e-07,  objfun = 6.226e-05,  normDeltaq = 9.514e-04,  beta = 1,  rank(C) = 29
    Step Nº = 270/360 - SPEED MODE
      Iter Nº = 1,  NormPhi = 1.554e-06,  objfun = 6.269e-05,  normDeltaq = 1.273e-03,  beta = 1,  rank(C) = 29
      Iter Nº = 2,  NormPhi = 1.056e-11,  objfun = 6.269e-05,  normDeltaq = 3.318e-06,  beta = 1,  rank(C) = 29
    Step Nº = 271/360 - SPEED MODE
      Iter Nº = 1,  NormPhi = 1.204e-06,  objfun = 6.286e-05,  normDeltaq = 1.120e-03,  beta = 1,  rank(C) = 29
      Iter Nº = 2,  NormPhi = 8.365e-12,  objfun = 6.286e-05,  normDeltaq = 2.953e-06,  beta = 1,  rank(C) = 29
    Step Nº = 272/360 - SPEED MODE
      Iter Nº = 1,  NormPhi = 1.419e-06,  objfun = 6.288e-05,  normDeltaq = 1.216e-03,  beta = 1,  rank(C) = 29
      Iter Nº = 2,  NormPhi = 1.029e-11,  objfun = 6.288e-05,  normDeltaq = 3.274e-06,  beta = 1,  rank(C) = 29
    Step Nº = 273/360 - SPEED MODE
      Iter Nº = 1,  NormPhi = 1.358e-06,  objfun = 6.277e-05,  normDeltaq = 1.190e-03,  beta = 1,  rank(C) = 29
      Iter Nº = 2,  NormPhi = 9.992e-12,  objfun = 6.277e-05,  normDeltaq = 3.227e-06,  beta = 1,  rank(C) = 29
    Step Nº = 274/360 - SPEED MODE
      Iter Nº = 1,  NormPhi = 1.445e-06,  objfun = 6.251e-05,  normDeltaq = 1.227e-03,  beta = 1,  rank(C) = 29
      Iter Nº = 2,  NormPhi = 1.089e-11,  objfun = 6.251e-05,  normDeltaq = 3.370e-06,  beta = 1,  rank(C) = 29
    Step Nº = 275/360 - SPEED MODE
      Iter Nº = 1,  NormPhi = 1.359e-06,  objfun = 6.226e-05,  normDeltaq = 1.190e-03,  beta = 1,  rank(C) = 29
      Iter Nº = 2,  NormPhi = 1.033e-11,  objfun = 6.226e-05,  normDeltaq = 3.281e-06,  beta = 1,  rank(C) = 29
    Step Nº = 276/360 - SPEED MODE
      Iter Nº = 1,  NormPhi = 1.498e-06,  objfun = 6.182e-05,  normDeltaq = 1.250e-03,  beta = 1,  rank(C) = 29
      Iter Nº = 2,  NormPhi = 1.154e-11,  objfun = 6.182e-05,  normDeltaq = 3.469e-06,  beta = 1,  rank(C) = 29
    Step Nº = 277/360 - SPEED MODE
      Iter Nº = 1,  NormPhi = 2.014e-09,  objfun = 6.122e-05,  normDeltaq = 4.581e-05,  beta = 1,  rank(C) = 29
    Step Nº = 278/360 - SPEED MODE
      Iter Nº = 1,  NormPhi = 1.441e-06,  objfun = 6.076e-05,  normDeltaq = 1.225e-03,  beta = 1,  rank(C) = 29
      Iter Nº = 2,  NormPhi = 1.073e-11,  objfun = 6.076e-05,  normDeltaq = 3.344e-06,  beta = 1,  rank(C) = 29
    Step Nº = 279/360 - SPEED MODE
      Iter Nº = 1,  NormPhi = 1.632e-06,  objfun = 5.999e-05,  normDeltaq = 1.304e-03,  beta = 1,  rank(C) = 29
      Iter Nº = 2,  NormPhi = 1.177e-11,  objfun = 5.999e-05,  normDeltaq = 3.503e-06,  beta = 1,  rank(C) = 29
    Step Nº = 280/360 - SPEED MODE
      Iter Nº = 1,  NormPhi = 1.475e-06,  objfun = 5.947e-05,  normDeltaq = 1.240e-03,  beta = 1,  rank(C) = 29
      Iter Nº = 2,  NormPhi = 1.028e-11,  objfun = 5.947e-05,  normDeltaq = 3.274e-06,  beta = 1,  rank(C) = 29
    Step Nº = 281/360 - SPEED MODE
      Iter Nº = 1,  NormPhi = 1.713e-06,  objfun = 5.868e-05,  normDeltaq = 1.336e-03,  beta = 1,  rank(C) = 29
      Iter Nº = 2,  NormPhi = 1.146e-11,  objfun = 5.868e-05,  normDeltaq = 3.456e-06,  beta = 1,  rank(C) = 29
    Step Nº = 282/360 - SPEED MODE
      Iter Nº = 1,  NormPhi = 1.553e-06,  objfun = 5.816e-05,  normDeltaq = 1.272e-03,  beta = 1,  rank(C) = 29
      Iter Nº = 2,  NormPhi = 9.900e-12,  objfun = 5.816e-05,  normDeltaq = 3.212e-06,  beta = 1,  rank(C) = 29
    Step Nº = 283/360 - SPEED MODE
      Iter Nº = 1,  NormPhi = 1.686e-06,  objfun = 5.745e-05,  normDeltaq = 1.326e-03,  beta = 1,  rank(C) = 29
      Iter Nº = 2,  NormPhi = 9.959e-12,  objfun = 5.745e-05,  normDeltaq = 3.222e-06,  beta = 1,  rank(C) = 29
    Step Nº = 284/360 - SPEED MODE
      Iter Nº = 1,  NormPhi = 1.852e-08,  objfun = 5.688e-05,  normDeltaq = 1.389e-04,  beta = 1,  rank(C) = 29
    Step Nº = 285/360 - SPEED MODE
      Iter Nº = 1,  NormPhi = 1.821e-06,  objfun = 5.657e-05,  normDeltaq = 1.378e-03,  beta = 1,  rank(C) = 29
      Iter Nº = 2,  NormPhi = 9.490e-12,  objfun = 5.657e-05,  normDeltaq = 3.145e-06,  beta = 1,  rank(C) = 29
    Step Nº = 286/360 - SPEED MODE
      Iter Nº = 1,  NormPhi = 9.923e-07,  objfun = 5.620e-05,  normDeltaq = 1.017e-03,  beta = 1,  rank(C) = 29
    Step Nº = 287/360 - SPEED MODE
      Iter Nº = 1,  NormPhi = 1.574e-06,  objfun = 5.601e-05,  normDeltaq = 1.281e-03,  beta = 1,  rank(C) = 29
      Iter Nº = 2,  NormPhi = 7.561e-12,  objfun = 5.601e-05,  normDeltaq = 2.807e-06,  beta = 1,  rank(C) = 29
    Step Nº = 288/360 - SPEED MODE
      Iter Nº = 1,  NormPhi = 7.571e-07,  objfun = 5.578e-05,  normDeltaq = 8.883e-04,  beta = 1,  rank(C) = 29
    Step Nº = 289/360 - SPEED MODE
      Iter Nº = 1,  NormPhi = 1.311e-06,  objfun = 5.567e-05,  normDeltaq = 1.169e-03,  beta = 1,  rank(C) = 29
      Iter Nº = 2,  NormPhi = 5.980e-12,  objfun = 5.567e-05,  normDeltaq = 2.496e-06,  beta = 1,  rank(C) = 29
    Step Nº = 290/360 - SPEED MODE
      Iter Nº = 1,  NormPhi = 5.494e-07,  objfun = 5.558e-05,  normDeltaq = 7.567e-04,  beta = 1,  rank(C) = 29
    Step Nº = 291/360 - SPEED MODE
      Iter Nº = 1,  NormPhi = 1.036e-06,  objfun = 5.558e-05,  normDeltaq = 1.039e-03,  beta = 1,  rank(C) = 29
      Iter Nº = 2,  NormPhi = 4.596e-12,  objfun = 5.558e-05,  normDeltaq = 2.189e-06,  beta = 1,  rank(C) = 29
    Step Nº = 292/360 - SPEED MODE
      Iter Nº = 1,  NormPhi = 3.658e-07,  objfun = 5.563e-05,  normDeltaq = 6.175e-04,  beta = 1,  rank(C) = 29
    Step Nº = 293/360 - SPEED MODE
      Iter Nº = 1,  NormPhi = 1.462e-07,  objfun = 5.561e-05,  normDeltaq = 3.903e-04,  beta = 1,  rank(C) = 29
    Step Nº = 294/360 - SPEED MODE
      Iter Nº = 1,  NormPhi = 6.220e-07,  objfun = 5.555e-05,  normDeltaq = 8.051e-04,  beta = 1,  rank(C) = 29
    Step Nº = 295/360 - SPEED MODE
      Iter Nº = 1,  NormPhi = 3.774e-08,  objfun = 5.538e-05,  normDeltaq = 1.983e-04,  beta = 1,  rank(C) = 29
    Step Nº = 296/360 - SPEED MODE
      Iter Nº = 1,  NormPhi = 3.455e-07,  objfun = 5.523e-05,  normDeltaq = 6.000e-04,  beta = 1,  rank(C) = 29
    Step Nº = 297/360 - SPEED MODE
      Iter Nº = 1,  NormPhi = 2.992e-09,  objfun = 5.498e-05,  normDeltaq = 5.584e-05,  beta = 1,  rank(C) = 29
    Step Nº = 298/360 - SPEED MODE
      Iter Nº = 1,  NormPhi = 1.625e-07,  objfun = 5.483e-05,  normDeltaq = 4.115e-04,  beta = 1,  rank(C) = 29
    Step Nº = 299/360 - SPEED MODE
      Iter Nº = 1,  NormPhi = 4.396e-09,  objfun = 5.462e-05,  normDeltaq = 6.769e-05,  beta = 1,  rank(C) = 29
    Step Nº = 300/360 - SPEED MODE
      Iter Nº = 1,  NormPhi = 2.837e-09,  objfun = 5.448e-05,  normDeltaq = 2.386e-04,  beta = 0.65,  rank(C) = 29
    Step Nº = 301/360 - SPEED MODE
      Iter Nº = 1,  NormPhi = 1.005e-08,  objfun = 5.423e-05,  normDeltaq = 3.580e-04,  beta = 0.05,  rank(C) = 29
    Step Nº = 302/360 - SPEED MODE
      Iter Nº = 1,  NormPhi = 2.736e-08,  objfun = 5.392e-05,  normDeltaq = 8.715e-04,  beta = 0.101,  rank(C) = 29
    Step Nº = 303/360 - SPEED MODE
      Iter Nº = 1,  NormPhi = 5.649e-08,  objfun = 5.369e-05,  normDeltaq = 1.192e-03,  beta = 0.101,  rank(C) = 29
    Step Nº = 304/360 - SPEED MODE
      Iter Nº = 1,  NormPhi = 1.522e-07,  objfun = 5.326e-05,  normDeltaq = 1.813e-03,  beta = 0.101,  rank(C) = 29
    Step Nº = 305/360 - SPEED MODE
      Iter Nº = 1,  NormPhi = 4.570e-07,  objfun = 5.296e-05,  normDeltaq = 2.004e-03,  beta = 0.05,  rank(C) = 29
    Step Nº = 306/360 - SPEED MODE
      Iter Nº = 1,  NormPhi = 1.086e-06,  objfun = 5.262e-05,  normDeltaq = 2.587e-03,  beta = 0.1,  rank(C) = 29
      Iter Nº = 2,  NormPhi = 1.030e-06,  objfun = 5.260e-05,  normDeltaq = 2.328e-03,  beta = 0.1,  rank(C) = 29
      Iter Nº = 3,  NormPhi = 9.687e-07,  objfun = 5.259e-05,  normDeltaq = 2.095e-03,  beta = 0.1,  rank(C) = 29
    Step Nº = 307/360 - SPEED MODE
      Iter Nº = 1,  NormPhi = 2.148e-06,  objfun = 5.238e-05,  normDeltaq = 1.500e-03,  beta = 0.9,  rank(C) = 29
      Iter Nº = 2,  NormPhi = 2.113e-08,  objfun = 5.238e-05,  normDeltaq = 1.484e-04,  beta = 1,  rank(C) = 29
    Step Nº = 308/360 - SPEED MODE
      Iter Nº = 1,  NormPhi = 2.112e-06,  objfun = 5.225e-05,  normDeltaq = 1.484e-03,  beta = 1,  rank(C) = 29
      Iter Nº = 2,  NormPhi = 4.381e-12,  objfun = 5.225e-05,  normDeltaq = 2.137e-06,  beta = 1,  rank(C) = 29
    Step Nº = 309/360 - SPEED MODE
      Iter Nº = 1,  NormPhi = 9.332e-10,  objfun = 5.226e-05,  normDeltaq = 3.118e-05,  beta = 1,  rank(C) = 29
    Step Nº = 310/360 - SPEED MODE
      Iter Nº = 1,  NormPhi = 1.471e-07,  objfun = 5.231e-05,  normDeltaq = 3.916e-04,  beta = 1,  rank(C) = 29
    Step Nº = 311/360 - SPEED MODE
      Iter Nº = 1,  NormPhi = 1.599e-07,  objfun = 5.246e-05,  normDeltaq = 4.082e-04,  beta = 1,  rank(C) = 29
    Step Nº = 312/360 - SPEED MODE
      Iter Nº = 1,  NormPhi = 1.559e-07,  objfun = 5.259e-05,  normDeltaq = 4.031e-04,  beta = 1,  rank(C) = 29
    Step Nº = 313/360 - SPEED MODE
      Iter Nº = 1,  NormPhi = 1.406e-07,  objfun = 5.281e-05,  normDeltaq = 3.828e-04,  beta = 1,  rank(C) = 29
    Step Nº = 314/360 - SPEED MODE
      Iter Nº = 1,  NormPhi = 1.570e-07,  objfun = 5.295e-05,  normDeltaq = 4.045e-04,  beta = 1,  rank(C) = 29
    Step Nº = 315/360 - SPEED MODE
      Iter Nº = 1,  NormPhi = 1.509e-07,  objfun = 5.316e-05,  normDeltaq = 3.965e-04,  beta = 1,  rank(C) = 29
    Step Nº = 316/360 - SPEED MODE
      Iter Nº = 1,  NormPhi = 1.547e-07,  objfun = 5.329e-05,  normDeltaq = 4.015e-04,  beta = 1,  rank(C) = 29
    Step Nº = 317/360 - SPEED MODE
      Iter Nº = 1,  NormPhi = 1.568e-07,  objfun = 5.349e-05,  normDeltaq = 4.043e-04,  beta = 1,  rank(C) = 29
    Step Nº = 318/360 - SPEED MODE
      Iter Nº = 1,  NormPhi = 5.216e-10,  objfun = 5.371e-05,  normDeltaq = 2.332e-05,  beta = 1,  rank(C) = 29
    Step Nº = 319/360 - SPEED MODE
      Iter Nº = 1,  NormPhi = 1.570e-07,  objfun = 5.387e-05,  normDeltaq = 4.045e-04,  beta = 1,  rank(C) = 29
    Step Nº = 320/360 - SPEED MODE
      Iter Nº = 1,  NormPhi = 1.272e-07,  objfun = 5.409e-05,  normDeltaq = 3.640e-04,  beta = 1,  rank(C) = 29
    Step Nº = 321/360 - SPEED MODE
      Iter Nº = 1,  NormPhi = 1.708e-07,  objfun = 5.422e-05,  normDeltaq = 4.219e-04,  beta = 1,  rank(C) = 29
    Step Nº = 322/360 - SPEED MODE
      Iter Nº = 1,  NormPhi = 1.013e-07,  objfun = 5.442e-05,  normDeltaq = 3.249e-04,  beta = 1,  rank(C) = 29
    Step Nº = 323/360 - SPEED MODE
      Iter Nº = 1,  NormPhi = 1.452e-07,  objfun = 5.454e-05,  normDeltaq = 3.890e-04,  beta = 1,  rank(C) = 29
    Step Nº = 324/360 - SPEED MODE
      Iter Nº = 1,  NormPhi = 8.859e-08,  objfun = 5.471e-05,  normDeltaq = 3.039e-04,  beta = 1,  rank(C) = 29
    Step Nº = 325/360 - SPEED MODE
      Iter Nº = 1,  NormPhi = 1.265e-07,  objfun = 5.481e-05,  normDeltaq = 3.630e-04,  beta = 1,  rank(C) = 29
    Step Nº = 326/360 - SPEED MODE
      Iter Nº = 1,  NormPhi = 7.148e-08,  objfun = 5.494e-05,  normDeltaq = 2.729e-04,  beta = 1,  rank(C) = 29
    Step Nº = 327/360 - SPEED MODE
      Iter Nº = 1,  NormPhi = 5.444e-09,  objfun = 5.505e-05,  normDeltaq = 7.533e-05,  beta = 1,  rank(C) = 29
    Step Nº = 328/360 - SPEED MODE
      Iter Nº = 1,  NormPhi = 9.676e-08,  objfun = 5.513e-05,  normDeltaq = 3.176e-04,  beta = 1,  rank(C) = 29
    Step Nº = 329/360 - SPEED MODE
      Iter Nº = 1,  NormPhi = 2.488e-08,  objfun = 5.525e-05,  normDeltaq = 1.610e-04,  beta = 1,  rank(C) = 29
    Step Nº = 330/360 - SPEED MODE
      Iter Nº = 1,  NormPhi = 7.279e-08,  objfun = 5.533e-05,  normDeltaq = 2.754e-04,  beta = 1,  rank(C) = 29
    Step Nº = 331/360 - SPEED MODE
      Iter Nº = 1,  NormPhi = 1.346e-08,  objfun = 5.545e-05,  normDeltaq = 1.185e-04,  beta = 1,  rank(C) = 29
    Step Nº = 332/360 - SPEED MODE
      Iter Nº = 1,  NormPhi = 4.773e-08,  objfun = 5.552e-05,  normDeltaq = 2.230e-04,  beta = 1,  rank(C) = 29
    Step Nº = 333/360 - SPEED MODE
      Iter Nº = 1,  NormPhi = 4.839e-09,  objfun = 5.563e-05,  normDeltaq = 7.102e-05,  beta = 1,  rank(C) = 29
    Step Nº = 334/360 - SPEED MODE
      Iter Nº = 1,  NormPhi = 1.013e-08,  objfun = 5.574e-05,  normDeltaq = 1.028e-04,  beta = 1,  rank(C) = 29
    Step Nº = 335/360 - SPEED MODE
      Iter Nº = 1,  NormPhi = 1.483e-08,  objfun = 5.581e-05,  normDeltaq = 1.243e-04,  beta = 1,  rank(C) = 29
    Step Nº = 336/360 - SPEED MODE
      Iter Nº = 1,  NormPhi = 7.263e-11,  objfun = 5.590e-05,  normDeltaq = 8.700e-06,  beta = 1,  rank(C) = 29
    Step Nº = 337/360 - SPEED MODE
      Iter Nº = 1,  NormPhi = 4.770e-09,  objfun = 5.597e-05,  normDeltaq = 7.050e-05,  beta = 1,  rank(C) = 29
    Step Nº = 338/360 - SPEED MODE
      Iter Nº = 1,  NormPhi = 1.420e-10,  objfun = 5.605e-05,  normDeltaq = 1.216e-05,  beta = 1,  rank(C) = 29
    Step Nº = 339/360 - SPEED MODE
      Iter Nº = 1,  NormPhi = 1.727e-11,  objfun = 5.611e-05,  normDeltaq = 2.745e-05,  beta = 0.8,  rank(C) = 29
    Step Nº = 340/360 - SPEED MODE
      Iter Nº = 1,  NormPhi = 5.404e-11,  objfun = 5.618e-05,  normDeltaq = 2.186e-05,  beta = 0.05,  rank(C) = 29
    Step Nº = 341/360 - SPEED MODE
      Iter Nº = 1,  NormPhi = 2.993e-10,  objfun = 5.622e-05,  normDeltaq = 4.207e-05,  beta = 0.1,  rank(C) = 29
    Step Nº = 342/360 - SPEED MODE
      Iter Nº = 1,  NormPhi = 5.868e-10,  objfun = 5.624e-05,  normDeltaq = 6.552e-05,  beta = 0.05,  rank(C) = 29
    Step Nº = 343/360 - SPEED MODE
      Iter Nº = 1,  NormPhi = 8.591e-10,  objfun = 5.624e-05,  normDeltaq = 8.614e-05,  beta = 0.05,  rank(C) = 29
    Step Nº = 344/360 - SPEED MODE
      Iter Nº = 1,  NormPhi = 1.102e-09,  objfun = 5.624e-05,  normDeltaq = 9.311e-05,  beta = 0.05,  rank(C) = 29
    Step Nº = 345/360 - SPEED MODE
      Iter Nº = 1,  NormPhi = 1.370e-09,  objfun = 5.623e-05,  normDeltaq = 9.466e-05,  beta = 0.1,  rank(C) = 29
    Step Nº = 346/360 - SPEED MODE
      Iter Nº = 1,  NormPhi = 1.893e-09,  objfun = 5.622e-05,  normDeltaq = 7.015e-05,  beta = 0.25,  rank(C) = 29
    Step Nº = 347/360 - SPEED MODE
      Iter Nº = 1,  NormPhi = 1.026e-10,  objfun = 5.621e-05,  normDeltaq = 1.034e-05,  beta = 1,  rank(C) = 29
    Step Nº = 348/360 - SPEED MODE
      Iter Nº = 1,  NormPhi = 1.633e-09,  objfun = 5.619e-05,  normDeltaq = 5.278e-05,  beta = 0.4,  rank(C) = 29
    Step Nº = 349/360 - SPEED MODE
      Iter Nº = 1,  NormPhi = 3.211e-09,  objfun = 5.615e-05,  normDeltaq = 6.895e-05,  beta = 0.45,  rank(C) = 29
    Step Nº = 350/360 - SPEED MODE
      Iter Nº = 1,  NormPhi = 1.783e-09,  objfun = 5.612e-05,  normDeltaq = 4.310e-05,  beta = 1,  rank(C) = 29
    Step Nº = 351/360 - SPEED MODE
      Iter Nº = 1,  NormPhi = 5.824e-10,  objfun = 5.607e-05,  normDeltaq = 2.464e-05,  beta = 1,  rank(C) = 29
    Step Nº = 352/360 - SPEED MODE
      Iter Nº = 1,  NormPhi = 5.540e-11,  objfun = 5.606e-05,  normDeltaq = 7.598e-06,  beta = 1,  rank(C) = 29
    Step Nº = 353/360 - SPEED MODE
      Iter Nº = 1,  NormPhi = 7.879e-11,  objfun = 5.606e-05,  normDeltaq = 9.062e-06,  beta = 1,  rank(C) = 29
    Step Nº = 354/360 - SPEED MODE
      Iter Nº = 1,  NormPhi = 3.104e-10,  objfun = 5.608e-05,  normDeltaq = 1.798e-05,  beta = 1,  rank(C) = 29
    Step Nº = 355/360 - SPEED MODE
      Iter Nº = 1,  NormPhi = 1.805e-10,  objfun = 5.608e-05,  normDeltaq = 1.372e-05,  beta = 1,  rank(C) = 29
    Step Nº = 356/360 - SPEED MODE
      Iter Nº = 1,  NormPhi = 1.398e-10,  objfun = 5.607e-05,  normDeltaq = 1.207e-05,  beta = 1,  rank(C) = 29
    Step Nº = 357/360 - SPEED MODE
      Iter Nº = 1,  NormPhi = 2.129e-10,  objfun = 5.606e-05,  normDeltaq = 1.490e-05,  beta = 1,  rank(C) = 29
    Step Nº = 358/360 - SPEED MODE
      Iter Nº = 1,  NormPhi = 1.057e-10,  objfun = 5.604e-05,  normDeltaq = 1.049e-05,  beta = 1,  rank(C) = 29
    Step Nº = 359/360 - SPEED MODE
      Iter Nº = 1,  NormPhi = 1.505e-11,  objfun = 5.601e-05,  normDeltaq = 3.961e-06,  beta = 1,  rank(C) = 29
    Step Nº = 360/360 - SPEED MODE
      Iter Nº = 1,  NormPhi = 1.514e-10,  objfun = 5.600e-05,  normDeltaq = 1.256e-05,  beta = 1,  rank(C) = 29

    --------------------------------------------------
     Solver convergence report. TOL = 1e-06
    --------------------------------------------------
      Error Range      Frames       Percentages
     -------------   ----------   ---------------
       < 1e-7            282           78.33
     [1e-7, 1e-6]         78           21.67
     [1e-6, 1e-5]          0            0.00
     [1e-5, 1e-4]          0            0.00
     [1e-4, 1e-3]          0            0.00
     [1e-3, 1e-2]          0            0.00
     [1e-2, 1e-1]          0            0.00
     [1e-1, 1.0 ]          0            0.00
       > 1.0               0            0.00
     Number of total iterations: 595
   IK Solver Time: 0 hour(s) 0 minute(s) and 1.8373 second(s).

   --------------------------------------
    Results files 
   --------------------------------------
    Writing reconstructed motion in COMPAMM format:
      ExpPendulum_Pendulum_Pend_simple01.pb
      ExpPendulum_Pendulum_Pend_simple01.sim
    Writing output data in COMPAMM format:
      ExpPendulum_Pendulum_Pend_simple01.pos
      ExpPendulum_Pendulum_Pend_simple01.sen
  Total Time: 0 hour(s) 0 minute(s) and 14 second(s).
