----------------------------------------------------------------------------------------------------
 Motion Reconstruction for model: RightLeg, motion: Group10_static1
----------------------------------------------------------------------------------------------------
  Reading the motion file:Group10_static1.c3d...
  No filtering applied to marker trajectories.
  No interpolation applied to gaps in marker trajectories
   There are not any missing marker in the motion file

  -------------------------------------------------------------------------
   Inverse Kinematic Motion Reconstruction (DHIK) 
  -------------------------------------------------------------------------
   Solving problem with Optimal Tracking Method. Problem sizes:
    57 generalized coordinates
    27 driven generalized coordinates
    49 kinematic constraints in Phi(q)
    Phiq has size (49 x 57)
    Phiq'*Phiq has size (57 x 57)
    The complete matrix of the problem has size (114 x 114)

    Step Nº = 1/257 - SAFE MODE
      Iter Nº = 1,  NormPhi = 9.757e-05,  objfun = 7.359e-07,  normDeltaq = 1.543e-02,  beta = 1,  rank(C) = 106
      Iter Nº = 2,  NormPhi = 4.559e-05,  objfun = 4.779e-07,  normDeltaq = 1.066e-02,  beta = 1,  rank(C) = 105
      Iter Nº = 3,  NormPhi = 4.334e-10,  objfun = 4.783e-07,  normDeltaq = 3.185e-05,  beta = 1,  rank(C) = 105
    Step Nº = 2/257 - SPEED MODE
      Iter Nº = 1,  NormPhi = 2.019e-09,  objfun = 4.458e-07,  normDeltaq = 5.417e-04,  beta = 0.101,  rank(C) = 105
    Step Nº = 3/257 - SPEED MODE
      Iter Nº = 1,  NormPhi = 7.198e-09,  objfun = 4.450e-07,  normDeltaq = 5.633e-04,  beta = 0.05,  rank(C) = 105
    Step Nº = 4/257 - SPEED MODE
      Iter Nº = 1,  NormPhi = 1.871e-08,  objfun = 4.372e-07,  normDeltaq = 5.485e-04,  beta = 0.1,  rank(C) = 105
    Step Nº = 5/257 - SPEED MODE
      Iter Nº = 1,  NormPhi = 3.405e-08,  objfun = 4.521e-07,  normDeltaq = 3.762e-04,  beta = 0.5,  rank(C) = 105
    Step Nº = 6/257 - SPEED MODE
      Iter Nº = 1,  NormPhi = 4.991e-08,  objfun = 4.558e-07,  normDeltaq = 2.834e-04,  beta = 1,  rank(C) = 105
    Step Nº = 7/257 - SPEED MODE
      Iter Nº = 1,  NormPhi = 8.505e-08,  objfun = 4.452e-07,  normDeltaq = 9.329e-04,  beta = 0.2,  rank(C) = 105
    Step Nº = 8/257 - SPEED MODE
      Iter Nº = 1,  NormPhi = 4.779e-08,  objfun = 4.358e-07,  normDeltaq = 3.268e-04,  beta = 1,  rank(C) = 105
    Step Nº = 9/257 - SPEED MODE
      Iter Nº = 1,  NormPhi = 8.164e-08,  objfun = 4.361e-07,  normDeltaq = 6.444e-04,  beta = 0.25,  rank(C) = 105
    Step Nº = 10/257 - SPEED MODE
      Iter Nº = 1,  NormPhi = 5.871e-08,  objfun = 4.627e-07,  normDeltaq = 3.565e-04,  beta = 1,  rank(C) = 105
    Step Nº = 11/257 - SPEED MODE
      Iter Nº = 1,  NormPhi = 3.635e-08,  objfun = 4.400e-07,  normDeltaq = 2.757e-04,  beta = 1,  rank(C) = 105
    Step Nº = 12/257 - SPEED MODE
      Iter Nº = 1,  NormPhi = 1.706e-07,  objfun = 4.513e-07,  normDeltaq = 8.204e-04,  beta = 0.25,  rank(C) = 105
    Step Nº = 13/257 - SPEED MODE
      Iter Nº = 1,  NormPhi = 2.562e-07,  objfun = 4.317e-07,  normDeltaq = 7.161e-04,  beta = 0.55,  rank(C) = 105
    Step Nº = 14/257 - SPEED MODE
      Iter Nº = 1,  NormPhi = 4.189e-08,  objfun = 4.537e-07,  normDeltaq = 3.067e-04,  beta = 1,  rank(C) = 105
    Step Nº = 15/257 - SPEED MODE
      Iter Nº = 1,  NormPhi = 1.346e-07,  objfun = 4.444e-07,  normDeltaq = 8.552e-04,  beta = 0.3,  rank(C) = 105
    Step Nº = 16/257 - SPEED MODE
      Iter Nº = 1,  NormPhi = 2.027e-07,  objfun = 4.371e-07,  normDeltaq = 9.005e-04,  beta = 0.4,  rank(C) = 105
    Step Nº = 17/257 - SPEED MODE
      Iter Nº = 1,  NormPhi = 9.963e-08,  objfun = 4.439e-07,  normDeltaq = 3.864e-04,  beta = 1,  rank(C) = 105
    Step Nº = 18/257 - SPEED MODE
      Iter Nº = 1,  NormPhi = 1.507e-07,  objfun = 4.385e-07,  normDeltaq = 7.426e-04,  beta = 0.45,  rank(C) = 105
    Step Nº = 19/257 - SPEED MODE
      Iter Nº = 1,  NormPhi = 1.050e-07,  objfun = 4.189e-07,  normDeltaq = 4.634e-04,  beta = 0.9,  rank(C) = 105
    Step Nº = 20/257 - SPEED MODE
      Iter Nº = 1,  NormPhi = 4.067e-07,  objfun = 4.264e-07,  normDeltaq = 1.315e-03,  beta = 0.4,  rank(C) = 105
    Step Nº = 21/257 - SPEED MODE
      Iter Nº = 1,  NormPhi = 1.026e-07,  objfun = 4.286e-07,  normDeltaq = 4.775e-04,  beta = 1,  rank(C) = 105
    Step Nº = 22/257 - SPEED MODE
      Iter Nº = 1,  NormPhi = 1.055e-07,  objfun = 4.480e-07,  normDeltaq = 5.623e-04,  beta = 0.75,  rank(C) = 105
    Step Nº = 23/257 - SPEED MODE
      Iter Nº = 1,  NormPhi = 8.392e-08,  objfun = 4.346e-07,  normDeltaq = 5.106e-04,  beta = 0.7,  rank(C) = 105
    Step Nº = 24/257 - SPEED MODE
      Iter Nº = 1,  NormPhi = 1.168e-07,  objfun = 4.326e-07,  normDeltaq = 5.609e-04,  beta = 0.8,  rank(C) = 105
    Step Nº = 25/257 - SPEED MODE
      Iter Nº = 1,  NormPhi = 1.729e-07,  objfun = 4.256e-07,  normDeltaq = 7.250e-04,  beta = 0.6,  rank(C) = 105
    Step Nº = 26/257 - SPEED MODE
      Iter Nº = 1,  NormPhi = 6.898e-08,  objfun = 4.408e-07,  normDeltaq = 4.158e-04,  beta = 1,  rank(C) = 105
    Step Nº = 27/257 - SPEED MODE
      Iter Nº = 1,  NormPhi = 6.147e-08,  objfun = 4.362e-07,  normDeltaq = 5.723e-04,  beta = 0.25,  rank(C) = 105
    Step Nº = 28/257 - SPEED MODE
      Iter Nº = 1,  NormPhi = 8.237e-08,  objfun = 4.359e-07,  normDeltaq = 5.467e-04,  beta = 0.3,  rank(C) = 105
    Step Nº = 29/257 - SPEED MODE
      Iter Nº = 1,  NormPhi = 6.676e-08,  objfun = 4.324e-07,  normDeltaq = 3.986e-04,  beta = 0.95,  rank(C) = 105
    Step Nº = 30/257 - SPEED MODE
      Iter Nº = 1,  NormPhi = 3.041e-07,  objfun = 4.312e-07,  normDeltaq = 1.833e-03,  beta = 0.15,  rank(C) = 105
    Step Nº = 31/257 - SPEED MODE
      Iter Nº = 1,  NormPhi = 5.995e-07,  objfun = 4.188e-07,  normDeltaq = 1.411e-03,  beta = 0.35,  rank(C) = 105
    Step Nº = 32/257 - SPEED MODE
      Iter Nº = 1,  NormPhi = 4.246e-07,  objfun = 4.050e-07,  normDeltaq = 7.916e-04,  beta = 1,  rank(C) = 105
    Step Nº = 33/257 - SPEED MODE
      Iter Nº = 1,  NormPhi = 1.352e-06,  objfun = 4.603e-07,  normDeltaq = 1.851e-03,  beta = 0.6,  rank(C) = 105
      Iter Nº = 2,  NormPhi = 2.615e-07,  objfun = 4.568e-07,  normDeltaq = 7.381e-04,  beta = 1,  rank(C) = 105
    Step Nº = 34/257 - SPEED MODE
      Iter Nº = 1,  NormPhi = 2.840e-07,  objfun = 4.332e-07,  normDeltaq = 8.491e-04,  beta = 0.8,  rank(C) = 105
    Step Nº = 35/257 - SPEED MODE
      Iter Nº = 1,  NormPhi = 9.275e-08,  objfun = 4.326e-07,  normDeltaq = 4.829e-04,  beta = 1,  rank(C) = 105
    Step Nº = 36/257 - SPEED MODE
      Iter Nº = 1,  NormPhi = 1.317e-07,  objfun = 4.662e-07,  normDeltaq = 1.047e-03,  beta = 0.25,  rank(C) = 105
    Step Nº = 37/257 - SPEED MODE
      Iter Nº = 1,  NormPhi = 1.715e-07,  objfun = 4.352e-07,  normDeltaq = 9.240e-04,  beta = 0.45,  rank(C) = 105
    Step Nº = 38/257 - SPEED MODE
      Iter Nº = 1,  NormPhi = 1.716e-07,  objfun = 4.245e-07,  normDeltaq = 7.165e-04,  beta = 0.65,  rank(C) = 105
    Step Nº = 39/257 - SPEED MODE
      Iter Nº = 1,  NormPhi = 2.562e-07,  objfun = 4.258e-07,  normDeltaq = 7.577e-04,  beta = 1,  rank(C) = 105
    Step Nº = 40/257 - SPEED MODE
      Iter Nº = 1,  NormPhi = 2.684e-07,  objfun = 4.435e-07,  normDeltaq = 7.010e-04,  beta = 0.75,  rank(C) = 105
    Step Nº = 41/257 - SPEED MODE
      Iter Nº = 1,  NormPhi = 8.685e-09,  objfun = 4.266e-07,  normDeltaq = 1.385e-04,  beta = 1,  rank(C) = 105
    Step Nº = 42/257 - SPEED MODE
      Iter Nº = 1,  NormPhi = 4.961e-08,  objfun = 4.033e-07,  normDeltaq = 7.461e-04,  beta = 0.5,  rank(C) = 105
    Step Nº = 43/257 - SPEED MODE
      Iter Nº = 1,  NormPhi = 7.248e-08,  objfun = 4.176e-07,  normDeltaq = 6.379e-04,  beta = 0.35,  rank(C) = 105
    Step Nº = 44/257 - SPEED MODE
      Iter Nº = 1,  NormPhi = 1.586e-08,  objfun = 4.422e-07,  normDeltaq = 1.853e-04,  beta = 1,  rank(C) = 105
    Step Nº = 45/257 - SPEED MODE
      Iter Nº = 1,  NormPhi = 9.424e-08,  objfun = 4.275e-07,  normDeltaq = 5.200e-04,  beta = 0.45,  rank(C) = 105
    Step Nº = 46/257 - SPEED MODE
      Iter Nº = 1,  NormPhi = 1.405e-07,  objfun = 4.311e-07,  normDeltaq = 6.891e-04,  beta = 0.5,  rank(C) = 105
    Step Nº = 47/257 - SPEED MODE
      Iter Nº = 1,  NormPhi = 1.806e-07,  objfun = 4.585e-07,  normDeltaq = 8.908e-04,  beta = 0.45,  rank(C) = 105
    Step Nº = 48/257 - SPEED MODE
      Iter Nº = 1,  NormPhi = 2.131e-07,  objfun = 4.338e-07,  normDeltaq = 8.322e-04,  beta = 0.55,  rank(C) = 105
    Step Nº = 49/257 - SPEED MODE
      Iter Nº = 1,  NormPhi = 2.420e-07,  objfun = 4.374e-07,  normDeltaq = 9.514e-04,  beta = 0.45,  rank(C) = 105
    Step Nº = 50/257 - SPEED MODE
      Iter Nº = 1,  NormPhi = 9.222e-08,  objfun = 4.408e-07,  normDeltaq = 4.819e-04,  beta = 1,  rank(C) = 105
    Step Nº = 51/257 - SPEED MODE
      Iter Nº = 1,  NormPhi = 9.409e-08,  objfun = 4.182e-07,  normDeltaq = 1.211e-03,  beta = 0.15,  rank(C) = 105
    Step Nº = 52/257 - SPEED MODE
      Iter Nº = 1,  NormPhi = 1.506e-07,  objfun = 4.526e-07,  normDeltaq = 9.027e-04,  beta = 0.3,  rank(C) = 105
    Step Nº = 53/257 - SPEED MODE
      Iter Nº = 1,  NormPhi = 2.257e-07,  objfun = 4.267e-07,  normDeltaq = 1.114e-03,  beta = 0.35,  rank(C) = 105
    Step Nº = 54/257 - SPEED MODE
      Iter Nº = 1,  NormPhi = 5.257e-08,  objfun = 4.353e-07,  normDeltaq = 3.447e-04,  beta = 1,  rank(C) = 105
    Step Nº = 55/257 - SPEED MODE
      Iter Nº = 1,  NormPhi = 9.058e-08,  objfun = 4.064e-07,  normDeltaq = 8.901e-04,  beta = 0.35,  rank(C) = 105
    Step Nº = 56/257 - SPEED MODE
      Iter Nº = 1,  NormPhi = 1.459e-07,  objfun = 4.159e-07,  normDeltaq = 6.332e-04,  beta = 0.75,  rank(C) = 105
    Step Nº = 57/257 - SPEED MODE
      Iter Nº = 1,  NormPhi = 8.418e-08,  objfun = 4.283e-07,  normDeltaq = 4.568e-04,  beta = 1,  rank(C) = 105
    Step Nº = 58/257 - SPEED MODE
      Iter Nº = 1,  NormPhi = 1.765e-07,  objfun = 4.560e-07,  normDeltaq = 7.189e-04,  beta = 0.65,  rank(C) = 105
    Step Nº = 59/257 - SPEED MODE
      Iter Nº = 1,  NormPhi = 7.663e-08,  objfun = 4.187e-07,  normDeltaq = 4.448e-04,  beta = 1,  rank(C) = 105
    Step Nº = 60/257 - SPEED MODE
      Iter Nº = 1,  NormPhi = 9.070e-08,  objfun = 4.267e-07,  normDeltaq = 6.150e-04,  beta = 0.4,  rank(C) = 105
    Step Nº = 61/257 - SPEED MODE
      Iter Nº = 1,  NormPhi = 4.012e-08,  objfun = 4.406e-07,  normDeltaq = 2.915e-04,  beta = 1,  rank(C) = 105
    Step Nº = 62/257 - SPEED MODE
      Iter Nº = 1,  NormPhi = 2.266e-07,  objfun = 3.986e-07,  normDeltaq = 1.218e-03,  beta = 0.3,  rank(C) = 105
    Step Nº = 63/257 - SPEED MODE
      Iter Nº = 1,  NormPhi = 3.255e-07,  objfun = 3.910e-07,  normDeltaq = 1.015e-03,  beta = 0.6,  rank(C) = 105
    Step Nº = 64/257 - SPEED MODE
      Iter Nº = 1,  NormPhi = 2.445e-07,  objfun = 4.070e-07,  normDeltaq = 7.665e-04,  beta = 0.95,  rank(C) = 105
    Step Nº = 65/257 - SPEED MODE
      Iter Nº = 1,  NormPhi = 4.118e-07,  objfun = 4.074e-07,  normDeltaq = 8.786e-04,  beta = 0.6,  rank(C) = 105
    Step Nº = 66/257 - SPEED MODE
      Iter Nº = 1,  NormPhi = 1.042e-07,  objfun = 3.967e-07,  normDeltaq = 4.558e-04,  beta = 1,  rank(C) = 105
    Step Nº = 67/257 - SPEED MODE
      Iter Nº = 1,  NormPhi = 1.143e-07,  objfun = 3.908e-07,  normDeltaq = 4.637e-04,  beta = 0.9,  rank(C) = 105
    Step Nº = 68/257 - SPEED MODE
      Iter Nº = 1,  NormPhi = 1.353e-07,  objfun = 3.853e-07,  normDeltaq = 7.446e-04,  beta = 0.6,  rank(C) = 105
    Step Nº = 69/257 - SPEED MODE
      Iter Nº = 1,  NormPhi = 2.376e-07,  objfun = 4.157e-07,  normDeltaq = 7.943e-04,  beta = 0.55,  rank(C) = 105
    Step Nº = 70/257 - SPEED MODE
      Iter Nº = 1,  NormPhi = 4.369e-08,  objfun = 4.196e-07,  normDeltaq = 2.781e-04,  beta = 1,  rank(C) = 105
    Step Nº = 71/257 - SPEED MODE
      Iter Nº = 1,  NormPhi = 1.144e-08,  objfun = 4.142e-07,  normDeltaq = 1.834e-04,  beta = 0.95,  rank(C) = 105
    Step Nº = 72/257 - SPEED MODE
      Iter Nº = 1,  NormPhi = 1.294e-08,  objfun = 4.381e-07,  normDeltaq = 2.656e-04,  beta = 0.55,  rank(C) = 105
    Step Nº = 73/257 - SPEED MODE
      Iter Nº = 1,  NormPhi = 3.220e-08,  objfun = 4.521e-07,  normDeltaq = 2.948e-04,  beta = 0.75,  rank(C) = 105
    Step Nº = 74/257 - SPEED MODE
      Iter Nº = 1,  NormPhi = 6.176e-08,  objfun = 4.359e-07,  normDeltaq = 5.190e-04,  beta = 0.3,  rank(C) = 105
    Step Nº = 75/257 - SPEED MODE
      Iter Nº = 1,  NormPhi = 7.663e-08,  objfun = 4.344e-07,  normDeltaq = 4.684e-04,  beta = 0.5,  rank(C) = 105
    Step Nº = 76/257 - SPEED MODE
      Iter Nº = 1,  NormPhi = 3.487e-08,  objfun = 4.257e-07,  normDeltaq = 2.829e-04,  beta = 1,  rank(C) = 105
    Step Nº = 77/257 - SPEED MODE
      Iter Nº = 1,  NormPhi = 2.109e-07,  objfun = 4.411e-07,  normDeltaq = 1.067e-03,  beta = 0.3,  rank(C) = 105
    Step Nº = 78/257 - SPEED MODE
      Iter Nº = 1,  NormPhi = 3.151e-07,  objfun = 4.342e-07,  normDeltaq = 9.773e-04,  beta = 0.55,  rank(C) = 105
    Step Nº = 79/257 - SPEED MODE
      Iter Nº = 1,  NormPhi = 2.114e-07,  objfun = 4.244e-07,  normDeltaq = 6.574e-04,  beta = 0.9,  rank(C) = 105
    Step Nº = 80/257 - SPEED MODE
      Iter Nº = 1,  NormPhi = 2.165e-07,  objfun = 4.336e-07,  normDeltaq = 7.019e-04,  beta = 0.8,  rank(C) = 105
    Step Nº = 81/257 - SPEED MODE
      Iter Nº = 1,  NormPhi = 1.027e-07,  objfun = 3.764e-07,  normDeltaq = 5.112e-04,  beta = 0.95,  rank(C) = 105
    Step Nº = 82/257 - SPEED MODE
      Iter Nº = 1,  NormPhi = 1.262e-07,  objfun = 4.473e-07,  normDeltaq = 5.844e-04,  beta = 0.6,  rank(C) = 105
    Step Nº = 83/257 - SPEED MODE
      Iter Nº = 1,  NormPhi = 1.253e-07,  objfun = 4.001e-07,  normDeltaq = 7.946e-04,  beta = 0.5,  rank(C) = 105
    Step Nº = 84/257 - SPEED MODE
      Iter Nº = 1,  NormPhi = 1.739e-07,  objfun = 4.463e-07,  normDeltaq = 8.214e-04,  beta = 0.45,  rank(C) = 105
    Step Nº = 85/257 - SPEED MODE
      Iter Nº = 1,  NormPhi = 8.874e-08,  objfun = 4.335e-07,  normDeltaq = 4.603e-04,  beta = 1,  rank(C) = 105
    Step Nº = 86/257 - SPEED MODE
      Iter Nº = 1,  NormPhi = 7.685e-08,  objfun = 4.167e-07,  normDeltaq = 4.044e-04,  beta = 1,  rank(C) = 105
    Step Nº = 87/257 - SPEED MODE
      Iter Nº = 1,  NormPhi = 1.301e-07,  objfun = 3.730e-07,  normDeltaq = 8.862e-04,  beta = 0.3,  rank(C) = 105
    Step Nº = 88/257 - SPEED MODE
      Iter Nº = 1,  NormPhi = 1.589e-07,  objfun = 3.928e-07,  normDeltaq = 6.245e-04,  beta = 0.6,  rank(C) = 105
    Step Nº = 89/257 - SPEED MODE
      Iter Nº = 1,  NormPhi = 7.292e-08,  objfun = 3.900e-07,  normDeltaq = 3.471e-04,  beta = 0.95,  rank(C) = 105
    Step Nº = 90/257 - SPEED MODE
      Iter Nº = 1,  NormPhi = 6.632e-08,  objfun = 3.957e-07,  normDeltaq = 4.543e-04,  beta = 0.75,  rank(C) = 105
    Step Nº = 91/257 - SPEED MODE
      Iter Nº = 1,  NormPhi = 5.907e-08,  objfun = 4.054e-07,  normDeltaq = 3.609e-04,  beta = 0.8,  rank(C) = 105
    Step Nº = 92/257 - SPEED MODE
      Iter Nº = 1,  NormPhi = 2.000e-07,  objfun = 4.081e-07,  normDeltaq = 2.426e-03,  beta = 0.15,  rank(C) = 105
    Step Nº = 93/257 - SPEED MODE
      Iter Nº = 1,  NormPhi = 4.636e-07,  objfun = 3.894e-07,  normDeltaq = 1.568e-03,  beta = 0.3,  rank(C) = 105
    Step Nº = 94/257 - SPEED MODE
      Iter Nº = 1,  NormPhi = 4.473e-07,  objfun = 3.896e-07,  normDeltaq = 9.833e-04,  beta = 0.85,  rank(C) = 105
    Step Nº = 95/257 - SPEED MODE
      Iter Nº = 1,  NormPhi = 4.329e-07,  objfun = 3.922e-07,  normDeltaq = 1.031e-03,  beta = 1,  rank(C) = 105
    Step Nº = 96/257 - SPEED MODE
      Iter Nº = 1,  NormPhi = 1.869e-07,  objfun = 3.875e-07,  normDeltaq = 6.729e-04,  beta = 1,  rank(C) = 105
    Step Nº = 97/257 - SPEED MODE
      Iter Nº = 1,  NormPhi = 1.171e-07,  objfun = 4.053e-07,  normDeltaq = 6.122e-04,  beta = 0.7,  rank(C) = 105
    Step Nº = 98/257 - SPEED MODE
      Iter Nº = 1,  NormPhi = 2.497e-08,  objfun = 3.878e-07,  normDeltaq = 2.786e-04,  beta = 0.85,  rank(C) = 105
    Step Nº = 99/257 - SPEED MODE
      Iter Nº = 1,  NormPhi = 4.368e-08,  objfun = 3.891e-07,  normDeltaq = 4.142e-04,  beta = 0.5,  rank(C) = 105
    Step Nº = 100/257 - SPEED MODE
      Iter Nº = 1,  NormPhi = 3.354e-08,  objfun = 4.090e-07,  normDeltaq = 2.835e-04,  beta = 1,  rank(C) = 105
    Step Nº = 101/257 - SPEED MODE
      Iter Nº = 1,  NormPhi = 2.554e-08,  objfun = 3.911e-07,  normDeltaq = 2.527e-04,  beta = 0.9,  rank(C) = 105
    Step Nº = 102/257 - SPEED MODE
      Iter Nº = 1,  NormPhi = 8.173e-08,  objfun = 3.952e-07,  normDeltaq = 5.277e-04,  beta = 0.35,  rank(C) = 105
    Step Nº = 103/257 - SPEED MODE
      Iter Nº = 1,  NormPhi = 1.079e-07,  objfun = 4.086e-07,  normDeltaq = 5.724e-04,  beta = 0.5,  rank(C) = 105
    Step Nº = 104/257 - SPEED MODE
      Iter Nº = 1,  NormPhi = 6.760e-08,  objfun = 3.950e-07,  normDeltaq = 3.545e-04,  beta = 0.95,  rank(C) = 105
    Step Nº = 105/257 - SPEED MODE
      Iter Nº = 1,  NormPhi = 2.429e-07,  objfun = 4.321e-07,  normDeltaq = 1.329e-03,  beta = 0.2,  rank(C) = 105
    Step Nº = 106/257 - SPEED MODE
      Iter Nº = 1,  NormPhi = 3.545e-07,  objfun = 4.171e-07,  normDeltaq = 9.619e-04,  beta = 0.45,  rank(C) = 105
    Step Nº = 107/257 - SPEED MODE
      Iter Nº = 1,  NormPhi = 1.023e-07,  objfun = 4.003e-07,  normDeltaq = 4.969e-04,  beta = 1,  rank(C) = 105
    Step Nº = 108/257 - SPEED MODE
      Iter Nº = 1,  NormPhi = 1.116e-07,  objfun = 4.062e-07,  normDeltaq = 7.483e-04,  beta = 0.6,  rank(C) = 105
    Step Nº = 109/257 - SPEED MODE
      Iter Nº = 1,  NormPhi = 2.696e-08,  objfun = 4.044e-07,  normDeltaq = 2.363e-04,  beta = 1,  rank(C) = 105
    Step Nº = 110/257 - SPEED MODE
      Iter Nº = 1,  NormPhi = 8.283e-08,  objfun = 4.336e-07,  normDeltaq = 6.522e-04,  beta = 0.4,  rank(C) = 105
    Step Nº = 111/257 - SPEED MODE
      Iter Nº = 1,  NormPhi = 1.030e-07,  objfun = 3.989e-07,  normDeltaq = 4.951e-04,  beta = 0.7,  rank(C) = 105
    Step Nº = 112/257 - SPEED MODE
      Iter Nº = 1,  NormPhi = 4.877e-08,  objfun = 4.084e-07,  normDeltaq = 3.118e-04,  beta = 1,  rank(C) = 105
    Step Nº = 113/257 - SPEED MODE
      Iter Nº = 1,  NormPhi = 7.619e-08,  objfun = 4.119e-07,  normDeltaq = 9.475e-04,  beta = 0.2,  rank(C) = 105
    Step Nº = 114/257 - SPEED MODE
      Iter Nº = 1,  NormPhi = 1.240e-07,  objfun = 4.248e-07,  normDeltaq = 1.094e-03,  beta = 0.2,  rank(C) = 105
    Step Nº = 115/257 - SPEED MODE
      Iter Nº = 1,  NormPhi = 1.311e-07,  objfun = 3.903e-07,  normDeltaq = 6.356e-04,  beta = 0.6,  rank(C) = 105
    Step Nº = 116/257 - SPEED MODE
      Iter Nº = 1,  NormPhi = 6.743e-08,  objfun = 4.036e-07,  normDeltaq = 4.140e-04,  beta = 1,  rank(C) = 105
    Step Nº = 117/257 - SPEED MODE
      Iter Nº = 1,  NormPhi = 9.125e-08,  objfun = 4.136e-07,  normDeltaq = 4.300e-04,  beta = 0.75,  rank(C) = 105
    Step Nº = 118/257 - SPEED MODE
      Iter Nº = 1,  NormPhi = 1.861e-07,  objfun = 3.939e-07,  normDeltaq = 8.581e-04,  beta = 0.3,  rank(C) = 105
    Step Nº = 119/257 - SPEED MODE
      Iter Nº = 1,  NormPhi = 1.833e-07,  objfun = 4.032e-07,  normDeltaq = 5.660e-04,  beta = 0.85,  rank(C) = 105
    Step Nº = 120/257 - SPEED MODE
      Iter Nº = 1,  NormPhi = 7.604e-08,  objfun = 4.116e-07,  normDeltaq = 3.704e-04,  beta = 1,  rank(C) = 105
    Step Nº = 121/257 - SPEED MODE
      Iter Nº = 1,  NormPhi = 2.555e-08,  objfun = 3.702e-07,  normDeltaq = 2.810e-04,  beta = 0.85,  rank(C) = 105
    Step Nº = 122/257 - SPEED MODE
      Iter Nº = 1,  NormPhi = 6.211e-08,  objfun = 4.025e-07,  normDeltaq = 6.295e-04,  beta = 0.3,  rank(C) = 105
    Step Nº = 123/257 - SPEED MODE
      Iter Nº = 1,  NormPhi = 6.992e-08,  objfun = 3.927e-07,  normDeltaq = 5.692e-04,  beta = 0.5,  rank(C) = 105
    Step Nº = 124/257 - SPEED MODE
      Iter Nº = 1,  NormPhi = 4.341e-08,  objfun = 3.823e-07,  normDeltaq = 2.981e-04,  beta = 1,  rank(C) = 105
    Step Nº = 125/257 - SPEED MODE
      Iter Nº = 1,  NormPhi = 6.823e-08,  objfun = 3.952e-07,  normDeltaq = 5.050e-04,  beta = 0.35,  rank(C) = 105
    Step Nº = 126/257 - SPEED MODE
      Iter Nº = 1,  NormPhi = 3.094e-08,  objfun = 4.001e-07,  normDeltaq = 2.796e-04,  beta = 0.95,  rank(C) = 105
    Step Nº = 127/257 - SPEED MODE
      Iter Nº = 1,  NormPhi = 6.504e-08,  objfun = 4.035e-07,  normDeltaq = 5.750e-04,  beta = 0.4,  rank(C) = 105
    Step Nº = 128/257 - SPEED MODE
      Iter Nº = 1,  NormPhi = 5.616e-08,  objfun = 3.904e-07,  normDeltaq = 4.008e-04,  beta = 0.75,  rank(C) = 105
    Step Nº = 129/257 - SPEED MODE
      Iter Nº = 1,  NormPhi = 1.100e-07,  objfun = 3.979e-07,  normDeltaq = 7.046e-04,  beta = 0.3,  rank(C) = 105
    Step Nº = 130/257 - SPEED MODE
      Iter Nº = 1,  NormPhi = 1.117e-07,  objfun = 4.171e-07,  normDeltaq = 4.933e-04,  beta = 0.75,  rank(C) = 105
    Step Nº = 131/257 - SPEED MODE
      Iter Nº = 1,  NormPhi = 1.653e-07,  objfun = 3.763e-07,  normDeltaq = 6.229e-04,  beta = 0.55,  rank(C) = 105
    Step Nº = 132/257 - SPEED MODE
      Iter Nº = 1,  NormPhi = 1.185e-07,  objfun = 4.001e-07,  normDeltaq = 5.694e-04,  beta = 0.8,  rank(C) = 105
    Step Nº = 133/257 - SPEED MODE
      Iter Nº = 1,  NormPhi = 1.909e-07,  objfun = 3.879e-07,  normDeltaq = 8.108e-04,  beta = 0.5,  rank(C) = 105
    Step Nº = 134/257 - SPEED MODE
      Iter Nº = 1,  NormPhi = 7.794e-08,  objfun = 3.883e-07,  normDeltaq = 4.368e-04,  beta = 1,  rank(C) = 105
    Step Nº = 135/257 - SPEED MODE
      Iter Nº = 1,  NormPhi = 5.752e-08,  objfun = 3.918e-07,  normDeltaq = 3.819e-04,  beta = 0.6,  rank(C) = 105
    Step Nº = 136/257 - SPEED MODE
      Iter Nº = 1,  NormPhi = 1.107e-07,  objfun = 3.992e-07,  normDeltaq = 6.401e-04,  beta = 0.55,  rank(C) = 105
    Step Nº = 137/257 - SPEED MODE
      Iter Nº = 1,  NormPhi = 6.192e-08,  objfun = 3.937e-07,  normDeltaq = 3.614e-04,  beta = 1,  rank(C) = 105
    Step Nº = 138/257 - SPEED MODE
      Iter Nº = 1,  NormPhi = 2.697e-08,  objfun = 3.885e-07,  normDeltaq = 2.447e-04,  beta = 1,  rank(C) = 105
    Step Nº = 139/257 - SPEED MODE
      Iter Nº = 1,  NormPhi = 4.923e-08,  objfun = 4.107e-07,  normDeltaq = 5.619e-04,  beta = 0.3,  rank(C) = 105
    Step Nº = 140/257 - SPEED MODE
      Iter Nº = 1,  NormPhi = 3.417e-08,  objfun = 4.002e-07,  normDeltaq = 2.863e-04,  beta = 1,  rank(C) = 105
    Step Nº = 141/257 - SPEED MODE
      Iter Nº = 1,  NormPhi = 3.476e-08,  objfun = 3.983e-07,  normDeltaq = 3.049e-04,  beta = 0.85,  rank(C) = 105
    Step Nº = 142/257 - SPEED MODE
      Iter Nº = 1,  NormPhi = 5.842e-08,  objfun = 3.669e-07,  normDeltaq = 3.897e-04,  beta = 0.65,  rank(C) = 105
    Step Nº = 143/257 - SPEED MODE
      Iter Nº = 1,  NormPhi = 3.085e-08,  objfun = 3.919e-07,  normDeltaq = 2.863e-04,  beta = 1,  rank(C) = 105
    Step Nº = 144/257 - SPEED MODE
      Iter Nº = 1,  NormPhi = 2.792e-08,  objfun = 4.117e-07,  normDeltaq = 2.715e-04,  beta = 0.95,  rank(C) = 105
    Step Nº = 145/257 - SPEED MODE
      Iter Nº = 1,  NormPhi = 1.163e-07,  objfun = 4.065e-07,  normDeltaq = 1.156e-03,  beta = 0.15,  rank(C) = 105
    Step Nº = 146/257 - SPEED MODE
      Iter Nº = 1,  NormPhi = 1.946e-07,  objfun = 3.976e-07,  normDeltaq = 9.656e-04,  beta = 0.35,  rank(C) = 105
    Step Nº = 147/257 - SPEED MODE
      Iter Nº = 1,  NormPhi = 1.576e-07,  objfun = 4.141e-07,  normDeltaq = 6.080e-04,  beta = 0.8,  rank(C) = 105
    Step Nº = 148/257 - SPEED MODE
      Iter Nº = 1,  NormPhi = 2.329e-07,  objfun = 4.034e-07,  normDeltaq = 7.380e-04,  beta = 0.7,  rank(C) = 105
    Step Nº = 149/257 - SPEED MODE
      Iter Nº = 1,  NormPhi = 2.094e-07,  objfun = 3.854e-07,  normDeltaq = 6.529e-04,  beta = 0.75,  rank(C) = 105
    Step Nº = 150/257 - SPEED MODE
      Iter Nº = 1,  NormPhi = 3.745e-08,  objfun = 3.981e-07,  normDeltaq = 3.196e-04,  beta = 1,  rank(C) = 105
    Step Nº = 151/257 - SPEED MODE
      Iter Nº = 1,  NormPhi = 8.169e-08,  objfun = 4.015e-07,  normDeltaq = 7.177e-04,  beta = 0.55,  rank(C) = 105
    Step Nº = 152/257 - SPEED MODE
      Iter Nº = 1,  NormPhi = 1.005e-07,  objfun = 3.994e-07,  normDeltaq = 4.986e-04,  beta = 0.8,  rank(C) = 105
    Step Nº = 153/257 - SPEED MODE
      Iter Nº = 1,  NormPhi = 2.075e-07,  objfun = 3.839e-07,  normDeltaq = 9.012e-04,  beta = 0.35,  rank(C) = 105
    Step Nº = 154/257 - SPEED MODE
      Iter Nº = 1,  NormPhi = 3.049e-08,  objfun = 4.063e-07,  normDeltaq = 2.628e-04,  beta = 1,  rank(C) = 105
    Step Nº = 155/257 - SPEED MODE
      Iter Nº = 1,  NormPhi = 1.488e-08,  objfun = 4.129e-07,  normDeltaq = 2.481e-04,  beta = 0.85,  rank(C) = 105
    Step Nº = 156/257 - SPEED MODE
      Iter Nº = 1,  NormPhi = 6.465e-08,  objfun = 4.348e-07,  normDeltaq = 2.539e-03,  beta = 0.05,  rank(C) = 105
    Step Nº = 157/257 - SPEED MODE
      Iter Nº = 1,  NormPhi = 1.093e-07,  objfun = 3.965e-07,  normDeltaq = 7.049e-04,  beta = 0.35,  rank(C) = 105
    Step Nº = 158/257 - SPEED MODE
      Iter Nº = 1,  NormPhi = 1.397e-07,  objfun = 3.789e-07,  normDeltaq = 8.484e-04,  beta = 0.35,  rank(C) = 105
    Step Nº = 159/257 - SPEED MODE
      Iter Nº = 1,  NormPhi = 1.528e-08,  objfun = 3.932e-07,  normDeltaq = 1.860e-04,  beta = 1,  rank(C) = 105
    Step Nº = 160/257 - SPEED MODE
      Iter Nº = 1,  NormPhi = 1.921e-08,  objfun = 3.735e-07,  normDeltaq = 2.136e-04,  beta = 0.9,  rank(C) = 105
    Step Nº = 161/257 - SPEED MODE
      Iter Nº = 1,  NormPhi = 7.274e-08,  objfun = 4.026e-07,  normDeltaq = 8.346e-04,  beta = 0.2,  rank(C) = 105
    Step Nº = 162/257 - SPEED MODE
      Iter Nº = 1,  NormPhi = 1.527e-07,  objfun = 4.149e-07,  normDeltaq = 2.432e-03,  beta = 0.1,  rank(C) = 105
    Step Nº = 163/257 - SPEED MODE
      Iter Nº = 1,  NormPhi = 2.402e-07,  objfun = 4.090e-07,  normDeltaq = 1.045e-03,  beta = 0.3,  rank(C) = 105
    Step Nº = 164/257 - SPEED MODE
      Iter Nº = 1,  NormPhi = 7.096e-08,  objfun = 3.978e-07,  normDeltaq = 3.367e-04,  beta = 1,  rank(C) = 105
    Step Nº = 165/257 - SPEED MODE
      Iter Nº = 1,  NormPhi = 4.889e-08,  objfun = 3.955e-07,  normDeltaq = 3.189e-04,  beta = 0.9,  rank(C) = 105
    Step Nº = 166/257 - SPEED MODE
      Iter Nº = 1,  NormPhi = 6.230e-08,  objfun = 3.858e-07,  normDeltaq = 5.205e-04,  beta = 0.45,  rank(C) = 105
    Step Nº = 167/257 - SPEED MODE
      Iter Nº = 1,  NormPhi = 8.674e-08,  objfun = 4.013e-07,  normDeltaq = 9.462e-04,  beta = 0.15,  rank(C) = 105
    Step Nº = 168/257 - SPEED MODE
      Iter Nº = 1,  NormPhi = 2.966e-07,  objfun = 5.995e-07,  normDeltaq = 4.473e-03,  beta = 0.15,  rank(C) = 105
    Step Nº = 169/257 - SPEED MODE
      Iter Nº = 1,  NormPhi = 8.492e-07,  objfun = 4.095e-07,  normDeltaq = 1.819e-03,  beta = 0.4,  rank(C) = 105
    Step Nº = 170/257 - SPEED MODE
      Iter Nº = 1,  NormPhi = 5.896e-07,  objfun = 3.923e-07,  normDeltaq = 1.123e-03,  beta = 1,  rank(C) = 105
    Step Nº = 171/257 - SPEED MODE
      Iter Nº = 1,  NormPhi = 5.775e-07,  objfun = 3.846e-07,  normDeltaq = 1.165e-03,  beta = 1,  rank(C) = 105
    Step Nº = 172/257 - SPEED MODE
      Iter Nº = 1,  NormPhi = 2.595e-07,  objfun = 3.870e-07,  normDeltaq = 6.903e-04,  beta = 0.9,  rank(C) = 105
    Step Nº = 173/257 - SPEED MODE
      Iter Nº = 1,  NormPhi = 7.844e-08,  objfun = 3.943e-07,  normDeltaq = 3.889e-04,  beta = 1,  rank(C) = 105
    Step Nº = 174/257 - SPEED MODE
      Iter Nº = 1,  NormPhi = 1.007e-07,  objfun = 3.986e-07,  normDeltaq = 6.635e-04,  beta = 0.5,  rank(C) = 105
    Step Nº = 175/257 - SPEED MODE
      Iter Nº = 1,  NormPhi = 3.369e-08,  objfun = 3.877e-07,  normDeltaq = 2.906e-04,  beta = 1,  rank(C) = 105
    Step Nº = 176/257 - SPEED MODE
      Iter Nº = 1,  NormPhi = 7.403e-08,  objfun = 3.856e-07,  normDeltaq = 5.163e-04,  beta = 0.4,  rank(C) = 105
    Step Nº = 177/257 - SPEED MODE
      Iter Nº = 1,  NormPhi = 1.086e-07,  objfun = 3.937e-07,  normDeltaq = 6.340e-04,  beta = 0.55,  rank(C) = 105
    Step Nº = 178/257 - SPEED MODE
      Iter Nº = 1,  NormPhi = 6.457e-08,  objfun = 3.886e-07,  normDeltaq = 3.493e-04,  beta = 1,  rank(C) = 105
    Step Nº = 179/257 - SPEED MODE
      Iter Nº = 1,  NormPhi = 7.148e-08,  objfun = 3.969e-07,  normDeltaq = 5.810e-04,  beta = 0.5,  rank(C) = 105
    Step Nº = 180/257 - SPEED MODE
      Iter Nº = 1,  NormPhi = 1.102e-07,  objfun = 4.035e-07,  normDeltaq = 7.147e-04,  beta = 0.4,  rank(C) = 105
    Step Nº = 181/257 - SPEED MODE
      Iter Nº = 1,  NormPhi = 9.711e-08,  objfun = 3.844e-07,  normDeltaq = 5.000e-04,  beta = 0.8,  rank(C) = 105
    Step Nº = 182/257 - SPEED MODE
      Iter Nº = 1,  NormPhi = 9.830e-08,  objfun = 3.924e-07,  normDeltaq = 5.270e-04,  beta = 0.75,  rank(C) = 105
    Step Nº = 183/257 - SPEED MODE
      Iter Nº = 1,  NormPhi = 8.914e-08,  objfun = 3.976e-07,  normDeltaq = 3.993e-04,  beta = 0.8,  rank(C) = 105
    Step Nº = 184/257 - SPEED MODE
      Iter Nº = 1,  NormPhi = 6.080e-08,  objfun = 3.734e-07,  normDeltaq = 3.168e-04,  beta = 0.95,  rank(C) = 105
    Step Nº = 185/257 - SPEED MODE
      Iter Nº = 1,  NormPhi = 7.253e-08,  objfun = 4.350e-07,  normDeltaq = 5.344e-04,  beta = 0.45,  rank(C) = 105
    Step Nº = 186/257 - SPEED MODE
      Iter Nº = 1,  NormPhi = 7.002e-08,  objfun = 3.946e-07,  normDeltaq = 4.054e-04,  beta = 0.6,  rank(C) = 105
    Step Nº = 187/257 - SPEED MODE
      Iter Nº = 1,  NormPhi = 2.108e-08,  objfun = 3.726e-07,  normDeltaq = 2.344e-04,  beta = 1,  rank(C) = 105
    Step Nº = 188/257 - SPEED MODE
      Iter Nº = 1,  NormPhi = 4.936e-08,  objfun = 4.276e-07,  normDeltaq = 7.414e-04,  beta = 0.25,  rank(C) = 105
    Step Nº = 189/257 - SPEED MODE
      Iter Nº = 1,  NormPhi = 6.399e-08,  objfun = 4.495e-07,  normDeltaq = 6.004e-04,  beta = 0.4,  rank(C) = 105
    Step Nº = 190/257 - SPEED MODE
      Iter Nº = 1,  NormPhi = 4.665e-07,  objfun = 6.659e-07,  normDeltaq = 4.721e-03,  beta = 0.2,  rank(C) = 105
    Step Nº = 191/257 - SPEED MODE
      Iter Nº = 1,  NormPhi = 1.608e-06,  objfun = 4.375e-07,  normDeltaq = 3.024e-03,  beta = 0.3,  rank(C) = 105
      Iter Nº = 2,  NormPhi = 1.256e-06,  objfun = 4.267e-07,  normDeltaq = 2.115e-03,  beta = 0.45,  rank(C) = 105
      Iter Nº = 3,  NormPhi = 5.551e-07,  objfun = 4.220e-07,  normDeltaq = 1.161e-03,  beta = 1,  rank(C) = 105
    Step Nº = 192/257 - SPEED MODE
      Iter Nº = 1,  NormPhi = 2.925e-06,  objfun = 4.202e-07,  normDeltaq = 3.189e-03,  beta = 0.5,  rank(C) = 105
      Iter Nº = 2,  NormPhi = 1.020e-06,  objfun = 4.123e-07,  normDeltaq = 1.591e-03,  beta = 1,  rank(C) = 105
      Iter Nº = 3,  NormPhi = 5.072e-12,  objfun = 4.123e-07,  normDeltaq = 3.532e-06,  beta = 1,  rank(C) = 105
    Step Nº = 193/257 - SPEED MODE
      Iter Nº = 1,  NormPhi = 6.613e-07,  objfun = 4.269e-07,  normDeltaq = 1.699e-03,  beta = 0.35,  rank(C) = 105
    Step Nº = 194/257 - SPEED MODE
      Iter Nº = 1,  NormPhi = 1.357e-06,  objfun = 4.377e-07,  normDeltaq = 2.309e-03,  beta = 0.45,  rank(C) = 105
      Iter Nº = 2,  NormPhi = 6.453e-07,  objfun = 4.301e-07,  normDeltaq = 1.267e-03,  beta = 1,  rank(C) = 105
    Step Nº = 195/257 - SPEED MODE
      Iter Nº = 1,  NormPhi = 1.877e-06,  objfun = 4.315e-07,  normDeltaq = 2.315e-03,  beta = 0.65,  rank(C) = 105
      Iter Nº = 2,  NormPhi = 2.596e-07,  objfun = 4.287e-07,  normDeltaq = 8.065e-04,  beta = 1,  rank(C) = 105
    Step Nº = 196/257 - SPEED MODE
      Iter Nº = 1,  NormPhi = 2.913e-07,  objfun = 4.439e-07,  normDeltaq = 1.536e-03,  beta = 0.2,  rank(C) = 105
    Step Nº = 197/257 - SPEED MODE
      Iter Nº = 1,  NormPhi = 2.934e-07,  objfun = 4.284e-07,  normDeltaq = 8.975e-04,  beta = 0.75,  rank(C) = 105
    Step Nº = 198/257 - SPEED MODE
      Iter Nº = 1,  NormPhi = 2.312e-07,  objfun = 4.253e-07,  normDeltaq = 7.844e-04,  beta = 0.7,  rank(C) = 105
    Step Nº = 199/257 - SPEED MODE
      Iter Nº = 1,  NormPhi = 2.947e-07,  objfun = 4.266e-07,  normDeltaq = 8.596e-04,  beta = 1,  rank(C) = 105
    Step Nº = 200/257 - SPEED MODE
      Iter Nº = 1,  NormPhi = 2.077e-07,  objfun = 4.043e-07,  normDeltaq = 6.880e-04,  beta = 0.9,  rank(C) = 105
    Step Nº = 201/257 - SPEED MODE
      Iter Nº = 1,  NormPhi = 2.013e-07,  objfun = 4.182e-07,  normDeltaq = 7.059e-04,  beta = 0.8,  rank(C) = 105
    Step Nº = 202/257 - SPEED MODE
      Iter Nº = 1,  NormPhi = 7.640e-08,  objfun = 4.236e-07,  normDeltaq = 4.047e-04,  beta = 1,  rank(C) = 105
    Step Nº = 203/257 - SPEED MODE
      Iter Nº = 1,  NormPhi = 5.460e-08,  objfun = 4.039e-07,  normDeltaq = 4.148e-04,  beta = 0.7,  rank(C) = 105
    Step Nº = 204/257 - SPEED MODE
      Iter Nº = 1,  NormPhi = 6.563e-08,  objfun = 4.779e-07,  normDeltaq = 4.124e-04,  beta = 0.6,  rank(C) = 105
    Step Nº = 205/257 - SPEED MODE
      Iter Nº = 1,  NormPhi = 6.406e-08,  objfun = 4.415e-07,  normDeltaq = 3.893e-04,  beta = 0.75,  rank(C) = 105
    Step Nº = 206/257 - SPEED MODE
      Iter Nº = 1,  NormPhi = 2.082e-07,  objfun = 4.621e-07,  normDeltaq = 1.337e-03,  beta = 0.2,  rank(C) = 105
    Step Nº = 207/257 - SPEED MODE
      Iter Nº = 1,  NormPhi = 3.157e-07,  objfun = 4.192e-07,  normDeltaq = 1.085e-03,  beta = 0.45,  rank(C) = 105
    Step Nº = 208/257 - SPEED MODE
      Iter Nº = 1,  NormPhi = 2.888e-07,  objfun = 4.507e-07,  normDeltaq = 8.525e-04,  beta = 0.95,  rank(C) = 105
    Step Nº = 209/257 - SPEED MODE
      Iter Nº = 1,  NormPhi = 3.201e-07,  objfun = 4.436e-07,  normDeltaq = 9.656e-04,  beta = 0.65,  rank(C) = 105
    Step Nº = 210/257 - SPEED MODE
      Iter Nº = 1,  NormPhi = 1.169e-07,  objfun = 4.217e-07,  normDeltaq = 5.400e-04,  beta = 1,  rank(C) = 105
    Step Nº = 211/257 - SPEED MODE
      Iter Nº = 1,  NormPhi = 2.548e-07,  objfun = 4.367e-07,  normDeltaq = 8.156e-04,  beta = 0.85,  rank(C) = 105
    Step Nº = 212/257 - SPEED MODE
      Iter Nº = 1,  NormPhi = 8.038e-08,  objfun = 4.398e-07,  normDeltaq = 4.589e-04,  beta = 1,  rank(C) = 105
    Step Nº = 213/257 - SPEED MODE
      Iter Nº = 1,  NormPhi = 8.622e-08,  objfun = 4.368e-07,  normDeltaq = 9.823e-04,  beta = 0.2,  rank(C) = 105
    Step Nº = 214/257 - SPEED MODE
      Iter Nº = 1,  NormPhi = 6.708e-08,  objfun = 4.384e-07,  normDeltaq = 4.660e-04,  beta = 0.8,  rank(C) = 105
    Step Nº = 215/257 - SPEED MODE
      Iter Nº = 1,  NormPhi = 8.731e-08,  objfun = 4.120e-07,  normDeltaq = 4.242e-04,  beta = 0.8,  rank(C) = 105
    Step Nº = 216/257 - SPEED MODE
      Iter Nº = 1,  NormPhi = 7.217e-08,  objfun = 4.265e-07,  normDeltaq = 3.326e-04,  beta = 1,  rank(C) = 105
    Step Nº = 217/257 - SPEED MODE
      Iter Nº = 1,  NormPhi = 1.308e-07,  objfun = 4.297e-07,  normDeltaq = 8.736e-04,  beta = 0.35,  rank(C) = 105
    Step Nº = 218/257 - SPEED MODE
      Iter Nº = 1,  NormPhi = 1.569e-07,  objfun = 4.531e-07,  normDeltaq = 6.604e-04,  beta = 0.55,  rank(C) = 105
    Step Nº = 219/257 - SPEED MODE
      Iter Nº = 1,  NormPhi = 1.238e-07,  objfun = 4.203e-07,  normDeltaq = 4.875e-04,  beta = 0.95,  rank(C) = 105
    Step Nº = 220/257 - SPEED MODE
      Iter Nº = 1,  NormPhi = 2.221e-07,  objfun = 4.153e-07,  normDeltaq = 7.061e-04,  beta = 0.85,  rank(C) = 105
    Step Nº = 221/257 - SPEED MODE
      Iter Nº = 1,  NormPhi = 1.210e-07,  objfun = 3.839e-07,  normDeltaq = 5.210e-04,  beta = 1,  rank(C) = 105
    Step Nº = 222/257 - SPEED MODE
      Iter Nº = 1,  NormPhi = 5.355e-07,  objfun = 6.326e-07,  normDeltaq = 4.632e-03,  beta = 0.2,  rank(C) = 105
    Step Nº = 223/257 - SPEED MODE
      Iter Nº = 1,  NormPhi = 1.298e-06,  objfun = 4.538e-07,  normDeltaq = 2.315e-03,  beta = 0.45,  rank(C) = 105
      Iter Nº = 2,  NormPhi = 6.397e-07,  objfun = 4.417e-07,  normDeltaq = 1.271e-03,  beta = 0.95,  rank(C) = 105
    Step Nº = 224/257 - SPEED MODE
      Iter Nº = 1,  NormPhi = 1.144e-06,  objfun = 4.211e-07,  normDeltaq = 1.698e-03,  beta = 0.95,  rank(C) = 105
      Iter Nº = 2,  NormPhi = 2.667e-09,  objfun = 4.211e-07,  normDeltaq = 8.192e-05,  beta = 1,  rank(C) = 105
    Step Nº = 225/257 - SPEED MODE
      Iter Nº = 1,  NormPhi = 8.891e-08,  objfun = 4.280e-07,  normDeltaq = 9.113e-04,  beta = 0.7,  rank(C) = 105
    Step Nº = 226/257 - SPEED MODE
      Iter Nº = 1,  NormPhi = 2.622e-08,  objfun = 4.249e-07,  normDeltaq = 2.323e-04,  beta = 1,  rank(C) = 105
    Step Nº = 227/257 - SPEED MODE
      Iter Nº = 1,  NormPhi = 9.241e-08,  objfun = 4.224e-07,  normDeltaq = 5.383e-04,  beta = 0.65,  rank(C) = 105
    Step Nº = 228/257 - SPEED MODE
      Iter Nº = 1,  NormPhi = 1.116e-07,  objfun = 4.195e-07,  normDeltaq = 5.319e-04,  beta = 0.9,  rank(C) = 105
    Step Nº = 229/257 - SPEED MODE
      Iter Nº = 1,  NormPhi = 1.916e-07,  objfun = 4.346e-07,  normDeltaq = 8.507e-04,  beta = 0.45,  rank(C) = 105
    Step Nº = 230/257 - SPEED MODE
      Iter Nº = 1,  NormPhi = 1.063e-07,  objfun = 4.292e-07,  normDeltaq = 5.130e-04,  beta = 1,  rank(C) = 105
    Step Nº = 231/257 - SPEED MODE
      Iter Nº = 1,  NormPhi = 2.067e-07,  objfun = 4.124e-07,  normDeltaq = 9.462e-04,  beta = 0.4,  rank(C) = 105
    Step Nº = 232/257 - SPEED MODE
      Iter Nº = 1,  NormPhi = 2.202e-07,  objfun = 4.248e-07,  normDeltaq = 7.477e-04,  beta = 0.65,  rank(C) = 105
    Step Nº = 233/257 - SPEED MODE
      Iter Nº = 1,  NormPhi = 1.472e-07,  objfun = 4.171e-07,  normDeltaq = 6.151e-04,  beta = 0.95,  rank(C) = 105
    Step Nº = 234/257 - SPEED MODE
      Iter Nº = 1,  NormPhi = 1.768e-07,  objfun = 4.189e-07,  normDeltaq = 8.182e-04,  beta = 0.45,  rank(C) = 105
    Step Nº = 235/257 - SPEED MODE
      Iter Nº = 1,  NormPhi = 1.291e-07,  objfun = 4.090e-07,  normDeltaq = 5.650e-04,  beta = 0.9,  rank(C) = 105
    Step Nº = 236/257 - SPEED MODE
      Iter Nº = 1,  NormPhi = 2.396e-07,  objfun = 4.915e-07,  normDeltaq = 1.031e-03,  beta = 0.35,  rank(C) = 105
    Step Nº = 237/257 - SPEED MODE
      Iter Nº = 1,  NormPhi = 2.286e-07,  objfun = 4.111e-07,  normDeltaq = 7.398e-04,  beta = 0.75,  rank(C) = 105
    Step Nº = 238/257 - SPEED MODE
      Iter Nº = 1,  NormPhi = 1.053e-07,  objfun = 4.162e-07,  normDeltaq = 4.207e-04,  beta = 1,  rank(C) = 105
    Step Nº = 239/257 - SPEED MODE
      Iter Nº = 1,  NormPhi = 8.522e-08,  objfun = 4.546e-07,  normDeltaq = 4.785e-04,  beta = 0.75,  rank(C) = 105
    Step Nº = 240/257 - SPEED MODE
      Iter Nº = 1,  NormPhi = 1.280e-07,  objfun = 4.586e-07,  normDeltaq = 1.083e-03,  beta = 0.2,  rank(C) = 105
    Step Nº = 241/257 - SPEED MODE
      Iter Nº = 1,  NormPhi = 1.777e-07,  objfun = 4.010e-07,  normDeltaq = 1.102e-03,  beta = 0.3,  rank(C) = 105
    Step Nº = 242/257 - SPEED MODE
      Iter Nº = 1,  NormPhi = 6.867e-08,  objfun = 4.535e-07,  normDeltaq = 3.699e-04,  beta = 1,  rank(C) = 105
    Step Nº = 243/257 - SPEED MODE
      Iter Nº = 1,  NormPhi = 1.515e-07,  objfun = 4.569e-07,  normDeltaq = 9.309e-04,  beta = 0.4,  rank(C) = 105
    Step Nº = 244/257 - SPEED MODE
      Iter Nº = 1,  NormPhi = 1.858e-07,  objfun = 4.663e-07,  normDeltaq = 6.203e-04,  beta = 0.65,  rank(C) = 105
    Step Nº = 245/257 - SPEED MODE
      Iter Nº = 1,  NormPhi = 1.063e-07,  objfun = 4.403e-07,  normDeltaq = 4.940e-04,  beta = 0.85,  rank(C) = 105
    Step Nº = 246/257 - SPEED MODE
      Iter Nº = 1,  NormPhi = 2.256e-08,  objfun = 4.598e-07,  normDeltaq = 2.385e-04,  beta = 1,  rank(C) = 105
    Step Nº = 247/257 - SPEED MODE
      Iter Nº = 1,  NormPhi = 5.777e-08,  objfun = 4.567e-07,  normDeltaq = 4.576e-04,  beta = 0.4,  rank(C) = 105
    Step Nº = 248/257 - SPEED MODE
      Iter Nº = 1,  NormPhi = 8.987e-08,  objfun = 4.489e-07,  normDeltaq = 5.955e-04,  beta = 0.45,  rank(C) = 105
    Step Nº = 249/257 - SPEED MODE
      Iter Nº = 1,  NormPhi = 8.772e-08,  objfun = 4.462e-07,  normDeltaq = 4.910e-04,  beta = 0.8,  rank(C) = 105
    Step Nº = 250/257 - SPEED MODE
      Iter Nº = 1,  NormPhi = 2.750e-07,  objfun = 4.525e-07,  normDeltaq = 8.615e-04,  beta = 0.5,  rank(C) = 105
    Step Nº = 251/257 - SPEED MODE
      Iter Nº = 1,  NormPhi = 1.190e-07,  objfun = 4.657e-07,  normDeltaq = 5.094e-04,  beta = 1,  rank(C) = 105
    Step Nº = 252/257 - SPEED MODE
      Iter Nº = 1,  NormPhi = 2.417e-07,  objfun = 5.009e-07,  normDeltaq = 1.714e-03,  beta = 0.25,  rank(C) = 105
    Step Nº = 253/257 - SPEED MODE
      Iter Nº = 1,  NormPhi = 2.680e-07,  objfun = 4.734e-07,  normDeltaq = 8.557e-04,  beta = 0.75,  rank(C) = 105
    Step Nº = 254/257 - SPEED MODE
      Iter Nº = 1,  NormPhi = 3.224e-07,  objfun = 4.623e-07,  normDeltaq = 8.967e-04,  beta = 1,  rank(C) = 105
    Step Nº = 255/257 - SPEED MODE
      Iter Nº = 1,  NormPhi = 3.086e-07,  objfun = 4.574e-07,  normDeltaq = 8.913e-04,  beta = 0.85,  rank(C) = 105
    Step Nº = 256/257 - SPEED MODE
      Iter Nº = 1,  NormPhi = 9.219e-08,  objfun = 4.482e-07,  normDeltaq = 4.356e-04,  beta = 1,  rank(C) = 105
    Step Nº = 257/257 - SPEED MODE
      Iter Nº = 1,  NormPhi = 6.685e-08,  objfun = 4.248e-07,  normDeltaq = 4.283e-04,  beta = 0.95,  rank(C) = 105

    --------------------------------------------------
     Solver convergence report. TOL = 1e-06
    --------------------------------------------------
      Error Range      Frames       Percentages
     -------------   ----------   ---------------
       < 1e-7            123           47.86
     [1e-7, 1e-6]        134           52.14
     [1e-6, 1e-5]          0            0.00
     [1e-5, 1e-4]          0            0.00
     [1e-4, 1e-3]          0            0.00
     [1e-3, 1e-2]          0            0.00
     [1e-2, 1e-1]          0            0.00
     [1e-1, 1.0 ]          0            0.00
       > 1.0               0            0.00
     Number of total iterations: 268
   IK Solver Time: 0 hour(s) 0 minute(s) and 0.91059 second(s).

   --------------------------------------
    Results files 
   --------------------------------------
    Writing reconstructed motion in COMPAMM format:
      ExpRightLeg_RightLeg_Group10_static1.pb
      ExpRightLeg_RightLeg_Group10_static1.sim
    Writing output data in COMPAMM format:
      ExpRightLeg_RightLeg_Group10_static1.pos
      ExpRightLeg_RightLeg_Group10_static1.sen
  Total Time: 0 hour(s) 0 minute(s) and 3.0769 second(s).
